{"C:\\Users\\sandu\\Desktop\\sem5\\SEP\\code\\gt-api\\testapp.js": {"path":"C:\\Users\\sandu\\Desktop\\sem5\\SEP\\code\\gt-api\\testapp.js","statementMap":{"0":{"start":{"line":1,"column":16},"end":{"line":1,"column":34}},"1":{"start":{"line":9,"column":0},"end":{"line":9,"column":27}},"2":{"start":{"line":11,"column":12},"end":{"line":11,"column":21}},"3":{"start":{"line":21,"column":0},"end":{"line":21,"column":24}},"4":{"start":{"line":22,"column":0},"end":{"line":22,"column":48}},"5":{"start":{"line":32,"column":0},"end":{"line":32,"column":53}},"6":{"start":{"line":33,"column":0},"end":{"line":33,"column":55}},"7":{"start":{"line":35,"column":0},"end":{"line":35,"column":58}},"8":{"start":{"line":36,"column":0},"end":{"line":36,"column":50}},"9":{"start":{"line":37,"column":0},"end":{"line":37,"column":52}},"10":{"start":{"line":38,"column":0},"end":{"line":38,"column":48}},"11":{"start":{"line":45,"column":0},"end":{"line":45,"column":18}}},"fnMap":{},"branchMap":{},"s":{"0":6,"1":6,"2":6,"3":6,"4":6,"5":6,"6":6,"7":6,"8":6,"9":6,"10":6,"11":6},"f":{},"b":{},"_coverageSchema":"1a1c01bbd47fc00a2c39e90264f33305004495a9","hash":"16e31417c443fa96ffd565d7d0a83a78262e9193"}
,"C:\\Users\\sandu\\Desktop\\sem5\\SEP\\code\\gt-api\\testserver.js": {"path":"C:\\Users\\sandu\\Desktop\\sem5\\SEP\\code\\gt-api\\testserver.js","statementMap":{"0":{"start":{"line":1,"column":16},"end":{"line":1,"column":36}},"1":{"start":{"line":4,"column":15},"end":{"line":4,"column":39}},"2":{"start":{"line":6,"column":0},"end":{"line":6,"column":24}}},"fnMap":{"0":{"name":"(anonymous_0)","decl":{"start":{"line":4,"column":29},"end":{"line":4,"column":30}},"loc":{"start":{"line":4,"column":35},"end":{"line":4,"column":38}},"line":4}},"branchMap":{},"s":{"0":6,"1":6,"2":6},"f":{"0":6},"b":{},"_coverageSchema":"1a1c01bbd47fc00a2c39e90264f33305004495a9","hash":"42997a1855654364e7bcbefe37b0b188991213ec"}
,"C:\\Users\\sandu\\Desktop\\sem5\\SEP\\code\\gt-api\\controllers\\indicatorsController.js": {"path":"C:\\Users\\sandu\\Desktop\\sem5\\SEP\\code\\gt-api\\controllers\\indicatorsController.js","statementMap":{"0":{"start":{"line":17,"column":4},"end":{"line":17,"column":35}},"1":{"start":{"line":18,"column":37},"end":{"line":18,"column":73}},"2":{"start":{"line":19,"column":17},"end":{"line":19,"column":42}},"3":{"start":{"line":20,"column":40},"end":{"line":20,"column":72}},"4":{"start":{"line":21,"column":21},"end":{"line":21,"column":53}},"5":{"start":{"line":22,"column":25},"end":{"line":22,"column":64}},"6":{"start":{"line":26,"column":18},"end":{"line":59,"column":2}},"7":{"start":{"line":28,"column":57},"end":{"line":28,"column":65}},"8":{"start":{"line":31,"column":1},"end":{"line":34,"column":2}},"9":{"start":{"line":32,"column":2},"end":{"line":32,"column":18}},"10":{"start":{"line":33,"column":2},"end":{"line":33,"column":47}},"11":{"start":{"line":40,"column":16},"end":{"line":40,"column":56}},"12":{"start":{"line":43,"column":16},"end":{"line":48,"column":3}},"13":{"start":{"line":53,"column":16},"end":{"line":53,"column":43}},"14":{"start":{"line":55,"column":19},"end":{"line":55,"column":43}},"15":{"start":{"line":57,"column":1},"end":{"line":57,"column":33}},"16":{"start":{"line":93,"column":1},"end":{"line":140,"column":2}},"17":{"start":{"line":95,"column":3},"end":{"line":95,"column":27}},"18":{"start":{"line":98,"column":3},"end":{"line":98,"column":27}},"19":{"start":{"line":102,"column":3},"end":{"line":102,"column":30}},"20":{"start":{"line":105,"column":3},"end":{"line":105,"column":27}},"21":{"start":{"line":110,"column":3},"end":{"line":110,"column":27}},"22":{"start":{"line":114,"column":3},"end":{"line":114,"column":28}},"23":{"start":{"line":118,"column":3},"end":{"line":118,"column":27}},"24":{"start":{"line":121,"column":3},"end":{"line":121,"column":29}},"25":{"start":{"line":125,"column":3},"end":{"line":125,"column":27}},"26":{"start":{"line":130,"column":3},"end":{"line":130,"column":26}},"27":{"start":{"line":133,"column":3},"end":{"line":133,"column":28}},"28":{"start":{"line":136,"column":3},"end":{"line":136,"column":28}},"29":{"start":{"line":139,"column":3},"end":{"line":139,"column":42}},"30":{"start":{"line":143,"column":25},"end":{"line":154,"column":1}},"31":{"start":{"line":144,"column":1},"end":{"line":144,"column":56}},"32":{"start":{"line":145,"column":1},"end":{"line":153,"column":2}},"33":{"start":{"line":146,"column":21},"end":{"line":146,"column":62}},"34":{"start":{"line":147,"column":2},"end":{"line":149,"column":58}},"35":{"start":{"line":151,"column":2},"end":{"line":151,"column":21}},"36":{"start":{"line":152,"column":2},"end":{"line":152,"column":57}},"37":{"start":{"line":156,"column":25},"end":{"line":169,"column":1}},"38":{"start":{"line":157,"column":1},"end":{"line":159,"column":2}},"39":{"start":{"line":158,"column":2},"end":{"line":158,"column":76}},"40":{"start":{"line":160,"column":1},"end":{"line":168,"column":2}},"41":{"start":{"line":161,"column":20},"end":{"line":161,"column":74}},"42":{"start":{"line":162,"column":2},"end":{"line":164,"column":58}},"43":{"start":{"line":166,"column":2},"end":{"line":166,"column":21}},"44":{"start":{"line":167,"column":2},"end":{"line":167,"column":57}},"45":{"start":{"line":171,"column":0},"end":{"line":176,"column":2}}},"fnMap":{"0":{"name":"(anonymous_0)","decl":{"start":{"line":26,"column":31},"end":{"line":26,"column":32}},"loc":{"start":{"line":26,"column":51},"end":{"line":59,"column":1}},"line":26},"1":{"name":"calculate","decl":{"start":{"line":91,"column":9},"end":{"line":91,"column":18}},"loc":{"start":{"line":91,"column":40},"end":{"line":141,"column":1}},"line":91},"2":{"name":"(anonymous_2)","decl":{"start":{"line":143,"column":25},"end":{"line":143,"column":26}},"loc":{"start":{"line":143,"column":45},"end":{"line":154,"column":1}},"line":143},"3":{"name":"(anonymous_3)","decl":{"start":{"line":156,"column":25},"end":{"line":156,"column":26}},"loc":{"start":{"line":156,"column":45},"end":{"line":169,"column":1}},"line":156}},"branchMap":{"0":{"loc":{"start":{"line":31,"column":1},"end":{"line":34,"column":2}},"type":"if","locations":[{"start":{"line":31,"column":1},"end":{"line":34,"column":2}},{"start":{},"end":{}}],"line":31},"1":{"loc":{"start":{"line":31,"column":5},"end":{"line":31,"column":61}},"type":"binary-expr","locations":[{"start":{"line":31,"column":5},"end":{"line":31,"column":14}},{"start":{"line":31,"column":18},"end":{"line":31,"column":28}},{"start":{"line":31,"column":32},"end":{"line":31,"column":35}},{"start":{"line":31,"column":39},"end":{"line":31,"column":49}},{"start":{"line":31,"column":53},"end":{"line":31,"column":61}}],"line":31},"2":{"loc":{"start":{"line":93,"column":1},"end":{"line":140,"column":2}},"type":"switch","locations":[{"start":{"line":94,"column":2},"end":{"line":95,"column":27}},{"start":{"line":97,"column":2},"end":{"line":98,"column":27}},{"start":{"line":101,"column":2},"end":{"line":102,"column":30}},{"start":{"line":104,"column":2},"end":{"line":105,"column":27}},{"start":{"line":109,"column":2},"end":{"line":110,"column":27}},{"start":{"line":113,"column":2},"end":{"line":114,"column":28}},{"start":{"line":117,"column":2},"end":{"line":118,"column":27}},{"start":{"line":120,"column":2},"end":{"line":121,"column":29}},{"start":{"line":124,"column":2},"end":{"line":125,"column":27}},{"start":{"line":129,"column":2},"end":{"line":130,"column":26}},{"start":{"line":132,"column":2},"end":{"line":133,"column":28}},{"start":{"line":135,"column":2},"end":{"line":136,"column":28}},{"start":{"line":138,"column":2},"end":{"line":139,"column":42}}],"line":93},"3":{"loc":{"start":{"line":147,"column":2},"end":{"line":149,"column":57}},"type":"cond-expr","locations":[{"start":{"line":148,"column":3},"end":{"line":148,"column":64}},{"start":{"line":149,"column":3},"end":{"line":149,"column":57}}],"line":147},"4":{"loc":{"start":{"line":157,"column":1},"end":{"line":159,"column":2}},"type":"if","locations":[{"start":{"line":157,"column":1},"end":{"line":159,"column":2}},{"start":{},"end":{}}],"line":157},"5":{"loc":{"start":{"line":162,"column":2},"end":{"line":164,"column":57}},"type":"cond-expr","locations":[{"start":{"line":163,"column":3},"end":{"line":163,"column":63}},{"start":{"line":164,"column":3},"end":{"line":164,"column":57}}],"line":162}},"s":{"0":7,"1":7,"2":7,"3":7,"4":7,"5":7,"6":7,"7":2,"8":2,"9":1,"10":1,"11":1,"12":1,"13":1,"14":1,"15":1,"16":14,"17":1,"18":1,"19":1,"20":1,"21":1,"22":1,"23":1,"24":1,"25":1,"26":1,"27":1,"28":2,"29":1,"30":7,"31":1,"32":1,"33":1,"34":1,"35":0,"36":0,"37":7,"38":2,"39":0,"40":2,"41":2,"42":2,"43":0,"44":0,"45":7},"f":{"0":2,"1":14,"2":1,"3":2},"b":{"0":[1,1],"1":[2,2,2,1,1],"2":[1,1,1,1,1,1,1,1,1,1,1,2,1],"3":[1,0],"4":[0,2],"5":[1,1]},"_coverageSchema":"1a1c01bbd47fc00a2c39e90264f33305004495a9","hash":"0cbda076f3809ee69137604d7c428b21ad992df9"}
,"C:\\Users\\sandu\\Desktop\\sem5\\SEP\\code\\gt-api\\controllers\\providerController.js": {"path":"C:\\Users\\sandu\\Desktop\\sem5\\SEP\\code\\gt-api\\controllers\\providerController.js","statementMap":{"0":{"start":{"line":2,"column":24},"end":{"line":2,"column":62}},"1":{"start":{"line":4,"column":35},"end":{"line":12,"column":1}},"2":{"start":{"line":5,"column":19},"end":{"line":5,"column":69}},"3":{"start":{"line":6,"column":1},"end":{"line":11,"column":4}},"4":{"start":{"line":14,"column":37},"end":{"line":31,"column":1}},"5":{"start":{"line":15,"column":22},"end":{"line":15,"column":46}},"6":{"start":{"line":18,"column":18},"end":{"line":18,"column":82}},"7":{"start":{"line":19,"column":1},"end":{"line":23,"column":4}},"8":{"start":{"line":19,"column":16},"end":{"line":23,"column":4}},"9":{"start":{"line":25,"column":1},"end":{"line":30,"column":4}},"10":{"start":{"line":33,"column":48},"end":{"line":50,"column":1}},"11":{"start":{"line":34,"column":22},"end":{"line":34,"column":46}},"12":{"start":{"line":36,"column":18},"end":{"line":36,"column":82}},"13":{"start":{"line":38,"column":1},"end":{"line":40,"column":2}},"14":{"start":{"line":39,"column":2},"end":{"line":39,"column":31}},"15":{"start":{"line":42,"column":14},"end":{"line":42,"column":16}},"16":{"start":{"line":43,"column":1},"end":{"line":43,"column":50}},"17":{"start":{"line":44,"column":17},"end":{"line":46,"column":3}},"18":{"start":{"line":45,"column":2},"end":{"line":45,"column":24}},"19":{"start":{"line":47,"column":1},"end":{"line":47,"column":27}},"20":{"start":{"line":49,"column":1},"end":{"line":49,"column":35}},"21":{"start":{"line":52,"column":0},"end":{"line":52,"column":64}},"22":{"start":{"line":53,"column":0},"end":{"line":53,"column":68}},"23":{"start":{"line":54,"column":0},"end":{"line":54,"column":90}}},"fnMap":{"0":{"name":"(anonymous_0)","decl":{"start":{"line":4,"column":35},"end":{"line":4,"column":36}},"loc":{"start":{"line":4,"column":54},"end":{"line":12,"column":1}},"line":4},"1":{"name":"(anonymous_1)","decl":{"start":{"line":14,"column":37},"end":{"line":14,"column":38}},"loc":{"start":{"line":14,"column":56},"end":{"line":31,"column":1}},"line":14},"2":{"name":"(anonymous_2)","decl":{"start":{"line":33,"column":48},"end":{"line":33,"column":49}},"loc":{"start":{"line":33,"column":68},"end":{"line":50,"column":1}},"line":33},"3":{"name":"(anonymous_3)","decl":{"start":{"line":44,"column":38},"end":{"line":44,"column":39}},"loc":{"start":{"line":44,"column":43},"end":{"line":46,"column":2}},"line":44}},"branchMap":{"0":{"loc":{"start":{"line":19,"column":1},"end":{"line":23,"column":4}},"type":"if","locations":[{"start":{"line":19,"column":1},"end":{"line":23,"column":4}},{"start":{},"end":{}}],"line":19},"1":{"loc":{"start":{"line":38,"column":1},"end":{"line":40,"column":2}},"type":"if","locations":[{"start":{"line":38,"column":1},"end":{"line":40,"column":2}},{"start":{},"end":{}}],"line":38}},"s":{"0":6,"1":6,"2":1,"3":1,"4":6,"5":2,"6":2,"7":2,"8":2,"9":0,"10":6,"11":2,"12":2,"13":2,"14":1,"15":1,"16":1,"17":1,"18":73,"19":1,"20":1,"21":6,"22":6,"23":6},"f":{"0":1,"1":2,"2":2,"3":73},"b":{"0":[2,0],"1":[1,1]},"_coverageSchema":"1a1c01bbd47fc00a2c39e90264f33305004495a9","hash":"9a7237f3eb001522a5ad916262b35749839be4a6"}
,"C:\\Users\\sandu\\Desktop\\sem5\\SEP\\code\\gt-api\\controllers\\symbolController.js": {"path":"C:\\Users\\sandu\\Desktop\\sem5\\SEP\\code\\gt-api\\controllers\\symbolController.js","statementMap":{"0":{"start":{"line":1,"column":23},"end":{"line":1,"column":59}},"1":{"start":{"line":3,"column":35},"end":{"line":11,"column":1}},"2":{"start":{"line":4,"column":17},"end":{"line":4,"column":66}},"3":{"start":{"line":5,"column":1},"end":{"line":10,"column":4}},"4":{"start":{"line":13,"column":31},"end":{"line":29,"column":1}},"5":{"start":{"line":14,"column":20},"end":{"line":14,"column":42}},"6":{"start":{"line":15,"column":1},"end":{"line":19,"column":4}},"7":{"start":{"line":15,"column":18},"end":{"line":19,"column":4}},"8":{"start":{"line":21,"column":17},"end":{"line":21,"column":72}},"9":{"start":{"line":23,"column":1},"end":{"line":28,"column":4}},"10":{"start":{"line":31,"column":0},"end":{"line":31,"column":64}},"11":{"start":{"line":32,"column":0},"end":{"line":32,"column":56}}},"fnMap":{"0":{"name":"(anonymous_0)","decl":{"start":{"line":3,"column":35},"end":{"line":3,"column":36}},"loc":{"start":{"line":3,"column":55},"end":{"line":11,"column":1}},"line":3},"1":{"name":"(anonymous_1)","decl":{"start":{"line":13,"column":31},"end":{"line":13,"column":32}},"loc":{"start":{"line":13,"column":51},"end":{"line":29,"column":1}},"line":13}},"branchMap":{"0":{"loc":{"start":{"line":15,"column":1},"end":{"line":19,"column":4}},"type":"if","locations":[{"start":{"line":15,"column":1},"end":{"line":19,"column":4}},{"start":{},"end":{}}],"line":15}},"s":{"0":6,"1":6,"2":1,"3":1,"4":6,"5":1,"6":1,"7":0,"8":1,"9":1,"10":6,"11":6},"f":{"0":1,"1":1},"b":{"0":[0,1]},"_coverageSchema":"1a1c01bbd47fc00a2c39e90264f33305004495a9","hash":"16b6219ac7acf3fef8c85174214fcd701f825e87"}
,"C:\\Users\\sandu\\Desktop\\sem5\\SEP\\code\\gt-api\\controllers\\tradingDataController.js": {"path":"C:\\Users\\sandu\\Desktop\\sem5\\SEP\\code\\gt-api\\controllers\\tradingDataController.js","statementMap":{"0":{"start":{"line":1,"column":27},"end":{"line":1,"column":68}},"1":{"start":{"line":2,"column":38},"end":{"line":2,"column":75}},"2":{"start":{"line":4,"column":20},"end":{"line":18,"column":1}},"3":{"start":{"line":6,"column":24},"end":{"line":6,"column":91}},"4":{"start":{"line":7,"column":1},"end":{"line":7,"column":81}},"5":{"start":{"line":7,"column":12},"end":{"line":7,"column":81}},"6":{"start":{"line":9,"column":40},"end":{"line":9,"column":45}},"7":{"start":{"line":11,"column":17},"end":{"line":11,"column":84}},"8":{"start":{"line":13,"column":1},"end":{"line":17,"column":2}},"9":{"start":{"line":14,"column":2},"end":{"line":14,"column":32}},"10":{"start":{"line":16,"column":2},"end":{"line":16,"column":91}},"11":{"start":{"line":20,"column":0},"end":{"line":22,"column":2}}},"fnMap":{"0":{"name":"(anonymous_0)","decl":{"start":{"line":4,"column":20},"end":{"line":4,"column":21}},"loc":{"start":{"line":4,"column":40},"end":{"line":18,"column":1}},"line":4}},"branchMap":{"0":{"loc":{"start":{"line":7,"column":1},"end":{"line":7,"column":81}},"type":"if","locations":[{"start":{"line":7,"column":1},"end":{"line":7,"column":81}},{"start":{},"end":{}}],"line":7},"1":{"loc":{"start":{"line":13,"column":1},"end":{"line":17,"column":2}},"type":"if","locations":[{"start":{"line":13,"column":1},"end":{"line":17,"column":2}},{"start":{"line":15,"column":7},"end":{"line":17,"column":2}}],"line":13}},"s":{"0":6,"1":6,"2":6,"3":2,"4":2,"5":1,"6":1,"7":1,"8":1,"9":1,"10":0,"11":6},"f":{"0":2},"b":{"0":[1,1],"1":[1,0]},"_coverageSchema":"1a1c01bbd47fc00a2c39e90264f33305004495a9","hash":"5cc1893ff1a0fc8f5a2cdd7083473187e27ae5ae"}
,"C:\\Users\\sandu\\Desktop\\sem5\\SEP\\code\\gt-api\\controllers\\userController.js": {"path":"C:\\Users\\sandu\\Desktop\\sem5\\SEP\\code\\gt-api\\controllers\\userController.js","statementMap":{"0":{"start":{"line":1,"column":21},"end":{"line":1,"column":53}},"1":{"start":{"line":2,"column":15},"end":{"line":2,"column":34}},"2":{"start":{"line":3,"column":12},"end":{"line":3,"column":35}},"3":{"start":{"line":5,"column":17},"end":{"line":5,"column":42}},"4":{"start":{"line":10,"column":21},"end":{"line":52,"column":2}},"5":{"start":{"line":11,"column":75},"end":{"line":11,"column":83}},"6":{"start":{"line":14,"column":1},"end":{"line":17,"column":2}},"7":{"start":{"line":15,"column":2},"end":{"line":15,"column":18}},"8":{"start":{"line":16,"column":2},"end":{"line":16,"column":47}},"9":{"start":{"line":20,"column":20},"end":{"line":20,"column":49}},"10":{"start":{"line":22,"column":1},"end":{"line":25,"column":2}},"11":{"start":{"line":23,"column":2},"end":{"line":23,"column":18}},"12":{"start":{"line":24,"column":2},"end":{"line":24,"column":40}},"13":{"start":{"line":28,"column":14},"end":{"line":28,"column":38}},"14":{"start":{"line":29,"column":24},"end":{"line":29,"column":57}},"15":{"start":{"line":32,"column":1},"end":{"line":40,"column":4}},"16":{"start":{"line":43,"column":1},"end":{"line":45,"column":4}},"17":{"start":{"line":57,"column":18},"end":{"line":76,"column":2}},"18":{"start":{"line":58,"column":29},"end":{"line":58,"column":37}},"19":{"start":{"line":60,"column":14},"end":{"line":60,"column":43}},"20":{"start":{"line":63,"column":1},"end":{"line":75,"column":2}},"21":{"start":{"line":64,"column":2},"end":{"line":71,"column":5}},"22":{"start":{"line":73,"column":2},"end":{"line":73,"column":18}},"23":{"start":{"line":74,"column":2},"end":{"line":74,"column":41}},"24":{"start":{"line":81,"column":19},"end":{"line":99,"column":2}},"25":{"start":{"line":82,"column":27},"end":{"line":82,"column":35}},"26":{"start":{"line":84,"column":1},"end":{"line":87,"column":2}},"27":{"start":{"line":85,"column":2},"end":{"line":85,"column":18}},"28":{"start":{"line":86,"column":2},"end":{"line":86,"column":47}},"29":{"start":{"line":89,"column":17},"end":{"line":89,"column":74}},"30":{"start":{"line":92,"column":1},"end":{"line":95,"column":4}},"31":{"start":{"line":105,"column":14},"end":{"line":114,"column":2}},"32":{"start":{"line":106,"column":14},"end":{"line":112,"column":2}},"33":{"start":{"line":113,"column":1},"end":{"line":113,"column":28}},"34":{"start":{"line":117,"column":22},"end":{"line":121,"column":1}},"35":{"start":{"line":118,"column":1},"end":{"line":120,"column":4}},"36":{"start":{"line":124,"column":29},"end":{"line":128,"column":1}},"37":{"start":{"line":125,"column":1},"end":{"line":127,"column":4}},"38":{"start":{"line":132,"column":0},"end":{"line":139,"column":2}}},"fnMap":{"0":{"name":"(anonymous_0)","decl":{"start":{"line":10,"column":34},"end":{"line":10,"column":35}},"loc":{"start":{"line":10,"column":54},"end":{"line":52,"column":1}},"line":10},"1":{"name":"(anonymous_1)","decl":{"start":{"line":57,"column":31},"end":{"line":57,"column":32}},"loc":{"start":{"line":57,"column":51},"end":{"line":76,"column":1}},"line":57},"2":{"name":"(anonymous_2)","decl":{"start":{"line":81,"column":32},"end":{"line":81,"column":33}},"loc":{"start":{"line":81,"column":52},"end":{"line":99,"column":1}},"line":81},"3":{"name":"(anonymous_3)","decl":{"start":{"line":105,"column":27},"end":{"line":105,"column":28}},"loc":{"start":{"line":105,"column":47},"end":{"line":114,"column":1}},"line":105},"4":{"name":"(anonymous_4)","decl":{"start":{"line":117,"column":22},"end":{"line":117,"column":23}},"loc":{"start":{"line":117,"column":36},"end":{"line":121,"column":1}},"line":117},"5":{"name":"(anonymous_5)","decl":{"start":{"line":124,"column":29},"end":{"line":124,"column":30}},"loc":{"start":{"line":124,"column":43},"end":{"line":128,"column":1}},"line":124}},"branchMap":{"0":{"loc":{"start":{"line":14,"column":1},"end":{"line":17,"column":2}},"type":"if","locations":[{"start":{"line":14,"column":1},"end":{"line":17,"column":2}},{"start":{},"end":{}}],"line":14},"1":{"loc":{"start":{"line":14,"column":5},"end":{"line":14,"column":67}},"type":"binary-expr","locations":[{"start":{"line":14,"column":5},"end":{"line":14,"column":16}},{"start":{"line":14,"column":20},"end":{"line":14,"column":30}},{"start":{"line":14,"column":34},"end":{"line":14,"column":40}},{"start":{"line":14,"column":44},"end":{"line":14,"column":53}},{"start":{"line":14,"column":57},"end":{"line":14,"column":67}}],"line":14},"2":{"loc":{"start":{"line":22,"column":1},"end":{"line":25,"column":2}},"type":"if","locations":[{"start":{"line":22,"column":1},"end":{"line":25,"column":2}},{"start":{},"end":{}}],"line":22},"3":{"loc":{"start":{"line":63,"column":1},"end":{"line":75,"column":2}},"type":"if","locations":[{"start":{"line":63,"column":1},"end":{"line":75,"column":2}},{"start":{"line":72,"column":8},"end":{"line":75,"column":2}}],"line":63},"4":{"loc":{"start":{"line":63,"column":5},"end":{"line":63,"column":60}},"type":"binary-expr","locations":[{"start":{"line":63,"column":5},"end":{"line":63,"column":9}},{"start":{"line":63,"column":14},"end":{"line":63,"column":59}}],"line":63},"5":{"loc":{"start":{"line":84,"column":1},"end":{"line":87,"column":2}},"type":"if","locations":[{"start":{"line":84,"column":1},"end":{"line":87,"column":2}},{"start":{},"end":{}}],"line":84}},"s":{"0":7,"1":7,"2":7,"3":7,"4":7,"5":4,"6":4,"7":1,"8":1,"9":3,"10":3,"11":1,"12":1,"13":2,"14":2,"15":2,"16":2,"17":7,"18":3,"19":3,"20":3,"21":2,"22":1,"23":1,"24":7,"25":2,"26":2,"27":1,"28":1,"29":1,"30":1,"31":7,"32":1,"33":1,"34":7,"35":4,"36":7,"37":4,"38":7},"f":{"0":4,"1":3,"2":2,"3":1,"4":4,"5":4},"b":{"0":[1,3],"1":[4,4,4,3,3],"2":[1,2],"3":[2,1],"4":[3,3],"5":[1,1]},"_coverageSchema":"1a1c01bbd47fc00a2c39e90264f33305004495a9","hash":"92762879a3ec00bf3f8e31373a8ac10c6d80edc4"}
,"C:\\Users\\sandu\\Desktop\\sem5\\SEP\\code\\gt-api\\controllers\\watchlistController.js": {"path":"C:\\Users\\sandu\\Desktop\\sem5\\SEP\\code\\gt-api\\controllers\\watchlistController.js","statementMap":{"0":{"start":{"line":1,"column":17},"end":{"line":1,"column":42}},"1":{"start":{"line":2,"column":21},"end":{"line":2,"column":53}},"2":{"start":{"line":3,"column":37},"end":{"line":3,"column":73}},"3":{"start":{"line":6,"column":17},"end":{"line":63,"column":2}},"4":{"start":{"line":8,"column":34},"end":{"line":8,"column":42}},"5":{"start":{"line":11,"column":1},"end":{"line":14,"column":2}},"6":{"start":{"line":12,"column":2},"end":{"line":12,"column":18}},"7":{"start":{"line":13,"column":2},"end":{"line":13,"column":47}},"8":{"start":{"line":16,"column":1},"end":{"line":20,"column":2}},"9":{"start":{"line":18,"column":2},"end":{"line":18,"column":18}},"10":{"start":{"line":19,"column":2},"end":{"line":19,"column":43}},"11":{"start":{"line":24,"column":14},"end":{"line":24,"column":41}},"12":{"start":{"line":26,"column":1},"end":{"line":47,"column":2}},"13":{"start":{"line":29,"column":18},"end":{"line":29,"column":38}},"14":{"start":{"line":31,"column":2},"end":{"line":42,"column":3}},"15":{"start":{"line":32,"column":3},"end":{"line":41,"column":4}},"16":{"start":{"line":36,"column":4},"end":{"line":39,"column":43}},"17":{"start":{"line":45,"column":2},"end":{"line":45,"column":58}},"18":{"start":{"line":61,"column":1},"end":{"line":61,"column":55}},"19":{"start":{"line":66,"column":20},"end":{"line":110,"column":2}},"20":{"start":{"line":68,"column":20},"end":{"line":68,"column":28}},"21":{"start":{"line":71,"column":1},"end":{"line":74,"column":2}},"22":{"start":{"line":72,"column":2},"end":{"line":72,"column":18}},"23":{"start":{"line":73,"column":2},"end":{"line":73,"column":47}},"24":{"start":{"line":76,"column":1},"end":{"line":79,"column":2}},"25":{"start":{"line":77,"column":2},"end":{"line":77,"column":18}},"26":{"start":{"line":78,"column":2},"end":{"line":78,"column":43}},"27":{"start":{"line":87,"column":14},"end":{"line":87,"column":41}},"28":{"start":{"line":95,"column":12},"end":{"line":104,"column":2}},"29":{"start":{"line":96,"column":17},"end":{"line":96,"column":51}},"30":{"start":{"line":97,"column":2},"end":{"line":101,"column":4}},"31":{"start":{"line":108,"column":1},"end":{"line":108,"column":28}},"32":{"start":{"line":113,"column":19},"end":{"line":143,"column":2}},"33":{"start":{"line":115,"column":30},"end":{"line":115,"column":38}},"34":{"start":{"line":118,"column":1},"end":{"line":121,"column":2}},"35":{"start":{"line":119,"column":2},"end":{"line":119,"column":18}},"36":{"start":{"line":120,"column":2},"end":{"line":120,"column":47}},"37":{"start":{"line":123,"column":1},"end":{"line":127,"column":2}},"38":{"start":{"line":125,"column":2},"end":{"line":125,"column":18}},"39":{"start":{"line":126,"column":2},"end":{"line":126,"column":43}},"40":{"start":{"line":135,"column":1},"end":{"line":138,"column":42}},"41":{"start":{"line":141,"column":1},"end":{"line":141,"column":52}},"42":{"start":{"line":153,"column":0},"end":{"line":157,"column":2}}},"fnMap":{"0":{"name":"(anonymous_0)","decl":{"start":{"line":6,"column":30},"end":{"line":6,"column":31}},"loc":{"start":{"line":6,"column":50},"end":{"line":63,"column":1}},"line":6},"1":{"name":"(anonymous_1)","decl":{"start":{"line":66,"column":33},"end":{"line":66,"column":34}},"loc":{"start":{"line":66,"column":53},"end":{"line":110,"column":1}},"line":66},"2":{"name":"(anonymous_2)","decl":{"start":{"line":95,"column":55},"end":{"line":95,"column":56}},"loc":{"start":{"line":95,"column":69},"end":{"line":103,"column":2}},"line":95},"3":{"name":"(anonymous_3)","decl":{"start":{"line":113,"column":32},"end":{"line":113,"column":33}},"loc":{"start":{"line":113,"column":52},"end":{"line":143,"column":1}},"line":113}},"branchMap":{"0":{"loc":{"start":{"line":11,"column":1},"end":{"line":14,"column":2}},"type":"if","locations":[{"start":{"line":11,"column":1},"end":{"line":14,"column":2}},{"start":{},"end":{}}],"line":11},"1":{"loc":{"start":{"line":11,"column":5},"end":{"line":11,"column":29}},"type":"binary-expr","locations":[{"start":{"line":11,"column":5},"end":{"line":11,"column":18}},{"start":{"line":11,"column":22},"end":{"line":11,"column":29}}],"line":11},"2":{"loc":{"start":{"line":16,"column":1},"end":{"line":20,"column":2}},"type":"if","locations":[{"start":{"line":16,"column":1},"end":{"line":20,"column":2}},{"start":{},"end":{}}],"line":16},"3":{"loc":{"start":{"line":26,"column":1},"end":{"line":47,"column":2}},"type":"if","locations":[{"start":{"line":26,"column":1},"end":{"line":47,"column":2}},{"start":{},"end":{}}],"line":26},"4":{"loc":{"start":{"line":32,"column":3},"end":{"line":41,"column":4}},"type":"if","locations":[{"start":{"line":32,"column":3},"end":{"line":41,"column":4}},{"start":{"line":35,"column":7},"end":{"line":41,"column":4}}],"line":32},"5":{"loc":{"start":{"line":71,"column":1},"end":{"line":74,"column":2}},"type":"if","locations":[{"start":{"line":71,"column":1},"end":{"line":74,"column":2}},{"start":{},"end":{}}],"line":71},"6":{"loc":{"start":{"line":76,"column":1},"end":{"line":79,"column":2}},"type":"if","locations":[{"start":{"line":76,"column":1},"end":{"line":79,"column":2}},{"start":{},"end":{}}],"line":76},"7":{"loc":{"start":{"line":118,"column":1},"end":{"line":121,"column":2}},"type":"if","locations":[{"start":{"line":118,"column":1},"end":{"line":121,"column":2}},{"start":{},"end":{}}],"line":118},"8":{"loc":{"start":{"line":118,"column":5},"end":{"line":118,"column":25}},"type":"binary-expr","locations":[{"start":{"line":118,"column":5},"end":{"line":118,"column":14}},{"start":{"line":118,"column":18},"end":{"line":118,"column":25}}],"line":118},"9":{"loc":{"start":{"line":123,"column":1},"end":{"line":127,"column":2}},"type":"if","locations":[{"start":{"line":123,"column":1},"end":{"line":127,"column":2}},{"start":{},"end":{}}],"line":123}},"s":{"0":6,"1":6,"2":6,"3":6,"4":3,"5":3,"6":1,"7":1,"8":2,"9":1,"10":1,"11":1,"12":1,"13":1,"14":1,"15":1,"16":1,"17":1,"18":0,"19":6,"20":3,"21":3,"22":1,"23":1,"24":2,"25":1,"26":1,"27":1,"28":1,"29":1,"30":1,"31":1,"32":6,"33":3,"34":3,"35":1,"36":1,"37":2,"38":1,"39":1,"40":1,"41":1,"42":6},"f":{"0":3,"1":3,"2":1,"3":3},"b":{"0":[1,2],"1":[3,2],"2":[1,1],"3":[1,0],"4":[0,1],"5":[1,2],"6":[1,1],"7":[1,2],"8":[3,2],"9":[1,1]},"_coverageSchema":"1a1c01bbd47fc00a2c39e90264f33305004495a9","hash":"02beee0f46aad9067399fe823d85ca13b6cc622d"}
,"C:\\Users\\sandu\\Desktop\\sem5\\SEP\\code\\gt-api\\helper\\indicators.js": {"path":"C:\\Users\\sandu\\Desktop\\sem5\\SEP\\code\\gt-api\\helper\\indicators.js","statementMap":{"0":{"start":{"line":2,"column":15},"end":{"line":2,"column":32}},"1":{"start":{"line":3,"column":22},"end":{"line":3,"column":37}},"2":{"start":{"line":9,"column":18},"end":{"line":9,"column":60}},"3":{"start":{"line":11,"column":18},"end":{"line":11,"column":60}},"4":{"start":{"line":14,"column":21},"end":{"line":14,"column":66}},"5":{"start":{"line":16,"column":18},"end":{"line":16,"column":60}},"6":{"start":{"line":19,"column":18},"end":{"line":19,"column":60}},"7":{"start":{"line":21,"column":19},"end":{"line":21,"column":62}},"8":{"start":{"line":23,"column":18},"end":{"line":23,"column":60}},"9":{"start":{"line":27,"column":20},"end":{"line":27,"column":64}},"10":{"start":{"line":31,"column":18},"end":{"line":31,"column":60}},"11":{"start":{"line":36,"column":17},"end":{"line":36,"column":58}},"12":{"start":{"line":38,"column":19},"end":{"line":38,"column":62}},"13":{"start":{"line":41,"column":19},"end":{"line":41,"column":62}},"14":{"start":{"line":44,"column":16},"end":{"line":59,"column":1}},"15":{"start":{"line":49,"column":12},"end":{"line":49,"column":42}},"16":{"start":{"line":49,"column":28},"end":{"line":49,"column":41}},"17":{"start":{"line":50,"column":17},"end":{"line":50,"column":43}},"18":{"start":{"line":51,"column":12},"end":{"line":51,"column":22}},"19":{"start":{"line":52,"column":14},"end":{"line":52,"column":37}},"20":{"start":{"line":53,"column":20},"end":{"line":53,"column":55}},"21":{"start":{"line":53,"column":52},"end":{"line":53,"column":54}},"22":{"start":{"line":54,"column":12},"end":{"line":54,"column":34}},"23":{"start":{"line":56,"column":1},"end":{"line":56,"column":52}},"24":{"start":{"line":56,"column":29},"end":{"line":56,"column":48}},"25":{"start":{"line":58,"column":1},"end":{"line":58,"column":13}},"26":{"start":{"line":61,"column":16},"end":{"line":73,"column":1}},"27":{"start":{"line":63,"column":12},"end":{"line":63,"column":42}},"28":{"start":{"line":63,"column":28},"end":{"line":63,"column":41}},"29":{"start":{"line":64,"column":17},"end":{"line":64,"column":43}},"30":{"start":{"line":65,"column":12},"end":{"line":65,"column":22}},"31":{"start":{"line":66,"column":14},"end":{"line":66,"column":37}},"32":{"start":{"line":67,"column":20},"end":{"line":67,"column":55}},"33":{"start":{"line":67,"column":52},"end":{"line":67,"column":54}},"34":{"start":{"line":68,"column":12},"end":{"line":68,"column":34}},"35":{"start":{"line":70,"column":1},"end":{"line":70,"column":52}},"36":{"start":{"line":70,"column":29},"end":{"line":70,"column":48}},"37":{"start":{"line":72,"column":1},"end":{"line":72,"column":13}},"38":{"start":{"line":75,"column":19},"end":{"line":92,"column":1}},"39":{"start":{"line":76,"column":12},"end":{"line":76,"column":42}},"40":{"start":{"line":76,"column":28},"end":{"line":76,"column":41}},"41":{"start":{"line":77,"column":17},"end":{"line":77,"column":48}},"42":{"start":{"line":78,"column":14},"end":{"line":78,"column":45}},"43":{"start":{"line":79,"column":20},"end":{"line":79,"column":55}},"44":{"start":{"line":79,"column":52},"end":{"line":79,"column":54}},"45":{"start":{"line":81,"column":16},"end":{"line":81,"column":46}},"46":{"start":{"line":82,"column":16},"end":{"line":82,"column":46}},"47":{"start":{"line":83,"column":16},"end":{"line":83,"column":46}},"48":{"start":{"line":85,"column":1},"end":{"line":90,"column":5}},"49":{"start":{"line":85,"column":28},"end":{"line":90,"column":2}},"50":{"start":{"line":91,"column":1},"end":{"line":91,"column":13}},"51":{"start":{"line":94,"column":16},"end":{"line":105,"column":1}},"52":{"start":{"line":95,"column":12},"end":{"line":95,"column":42}},"53":{"start":{"line":95,"column":28},"end":{"line":95,"column":41}},"54":{"start":{"line":96,"column":17},"end":{"line":96,"column":43}},"55":{"start":{"line":97,"column":12},"end":{"line":97,"column":22}},"56":{"start":{"line":98,"column":14},"end":{"line":98,"column":37}},"57":{"start":{"line":99,"column":20},"end":{"line":99,"column":55}},"58":{"start":{"line":99,"column":52},"end":{"line":99,"column":54}},"59":{"start":{"line":100,"column":12},"end":{"line":100,"column":34}},"60":{"start":{"line":102,"column":1},"end":{"line":102,"column":52}},"61":{"start":{"line":102,"column":29},"end":{"line":102,"column":48}},"62":{"start":{"line":104,"column":1},"end":{"line":104,"column":13}},"63":{"start":{"line":110,"column":16},"end":{"line":121,"column":1}},"64":{"start":{"line":111,"column":12},"end":{"line":111,"column":42}},"65":{"start":{"line":111,"column":28},"end":{"line":111,"column":41}},"66":{"start":{"line":112,"column":17},"end":{"line":112,"column":43}},"67":{"start":{"line":113,"column":12},"end":{"line":113,"column":22}},"68":{"start":{"line":114,"column":14},"end":{"line":114,"column":37}},"69":{"start":{"line":115,"column":20},"end":{"line":115,"column":55}},"70":{"start":{"line":115,"column":52},"end":{"line":115,"column":54}},"71":{"start":{"line":116,"column":12},"end":{"line":116,"column":34}},"72":{"start":{"line":118,"column":1},"end":{"line":118,"column":52}},"73":{"start":{"line":118,"column":29},"end":{"line":118,"column":48}},"74":{"start":{"line":120,"column":1},"end":{"line":120,"column":13}},"75":{"start":{"line":124,"column":17},"end":{"line":141,"column":1}},"76":{"start":{"line":125,"column":12},"end":{"line":125,"column":42}},"77":{"start":{"line":125,"column":28},"end":{"line":125,"column":41}},"78":{"start":{"line":126,"column":17},"end":{"line":126,"column":50}},"79":{"start":{"line":127,"column":14},"end":{"line":127,"column":45}},"80":{"start":{"line":128,"column":20},"end":{"line":128,"column":55}},"81":{"start":{"line":128,"column":52},"end":{"line":128,"column":54}},"82":{"start":{"line":130,"column":15},"end":{"line":130,"column":45}},"83":{"start":{"line":131,"column":15},"end":{"line":131,"column":45}},"84":{"start":{"line":132,"column":15},"end":{"line":132,"column":45}},"85":{"start":{"line":134,"column":1},"end":{"line":139,"column":5}},"86":{"start":{"line":134,"column":28},"end":{"line":139,"column":2}},"87":{"start":{"line":140,"column":1},"end":{"line":140,"column":13}},"88":{"start":{"line":144,"column":16},"end":{"line":155,"column":1}},"89":{"start":{"line":145,"column":12},"end":{"line":145,"column":42}},"90":{"start":{"line":145,"column":28},"end":{"line":145,"column":41}},"91":{"start":{"line":146,"column":17},"end":{"line":146,"column":43}},"92":{"start":{"line":147,"column":12},"end":{"line":147,"column":22}},"93":{"start":{"line":148,"column":14},"end":{"line":148,"column":37}},"94":{"start":{"line":149,"column":20},"end":{"line":149,"column":55}},"95":{"start":{"line":149,"column":52},"end":{"line":149,"column":54}},"96":{"start":{"line":150,"column":12},"end":{"line":150,"column":34}},"97":{"start":{"line":152,"column":1},"end":{"line":152,"column":52}},"98":{"start":{"line":152,"column":29},"end":{"line":152,"column":48}},"99":{"start":{"line":154,"column":1},"end":{"line":154,"column":13}},"100":{"start":{"line":157,"column":18},"end":{"line":178,"column":1}},"101":{"start":{"line":160,"column":12},"end":{"line":160,"column":41}},"102":{"start":{"line":160,"column":28},"end":{"line":160,"column":40}},"103":{"start":{"line":161,"column":12},"end":{"line":161,"column":40}},"104":{"start":{"line":161,"column":28},"end":{"line":161,"column":39}},"105":{"start":{"line":162,"column":12},"end":{"line":162,"column":42}},"106":{"start":{"line":162,"column":28},"end":{"line":162,"column":41}},"107":{"start":{"line":163,"column":17},"end":{"line":163,"column":57}},"108":{"start":{"line":164,"column":14},"end":{"line":164,"column":45}},"109":{"start":{"line":165,"column":20},"end":{"line":165,"column":55}},"110":{"start":{"line":165,"column":52},"end":{"line":165,"column":54}},"111":{"start":{"line":167,"column":17},"end":{"line":167,"column":47}},"112":{"start":{"line":168,"column":17},"end":{"line":168,"column":47}},"113":{"start":{"line":171,"column":1},"end":{"line":176,"column":5}},"114":{"start":{"line":171,"column":28},"end":{"line":176,"column":2}},"115":{"start":{"line":177,"column":1},"end":{"line":177,"column":13}},"116":{"start":{"line":180,"column":16},"end":{"line":194,"column":1}},"117":{"start":{"line":183,"column":12},"end":{"line":183,"column":42}},"118":{"start":{"line":183,"column":28},"end":{"line":183,"column":41}},"119":{"start":{"line":184,"column":12},"end":{"line":184,"column":37}},"120":{"start":{"line":184,"column":28},"end":{"line":184,"column":36}},"121":{"start":{"line":185,"column":17},"end":{"line":185,"column":45}},"122":{"start":{"line":186,"column":12},"end":{"line":186,"column":22}},"123":{"start":{"line":187,"column":14},"end":{"line":187,"column":37}},"124":{"start":{"line":188,"column":20},"end":{"line":188,"column":55}},"125":{"start":{"line":188,"column":52},"end":{"line":188,"column":54}},"126":{"start":{"line":189,"column":12},"end":{"line":189,"column":34}},"127":{"start":{"line":191,"column":1},"end":{"line":191,"column":52}},"128":{"start":{"line":191,"column":29},"end":{"line":191,"column":48}},"129":{"start":{"line":193,"column":1},"end":{"line":193,"column":13}},"130":{"start":{"line":198,"column":15},"end":{"line":210,"column":1}},"131":{"start":{"line":200,"column":12},"end":{"line":200,"column":42}},"132":{"start":{"line":200,"column":28},"end":{"line":200,"column":41}},"133":{"start":{"line":201,"column":17},"end":{"line":201,"column":42}},"134":{"start":{"line":202,"column":12},"end":{"line":202,"column":22}},"135":{"start":{"line":203,"column":14},"end":{"line":203,"column":37}},"136":{"start":{"line":204,"column":20},"end":{"line":204,"column":55}},"137":{"start":{"line":204,"column":52},"end":{"line":204,"column":54}},"138":{"start":{"line":205,"column":12},"end":{"line":205,"column":34}},"139":{"start":{"line":207,"column":1},"end":{"line":207,"column":51}},"140":{"start":{"line":207,"column":29},"end":{"line":207,"column":47}},"141":{"start":{"line":209,"column":1},"end":{"line":209,"column":13}},"142":{"start":{"line":212,"column":17},"end":{"line":224,"column":1}},"143":{"start":{"line":214,"column":12},"end":{"line":214,"column":42}},"144":{"start":{"line":214,"column":28},"end":{"line":214,"column":41}},"145":{"start":{"line":215,"column":17},"end":{"line":215,"column":44}},"146":{"start":{"line":216,"column":12},"end":{"line":216,"column":22}},"147":{"start":{"line":217,"column":14},"end":{"line":217,"column":37}},"148":{"start":{"line":218,"column":20},"end":{"line":218,"column":55}},"149":{"start":{"line":218,"column":52},"end":{"line":218,"column":54}},"150":{"start":{"line":219,"column":12},"end":{"line":219,"column":34}},"151":{"start":{"line":221,"column":1},"end":{"line":221,"column":53}},"152":{"start":{"line":221,"column":29},"end":{"line":221,"column":49}},"153":{"start":{"line":223,"column":1},"end":{"line":223,"column":13}},"154":{"start":{"line":226,"column":17},"end":{"line":239,"column":1}},"155":{"start":{"line":228,"column":12},"end":{"line":228,"column":42}},"156":{"start":{"line":228,"column":28},"end":{"line":228,"column":41}},"157":{"start":{"line":229,"column":12},"end":{"line":229,"column":37}},"158":{"start":{"line":229,"column":28},"end":{"line":229,"column":36}},"159":{"start":{"line":230,"column":17},"end":{"line":230,"column":47}},"160":{"start":{"line":231,"column":12},"end":{"line":231,"column":22}},"161":{"start":{"line":232,"column":14},"end":{"line":232,"column":37}},"162":{"start":{"line":233,"column":20},"end":{"line":233,"column":55}},"163":{"start":{"line":233,"column":52},"end":{"line":233,"column":54}},"164":{"start":{"line":234,"column":12},"end":{"line":234,"column":34}},"165":{"start":{"line":236,"column":1},"end":{"line":236,"column":53}},"166":{"start":{"line":236,"column":29},"end":{"line":236,"column":49}},"167":{"start":{"line":238,"column":1},"end":{"line":238,"column":13}},"168":{"start":{"line":245,"column":0},"end":{"line":245,"column":130}}},"fnMap":{"0":{"name":"(anonymous_0)","decl":{"start":{"line":44,"column":16},"end":{"line":44,"column":17}},"loc":{"start":{"line":44,"column":32},"end":{"line":59,"column":1}},"line":44},"1":{"name":"(anonymous_1)","decl":{"start":{"line":49,"column":21},"end":{"line":49,"column":22}},"loc":{"start":{"line":49,"column":28},"end":{"line":49,"column":41}},"line":49},"2":{"name":"(anonymous_2)","decl":{"start":{"line":53,"column":45},"end":{"line":53,"column":46}},"loc":{"start":{"line":53,"column":52},"end":{"line":53,"column":54}},"line":53},"3":{"name":"(anonymous_3)","decl":{"start":{"line":56,"column":17},"end":{"line":56,"column":18}},"loc":{"start":{"line":56,"column":29},"end":{"line":56,"column":48}},"line":56},"4":{"name":"(anonymous_4)","decl":{"start":{"line":61,"column":16},"end":{"line":61,"column":17}},"loc":{"start":{"line":61,"column":32},"end":{"line":73,"column":1}},"line":61},"5":{"name":"(anonymous_5)","decl":{"start":{"line":63,"column":21},"end":{"line":63,"column":22}},"loc":{"start":{"line":63,"column":28},"end":{"line":63,"column":41}},"line":63},"6":{"name":"(anonymous_6)","decl":{"start":{"line":67,"column":45},"end":{"line":67,"column":46}},"loc":{"start":{"line":67,"column":52},"end":{"line":67,"column":54}},"line":67},"7":{"name":"(anonymous_7)","decl":{"start":{"line":70,"column":17},"end":{"line":70,"column":18}},"loc":{"start":{"line":70,"column":29},"end":{"line":70,"column":48}},"line":70},"8":{"name":"(anonymous_8)","decl":{"start":{"line":75,"column":19},"end":{"line":75,"column":20}},"loc":{"start":{"line":75,"column":35},"end":{"line":92,"column":1}},"line":75},"9":{"name":"(anonymous_9)","decl":{"start":{"line":76,"column":21},"end":{"line":76,"column":22}},"loc":{"start":{"line":76,"column":28},"end":{"line":76,"column":41}},"line":76},"10":{"name":"(anonymous_10)","decl":{"start":{"line":79,"column":45},"end":{"line":79,"column":46}},"loc":{"start":{"line":79,"column":52},"end":{"line":79,"column":54}},"line":79},"11":{"name":"(anonymous_11)","decl":{"start":{"line":85,"column":17},"end":{"line":85,"column":18}},"loc":{"start":{"line":85,"column":28},"end":{"line":90,"column":2}},"line":85},"12":{"name":"(anonymous_12)","decl":{"start":{"line":94,"column":16},"end":{"line":94,"column":17}},"loc":{"start":{"line":94,"column":32},"end":{"line":105,"column":1}},"line":94},"13":{"name":"(anonymous_13)","decl":{"start":{"line":95,"column":21},"end":{"line":95,"column":22}},"loc":{"start":{"line":95,"column":28},"end":{"line":95,"column":41}},"line":95},"14":{"name":"(anonymous_14)","decl":{"start":{"line":99,"column":45},"end":{"line":99,"column":46}},"loc":{"start":{"line":99,"column":52},"end":{"line":99,"column":54}},"line":99},"15":{"name":"(anonymous_15)","decl":{"start":{"line":102,"column":17},"end":{"line":102,"column":18}},"loc":{"start":{"line":102,"column":29},"end":{"line":102,"column":48}},"line":102},"16":{"name":"(anonymous_16)","decl":{"start":{"line":110,"column":16},"end":{"line":110,"column":17}},"loc":{"start":{"line":110,"column":32},"end":{"line":121,"column":1}},"line":110},"17":{"name":"(anonymous_17)","decl":{"start":{"line":111,"column":21},"end":{"line":111,"column":22}},"loc":{"start":{"line":111,"column":28},"end":{"line":111,"column":41}},"line":111},"18":{"name":"(anonymous_18)","decl":{"start":{"line":115,"column":45},"end":{"line":115,"column":46}},"loc":{"start":{"line":115,"column":52},"end":{"line":115,"column":54}},"line":115},"19":{"name":"(anonymous_19)","decl":{"start":{"line":118,"column":17},"end":{"line":118,"column":18}},"loc":{"start":{"line":118,"column":29},"end":{"line":118,"column":48}},"line":118},"20":{"name":"(anonymous_20)","decl":{"start":{"line":124,"column":17},"end":{"line":124,"column":18}},"loc":{"start":{"line":124,"column":33},"end":{"line":141,"column":1}},"line":124},"21":{"name":"(anonymous_21)","decl":{"start":{"line":125,"column":21},"end":{"line":125,"column":22}},"loc":{"start":{"line":125,"column":28},"end":{"line":125,"column":41}},"line":125},"22":{"name":"(anonymous_22)","decl":{"start":{"line":128,"column":45},"end":{"line":128,"column":46}},"loc":{"start":{"line":128,"column":52},"end":{"line":128,"column":54}},"line":128},"23":{"name":"(anonymous_23)","decl":{"start":{"line":134,"column":17},"end":{"line":134,"column":18}},"loc":{"start":{"line":134,"column":28},"end":{"line":139,"column":2}},"line":134},"24":{"name":"(anonymous_24)","decl":{"start":{"line":144,"column":16},"end":{"line":144,"column":17}},"loc":{"start":{"line":144,"column":32},"end":{"line":155,"column":1}},"line":144},"25":{"name":"(anonymous_25)","decl":{"start":{"line":145,"column":21},"end":{"line":145,"column":22}},"loc":{"start":{"line":145,"column":28},"end":{"line":145,"column":41}},"line":145},"26":{"name":"(anonymous_26)","decl":{"start":{"line":149,"column":45},"end":{"line":149,"column":46}},"loc":{"start":{"line":149,"column":52},"end":{"line":149,"column":54}},"line":149},"27":{"name":"(anonymous_27)","decl":{"start":{"line":152,"column":17},"end":{"line":152,"column":18}},"loc":{"start":{"line":152,"column":29},"end":{"line":152,"column":48}},"line":152},"28":{"name":"(anonymous_28)","decl":{"start":{"line":157,"column":18},"end":{"line":157,"column":19}},"loc":{"start":{"line":157,"column":34},"end":{"line":178,"column":1}},"line":157},"29":{"name":"(anonymous_29)","decl":{"start":{"line":160,"column":21},"end":{"line":160,"column":22}},"loc":{"start":{"line":160,"column":28},"end":{"line":160,"column":40}},"line":160},"30":{"name":"(anonymous_30)","decl":{"start":{"line":161,"column":21},"end":{"line":161,"column":22}},"loc":{"start":{"line":161,"column":28},"end":{"line":161,"column":39}},"line":161},"31":{"name":"(anonymous_31)","decl":{"start":{"line":162,"column":21},"end":{"line":162,"column":22}},"loc":{"start":{"line":162,"column":28},"end":{"line":162,"column":41}},"line":162},"32":{"name":"(anonymous_32)","decl":{"start":{"line":165,"column":45},"end":{"line":165,"column":46}},"loc":{"start":{"line":165,"column":52},"end":{"line":165,"column":54}},"line":165},"33":{"name":"(anonymous_33)","decl":{"start":{"line":171,"column":17},"end":{"line":171,"column":18}},"loc":{"start":{"line":171,"column":28},"end":{"line":176,"column":2}},"line":171},"34":{"name":"(anonymous_34)","decl":{"start":{"line":180,"column":16},"end":{"line":180,"column":17}},"loc":{"start":{"line":180,"column":32},"end":{"line":194,"column":1}},"line":180},"35":{"name":"(anonymous_35)","decl":{"start":{"line":183,"column":21},"end":{"line":183,"column":22}},"loc":{"start":{"line":183,"column":28},"end":{"line":183,"column":41}},"line":183},"36":{"name":"(anonymous_36)","decl":{"start":{"line":184,"column":21},"end":{"line":184,"column":22}},"loc":{"start":{"line":184,"column":28},"end":{"line":184,"column":36}},"line":184},"37":{"name":"(anonymous_37)","decl":{"start":{"line":188,"column":45},"end":{"line":188,"column":46}},"loc":{"start":{"line":188,"column":52},"end":{"line":188,"column":54}},"line":188},"38":{"name":"(anonymous_38)","decl":{"start":{"line":191,"column":17},"end":{"line":191,"column":18}},"loc":{"start":{"line":191,"column":29},"end":{"line":191,"column":48}},"line":191},"39":{"name":"(anonymous_39)","decl":{"start":{"line":198,"column":15},"end":{"line":198,"column":16}},"loc":{"start":{"line":198,"column":31},"end":{"line":210,"column":1}},"line":198},"40":{"name":"(anonymous_40)","decl":{"start":{"line":200,"column":21},"end":{"line":200,"column":22}},"loc":{"start":{"line":200,"column":28},"end":{"line":200,"column":41}},"line":200},"41":{"name":"(anonymous_41)","decl":{"start":{"line":204,"column":45},"end":{"line":204,"column":46}},"loc":{"start":{"line":204,"column":52},"end":{"line":204,"column":54}},"line":204},"42":{"name":"(anonymous_42)","decl":{"start":{"line":207,"column":17},"end":{"line":207,"column":18}},"loc":{"start":{"line":207,"column":29},"end":{"line":207,"column":47}},"line":207},"43":{"name":"(anonymous_43)","decl":{"start":{"line":212,"column":17},"end":{"line":212,"column":18}},"loc":{"start":{"line":212,"column":33},"end":{"line":224,"column":1}},"line":212},"44":{"name":"(anonymous_44)","decl":{"start":{"line":214,"column":21},"end":{"line":214,"column":22}},"loc":{"start":{"line":214,"column":28},"end":{"line":214,"column":41}},"line":214},"45":{"name":"(anonymous_45)","decl":{"start":{"line":218,"column":45},"end":{"line":218,"column":46}},"loc":{"start":{"line":218,"column":52},"end":{"line":218,"column":54}},"line":218},"46":{"name":"(anonymous_46)","decl":{"start":{"line":221,"column":17},"end":{"line":221,"column":18}},"loc":{"start":{"line":221,"column":29},"end":{"line":221,"column":49}},"line":221},"47":{"name":"(anonymous_47)","decl":{"start":{"line":226,"column":17},"end":{"line":226,"column":18}},"loc":{"start":{"line":226,"column":33},"end":{"line":239,"column":1}},"line":226},"48":{"name":"(anonymous_48)","decl":{"start":{"line":228,"column":21},"end":{"line":228,"column":22}},"loc":{"start":{"line":228,"column":28},"end":{"line":228,"column":41}},"line":228},"49":{"name":"(anonymous_49)","decl":{"start":{"line":229,"column":21},"end":{"line":229,"column":22}},"loc":{"start":{"line":229,"column":28},"end":{"line":229,"column":36}},"line":229},"50":{"name":"(anonymous_50)","decl":{"start":{"line":233,"column":45},"end":{"line":233,"column":46}},"loc":{"start":{"line":233,"column":52},"end":{"line":233,"column":54}},"line":233},"51":{"name":"(anonymous_51)","decl":{"start":{"line":236,"column":17},"end":{"line":236,"column":18}},"loc":{"start":{"line":236,"column":29},"end":{"line":236,"column":49}},"line":236}},"branchMap":{},"s":{"0":8,"1":8,"2":8,"3":8,"4":8,"5":8,"6":8,"7":8,"8":8,"9":8,"10":8,"11":8,"12":8,"13":8,"14":8,"15":2,"16":20,"17":2,"18":2,"19":2,"20":2,"21":8,"22":2,"23":2,"24":20,"25":2,"26":8,"27":2,"28":20,"29":2,"30":2,"31":2,"32":2,"33":0,"34":2,"35":2,"36":20,"37":2,"38":8,"39":2,"40":20,"41":2,"42":2,"43":2,"44":8,"45":2,"46":2,"47":2,"48":2,"49":20,"50":2,"51":8,"52":2,"53":20,"54":2,"55":2,"56":2,"57":2,"58":4,"59":2,"60":2,"61":20,"62":2,"63":8,"64":2,"65":20,"66":2,"67":2,"68":2,"69":2,"70":6,"71":2,"72":2,"73":20,"74":2,"75":8,"76":2,"77":20,"78":2,"79":2,"80":2,"81":8,"82":2,"83":2,"84":2,"85":2,"86":20,"87":2,"88":8,"89":2,"90":20,"91":2,"92":2,"93":2,"94":2,"95":6,"96":2,"97":2,"98":20,"99":2,"100":8,"101":2,"102":20,"103":2,"104":20,"105":2,"106":20,"107":2,"108":2,"109":2,"110":8,"111":2,"112":2,"113":2,"114":20,"115":2,"116":8,"117":2,"118":20,"119":2,"120":20,"121":2,"122":2,"123":2,"124":2,"125":0,"126":2,"127":2,"128":20,"129":2,"130":8,"131":2,"132":20,"133":2,"134":2,"135":2,"136":2,"137":4,"138":2,"139":2,"140":20,"141":2,"142":8,"143":2,"144":20,"145":2,"146":2,"147":2,"148":2,"149":6,"150":2,"151":2,"152":20,"153":2,"154":8,"155":3,"156":20,"157":3,"158":20,"159":3,"160":3,"161":3,"162":3,"163":8,"164":3,"165":3,"166":20,"167":3,"168":8},"f":{"0":2,"1":20,"2":8,"3":20,"4":2,"5":20,"6":0,"7":20,"8":2,"9":20,"10":8,"11":20,"12":2,"13":20,"14":4,"15":20,"16":2,"17":20,"18":6,"19":20,"20":2,"21":20,"22":8,"23":20,"24":2,"25":20,"26":6,"27":20,"28":2,"29":20,"30":20,"31":20,"32":8,"33":20,"34":2,"35":20,"36":20,"37":0,"38":20,"39":2,"40":20,"41":4,"42":20,"43":2,"44":20,"45":6,"46":20,"47":3,"48":20,"49":20,"50":8,"51":20},"b":{},"_coverageSchema":"1a1c01bbd47fc00a2c39e90264f33305004495a9","hash":"048bb174928b6cc5543b424884944c2b4ea0302f"}
,"C:\\Users\\sandu\\Desktop\\sem5\\SEP\\code\\gt-api\\middleware\\authMiddleware.js": {"path":"C:\\Users\\sandu\\Desktop\\sem5\\SEP\\code\\gt-api\\middleware\\authMiddleware.js","statementMap":{"0":{"start":{"line":1,"column":12},"end":{"line":1,"column":35}},"1":{"start":{"line":2,"column":21},"end":{"line":2,"column":53}},"2":{"start":{"line":3,"column":17},"end":{"line":3,"column":42}},"3":{"start":{"line":5,"column":16},"end":{"line":33,"column":2}},"4":{"start":{"line":8,"column":1},"end":{"line":27,"column":2}},"5":{"start":{"line":12,"column":2},"end":{"line":26,"column":3}},"6":{"start":{"line":14,"column":3},"end":{"line":14,"column":51}},"7":{"start":{"line":16,"column":19},"end":{"line":16,"column":60}},"8":{"start":{"line":18,"column":3},"end":{"line":18,"column":66}},"9":{"start":{"line":20,"column":3},"end":{"line":20,"column":10}},"10":{"start":{"line":24,"column":3},"end":{"line":24,"column":19}},"11":{"start":{"line":25,"column":3},"end":{"line":25,"column":54}},"12":{"start":{"line":29,"column":1},"end":{"line":32,"column":2}},"13":{"start":{"line":30,"column":2},"end":{"line":30,"column":18}},"14":{"start":{"line":31,"column":2},"end":{"line":31,"column":36}},"15":{"start":{"line":35,"column":0},"end":{"line":35,"column":29}}},"fnMap":{"0":{"name":"(anonymous_0)","decl":{"start":{"line":5,"column":29},"end":{"line":5,"column":30}},"loc":{"start":{"line":5,"column":55},"end":{"line":33,"column":1}},"line":5}},"branchMap":{"0":{"loc":{"start":{"line":8,"column":1},"end":{"line":27,"column":2}},"type":"if","locations":[{"start":{"line":8,"column":1},"end":{"line":27,"column":2}},{"start":{},"end":{}}],"line":8},"1":{"loc":{"start":{"line":9,"column":2},"end":{"line":10,"column":48}},"type":"binary-expr","locations":[{"start":{"line":9,"column":2},"end":{"line":9,"column":27}},{"start":{"line":10,"column":2},"end":{"line":10,"column":48}}],"line":9},"2":{"loc":{"start":{"line":29,"column":1},"end":{"line":32,"column":2}},"type":"if","locations":[{"start":{"line":29,"column":1},"end":{"line":32,"column":2}},{"start":{},"end":{}}],"line":29}},"s":{"0":6,"1":6,"2":6,"3":6,"4":12,"5":11,"6":11,"7":11,"8":10,"9":10,"10":1,"11":1,"12":11,"13":1,"14":1,"15":6},"f":{"0":12},"b":{"0":[11,1],"1":[12,12],"2":[1,10]},"_coverageSchema":"1a1c01bbd47fc00a2c39e90264f33305004495a9","hash":"0df2766bf88eae7b1b97316df9f18d071325b8d8"}
,"C:\\Users\\sandu\\Desktop\\sem5\\SEP\\code\\gt-api\\models\\alert.js": {"path":"C:\\Users\\sandu\\Desktop\\sem5\\SEP\\code\\gt-api\\models\\alert.js","statementMap":{"0":{"start":{"line":1,"column":17},"end":{"line":1,"column":36}},"1":{"start":{"line":2,"column":0},"end":{"line":2,"column":18}},"2":{"start":{"line":4,"column":20},"end":{"line":42,"column":2}},"3":{"start":{"line":45,"column":0},"end":{"line":49,"column":3}},"4":{"start":{"line":51,"column":19},"end":{"line":51,"column":55}},"5":{"start":{"line":53,"column":0},"end":{"line":53,"column":29}},"6":{"start":{"line":54,"column":0},"end":{"line":54,"column":27}}},"fnMap":{},"branchMap":{},"s":{"0":1,"1":1,"2":1,"3":1,"4":1,"5":1,"6":1},"f":{},"b":{},"_coverageSchema":"1a1c01bbd47fc00a2c39e90264f33305004495a9","hash":"665c5e177616f75d75a2574fda430c5c1b6d6ac4"}
,"C:\\Users\\sandu\\Desktop\\sem5\\SEP\\code\\gt-api\\models\\candleStick.js": {"path":"C:\\Users\\sandu\\Desktop\\sem5\\SEP\\code\\gt-api\\models\\candleStick.js","statementMap":{"0":{"start":{"line":1,"column":17},"end":{"line":1,"column":36}},"1":{"start":{"line":3,"column":21},"end":{"line":36,"column":2}},"2":{"start":{"line":38,"column":25},"end":{"line":38,"column":27}},"3":{"start":{"line":40,"column":30},"end":{"line":45,"column":1}},"4":{"start":{"line":41,"column":1},"end":{"line":43,"column":2}},"5":{"start":{"line":42,"column":2},"end":{"line":42,"column":92}},"6":{"start":{"line":44,"column":1},"end":{"line":44,"column":41}},"7":{"start":{"line":47,"column":0},"end":{"line":47,"column":60}}},"fnMap":{"0":{"name":"(anonymous_0)","decl":{"start":{"line":40,"column":30},"end":{"line":40,"column":31}},"loc":{"start":{"line":40,"column":50},"end":{"line":45,"column":1}},"line":40}},"branchMap":{"0":{"loc":{"start":{"line":41,"column":1},"end":{"line":43,"column":2}},"type":"if","locations":[{"start":{"line":41,"column":1},"end":{"line":43,"column":2}},{"start":{},"end":{}}],"line":41}},"s":{"0":8,"1":8,"2":8,"3":8,"4":4,"5":3,"6":4,"7":8},"f":{"0":4},"b":{"0":[3,1]},"_coverageSchema":"1a1c01bbd47fc00a2c39e90264f33305004495a9","hash":"940dc44839d718de80ab6075e1bee5cf463330ab"}
,"C:\\Users\\sandu\\Desktop\\sem5\\SEP\\code\\gt-api\\models\\indicator.js": {"path":"C:\\Users\\sandu\\Desktop\\sem5\\SEP\\code\\gt-api\\models\\indicator.js","statementMap":{"0":{"start":{"line":1,"column":17},"end":{"line":1,"column":36}},"1":{"start":{"line":3,"column":24},"end":{"line":22,"column":2}},"2":{"start":{"line":24,"column":23},"end":{"line":24,"column":67}},"3":{"start":{"line":26,"column":0},"end":{"line":26,"column":33}},"4":{"start":{"line":27,"column":0},"end":{"line":27,"column":35}}},"fnMap":{},"branchMap":{},"s":{"0":8,"1":8,"2":8,"3":8,"4":8},"f":{},"b":{},"_coverageSchema":"1a1c01bbd47fc00a2c39e90264f33305004495a9","hash":"c31f82e6722b2433049068e186a2c3f1d27736fe"}
,"C:\\Users\\sandu\\Desktop\\sem5\\SEP\\code\\gt-api\\models\\provider.js": {"path":"C:\\Users\\sandu\\Desktop\\sem5\\SEP\\code\\gt-api\\models\\provider.js","statementMap":{"0":{"start":{"line":1,"column":17},"end":{"line":1,"column":36}},"1":{"start":{"line":3,"column":23},"end":{"line":23,"column":2}},"2":{"start":{"line":25,"column":22},"end":{"line":25,"column":64}},"3":{"start":{"line":27,"column":0},"end":{"line":27,"column":32}},"4":{"start":{"line":28,"column":0},"end":{"line":28,"column":33}}},"fnMap":{},"branchMap":{},"s":{"0":9,"1":9,"2":9,"3":9,"4":9},"f":{},"b":{},"_coverageSchema":"1a1c01bbd47fc00a2c39e90264f33305004495a9","hash":"3f77328cee6c11394d9b9ec6781dfcb5fe1158fe"}
,"C:\\Users\\sandu\\Desktop\\sem5\\SEP\\code\\gt-api\\models\\symbol.js": {"path":"C:\\Users\\sandu\\Desktop\\sem5\\SEP\\code\\gt-api\\models\\symbol.js","statementMap":{"0":{"start":{"line":1,"column":17},"end":{"line":1,"column":36}},"1":{"start":{"line":2,"column":0},"end":{"line":2,"column":22}},"2":{"start":{"line":4,"column":21},"end":{"line":24,"column":2}},"3":{"start":{"line":26,"column":20},"end":{"line":26,"column":58}},"4":{"start":{"line":28,"column":0},"end":{"line":28,"column":30}},"5":{"start":{"line":29,"column":0},"end":{"line":29,"column":29}}},"fnMap":{},"branchMap":{},"s":{"0":8,"1":8,"2":8,"3":8,"4":8,"5":8},"f":{},"b":{},"_coverageSchema":"1a1c01bbd47fc00a2c39e90264f33305004495a9","hash":"7139d43c88858cf276acb0ca33a4e5da96b24df9"}
,"C:\\Users\\sandu\\Desktop\\sem5\\SEP\\code\\gt-api\\models\\user.js": {"path":"C:\\Users\\sandu\\Desktop\\sem5\\SEP\\code\\gt-api\\models\\user.js","statementMap":{"0":{"start":{"line":1,"column":17},"end":{"line":1,"column":36}},"1":{"start":{"line":3,"column":19},"end":{"line":64,"column":2}},"2":{"start":{"line":66,"column":18},"end":{"line":66,"column":52}},"3":{"start":{"line":68,"column":0},"end":{"line":68,"column":28}},"4":{"start":{"line":69,"column":0},"end":{"line":69,"column":25}}},"fnMap":{},"branchMap":{},"s":{"0":10,"1":10,"2":10,"3":10,"4":10},"f":{},"b":{},"_coverageSchema":"1a1c01bbd47fc00a2c39e90264f33305004495a9","hash":"ef75e3fae77770458e25920d08b3d8a53f9e8a18"}
,"C:\\Users\\sandu\\Desktop\\sem5\\SEP\\code\\gt-api\\routes\\indicators.js": {"path":"C:\\Users\\sandu\\Desktop\\sem5\\SEP\\code\\gt-api\\routes\\indicators.js","statementMap":{"0":{"start":{"line":1,"column":16},"end":{"line":1,"column":34}},"1":{"start":{"line":2,"column":15},"end":{"line":2,"column":31}},"2":{"start":{"line":4,"column":56},"end":{"line":4,"column":102}},"3":{"start":{"line":6,"column":0},"end":{"line":9,"column":23}},"4":{"start":{"line":11,"column":0},"end":{"line":11,"column":24}}},"fnMap":{},"branchMap":{},"s":{"0":6,"1":6,"2":6,"3":6,"4":6},"f":{},"b":{},"_coverageSchema":"1a1c01bbd47fc00a2c39e90264f33305004495a9","hash":"d76b7dd4eb02cd4989bfcf213bb2d4535b71d44a"}
,"C:\\Users\\sandu\\Desktop\\sem5\\SEP\\code\\gt-api\\routes\\provider.js": {"path":"C:\\Users\\sandu\\Desktop\\sem5\\SEP\\code\\gt-api\\routes\\provider.js","statementMap":{"0":{"start":{"line":1,"column":16},"end":{"line":1,"column":34}},"1":{"start":{"line":2,"column":15},"end":{"line":2,"column":31}},"2":{"start":{"line":4,"column":27},"end":{"line":4,"column":71}},"3":{"start":{"line":6,"column":0},"end":{"line":6,"column":63}},"4":{"start":{"line":7,"column":0},"end":{"line":7,"column":84}},"5":{"start":{"line":8,"column":0},"end":{"line":8,"column":107}},"6":{"start":{"line":10,"column":0},"end":{"line":10,"column":24}}},"fnMap":{},"branchMap":{},"s":{"0":6,"1":6,"2":6,"3":6,"4":6,"5":6,"6":6},"f":{},"b":{},"_coverageSchema":"1a1c01bbd47fc00a2c39e90264f33305004495a9","hash":"e79aa5f8f33e6f1e5739e2cbb3632ef5078d8c99"}
,"C:\\Users\\sandu\\Desktop\\sem5\\SEP\\code\\gt-api\\routes\\symbol.js": {"path":"C:\\Users\\sandu\\Desktop\\sem5\\SEP\\code\\gt-api\\routes\\symbol.js","statementMap":{"0":{"start":{"line":1,"column":16},"end":{"line":1,"column":34}},"1":{"start":{"line":2,"column":15},"end":{"line":2,"column":31}},"2":{"start":{"line":4,"column":26},"end":{"line":4,"column":68}},"3":{"start":{"line":6,"column":0},"end":{"line":6,"column":62}},"4":{"start":{"line":7,"column":0},"end":{"line":7,"column":82}},"5":{"start":{"line":9,"column":0},"end":{"line":9,"column":24}}},"fnMap":{},"branchMap":{},"s":{"0":6,"1":6,"2":6,"3":6,"4":6,"5":6},"f":{},"b":{},"_coverageSchema":"1a1c01bbd47fc00a2c39e90264f33305004495a9","hash":"d22f48b00965b9ccbcc1fe4ee164de5f6e5fdf45"}
,"C:\\Users\\sandu\\Desktop\\sem5\\SEP\\code\\gt-api\\routes\\tradingData.js": {"path":"C:\\Users\\sandu\\Desktop\\sem5\\SEP\\code\\gt-api\\routes\\tradingData.js","statementMap":{"0":{"start":{"line":1,"column":16},"end":{"line":1,"column":34}},"1":{"start":{"line":2,"column":22},"end":{"line":2,"column":69}},"2":{"start":{"line":3,"column":15},"end":{"line":3,"column":31}},"3":{"start":{"line":5,"column":0},"end":{"line":6,"column":25}},"4":{"start":{"line":8,"column":0},"end":{"line":8,"column":24}}},"fnMap":{},"branchMap":{},"s":{"0":6,"1":6,"2":6,"3":6,"4":6},"f":{},"b":{},"_coverageSchema":"1a1c01bbd47fc00a2c39e90264f33305004495a9","hash":"c37b01790dc352fade5a282ddf0aee1fee400f88"}
,"C:\\Users\\sandu\\Desktop\\sem5\\SEP\\code\\gt-api\\routes\\userRoutes.js": {"path":"C:\\Users\\sandu\\Desktop\\sem5\\SEP\\code\\gt-api\\routes\\userRoutes.js","statementMap":{"0":{"start":{"line":2,"column":16},"end":{"line":2,"column":34}},"1":{"start":{"line":3,"column":15},"end":{"line":3,"column":31}},"2":{"start":{"line":9,"column":4},"end":{"line":9,"column":44}},"3":{"start":{"line":11,"column":20},"end":{"line":11,"column":59}},"4":{"start":{"line":15,"column":0},"end":{"line":15,"column":31}},"5":{"start":{"line":17,"column":0},"end":{"line":17,"column":33}},"6":{"start":{"line":20,"column":0},"end":{"line":20,"column":39}},"7":{"start":{"line":23,"column":0},"end":{"line":23,"column":34}},"8":{"start":{"line":25,"column":0},"end":{"line":25,"column":24}}},"fnMap":{},"branchMap":{},"s":{"0":6,"1":6,"2":6,"3":6,"4":6,"5":6,"6":6,"7":6,"8":6},"f":{},"b":{},"_coverageSchema":"1a1c01bbd47fc00a2c39e90264f33305004495a9","hash":"b8ea6afc3c592adbf1fcf2db45831ff7fe3bb19b"}
,"C:\\Users\\sandu\\Desktop\\sem5\\SEP\\code\\gt-api\\routes\\watchlist.js": {"path":"C:\\Users\\sandu\\Desktop\\sem5\\SEP\\code\\gt-api\\routes\\watchlist.js","statementMap":{"0":{"start":{"line":2,"column":16},"end":{"line":2,"column":34}},"1":{"start":{"line":3,"column":15},"end":{"line":3,"column":31}},"2":{"start":{"line":8,"column":4},"end":{"line":8,"column":49}},"3":{"start":{"line":10,"column":20},"end":{"line":10,"column":59}},"4":{"start":{"line":14,"column":0},"end":{"line":14,"column":44}},"5":{"start":{"line":15,"column":0},"end":{"line":15,"column":50}},"6":{"start":{"line":16,"column":0},"end":{"line":16,"column":48}},"7":{"start":{"line":19,"column":0},"end":{"line":19,"column":24}}},"fnMap":{},"branchMap":{},"s":{"0":6,"1":6,"2":6,"3":6,"4":6,"5":6,"6":6,"7":6},"f":{},"b":{},"_coverageSchema":"1a1c01bbd47fc00a2c39e90264f33305004495a9","hash":"8362db3d0b03c5bffe73d27ea77516769ee7be0e"}
,"C:\\Users\\sandu\\Desktop\\sem5\\SEP\\code\\gt-api\\services\\indicatorService.js": {"path":"C:\\Users\\sandu\\Desktop\\sem5\\SEP\\code\\gt-api\\services\\indicatorService.js","statementMap":{"0":{"start":{"line":2,"column":20},"end":{"line":2,"column":50}},"1":{"start":{"line":3,"column":25},"end":{"line":10,"column":1}},"2":{"start":{"line":4,"column":1},"end":{"line":9,"column":2}},"3":{"start":{"line":5,"column":2},"end":{"line":5,"column":32}},"4":{"start":{"line":7,"column":2},"end":{"line":7,"column":21}},"5":{"start":{"line":8,"column":2},"end":{"line":8,"column":14}},"6":{"start":{"line":12,"column":25},"end":{"line":19,"column":1}},"7":{"start":{"line":13,"column":1},"end":{"line":18,"column":2}},"8":{"start":{"line":14,"column":2},"end":{"line":14,"column":38}},"9":{"start":{"line":16,"column":2},"end":{"line":16,"column":21}},"10":{"start":{"line":17,"column":2},"end":{"line":17,"column":14}},"11":{"start":{"line":21,"column":0},"end":{"line":24,"column":2}}},"fnMap":{"0":{"name":"(anonymous_0)","decl":{"start":{"line":3,"column":25},"end":{"line":3,"column":26}},"loc":{"start":{"line":3,"column":37},"end":{"line":10,"column":1}},"line":3},"1":{"name":"(anonymous_1)","decl":{"start":{"line":12,"column":25},"end":{"line":12,"column":26}},"loc":{"start":{"line":12,"column":39},"end":{"line":19,"column":1}},"line":12}},"branchMap":{},"s":{"0":7,"1":7,"2":1,"3":1,"4":0,"5":0,"6":7,"7":2,"8":2,"9":1,"10":1,"11":7},"f":{"0":1,"1":2},"b":{},"_coverageSchema":"1a1c01bbd47fc00a2c39e90264f33305004495a9","hash":"cb4600aa1dffd142ca0c1f5de521bc242e579197"}
,"C:\\Users\\sandu\\Desktop\\sem5\\SEP\\code\\gt-api\\services\\providerService.js": {"path":"C:\\Users\\sandu\\Desktop\\sem5\\SEP\\code\\gt-api\\services\\providerService.js","statementMap":{"0":{"start":{"line":1,"column":19},"end":{"line":1,"column":48}},"1":{"start":{"line":2,"column":17},"end":{"line":2,"column":44}},"2":{"start":{"line":4,"column":35},"end":{"line":20,"column":1}},"3":{"start":{"line":5,"column":1},"end":{"line":19,"column":2}},"4":{"start":{"line":6,"column":2},"end":{"line":15,"column":12}},"5":{"start":{"line":17,"column":2},"end":{"line":17,"column":17}},"6":{"start":{"line":18,"column":2},"end":{"line":18,"column":12}},"7":{"start":{"line":22,"column":37},"end":{"line":46,"column":1}},"8":{"start":{"line":23,"column":1},"end":{"line":45,"column":2}},"9":{"start":{"line":24,"column":20},"end":{"line":38,"column":11}},"10":{"start":{"line":40,"column":2},"end":{"line":41,"column":27}},"11":{"start":{"line":40,"column":29},"end":{"line":40,"column":38}},"12":{"start":{"line":41,"column":7},"end":{"line":41,"column":27}},"13":{"start":{"line":43,"column":2},"end":{"line":43,"column":17}},"14":{"start":{"line":44,"column":2},"end":{"line":44,"column":14}},"15":{"start":{"line":49,"column":21},"end":{"line":62,"column":1}},"16":{"start":{"line":51,"column":1},"end":{"line":60,"column":2}},"17":{"start":{"line":52,"column":17},"end":{"line":52,"column":48}},"18":{"start":{"line":53,"column":19},"end":{"line":53,"column":59}},"19":{"start":{"line":55,"column":2},"end":{"line":55,"column":46}},"20":{"start":{"line":58,"column":2},"end":{"line":58,"column":19}},"21":{"start":{"line":59,"column":2},"end":{"line":59,"column":14}},"22":{"start":{"line":64,"column":0},"end":{"line":64,"column":64}},"23":{"start":{"line":65,"column":0},"end":{"line":65,"column":68}},"24":{"start":{"line":66,"column":0},"end":{"line":66,"column":36}}},"fnMap":{"0":{"name":"(anonymous_0)","decl":{"start":{"line":4,"column":35},"end":{"line":4,"column":36}},"loc":{"start":{"line":4,"column":47},"end":{"line":20,"column":1}},"line":4},"1":{"name":"(anonymous_1)","decl":{"start":{"line":22,"column":37},"end":{"line":22,"column":38}},"loc":{"start":{"line":22,"column":61},"end":{"line":46,"column":1}},"line":22},"2":{"name":"(anonymous_2)","decl":{"start":{"line":49,"column":21},"end":{"line":49,"column":22}},"loc":{"start":{"line":49,"column":41},"end":{"line":62,"column":1}},"line":49}},"branchMap":{"0":{"loc":{"start":{"line":40,"column":2},"end":{"line":41,"column":27}},"type":"if","locations":[{"start":{"line":40,"column":2},"end":{"line":41,"column":27}},{"start":{"line":41,"column":7},"end":{"line":41,"column":27}}],"line":40}},"s":{"0":6,"1":6,"2":6,"3":1,"4":1,"5":0,"6":0,"7":6,"8":4,"9":4,"10":4,"11":3,"12":1,"13":0,"14":0,"15":6,"16":1,"17":1,"18":1,"19":1,"20":0,"21":0,"22":6,"23":6,"24":6},"f":{"0":1,"1":4,"2":1},"b":{"0":[3,1]},"_coverageSchema":"1a1c01bbd47fc00a2c39e90264f33305004495a9","hash":"f72aee267ec3d79059fb87fdb20a0a3b019704d2"}
,"C:\\Users\\sandu\\Desktop\\sem5\\SEP\\code\\gt-api\\services\\symbolService.js": {"path":"C:\\Users\\sandu\\Desktop\\sem5\\SEP\\code\\gt-api\\services\\symbolService.js","statementMap":{"0":{"start":{"line":1,"column":17},"end":{"line":1,"column":44}},"1":{"start":{"line":2,"column":17},"end":{"line":2,"column":36}},"2":{"start":{"line":3,"column":17},"end":{"line":3,"column":40}},"3":{"start":{"line":5,"column":33},"end":{"line":13,"column":1}},"4":{"start":{"line":6,"column":1},"end":{"line":11,"column":2}},"5":{"start":{"line":7,"column":2},"end":{"line":7,"column":79}},"6":{"start":{"line":9,"column":2},"end":{"line":9,"column":21}},"7":{"start":{"line":10,"column":2},"end":{"line":10,"column":14}},"8":{"start":{"line":15,"column":35},"end":{"line":22,"column":1}},"9":{"start":{"line":16,"column":1},"end":{"line":21,"column":2}},"10":{"start":{"line":17,"column":2},"end":{"line":17,"column":57}},"11":{"start":{"line":19,"column":2},"end":{"line":19,"column":21}},"12":{"start":{"line":20,"column":2},"end":{"line":20,"column":12}},"13":{"start":{"line":24,"column":31},"end":{"line":31,"column":1}},"14":{"start":{"line":25,"column":1},"end":{"line":30,"column":2}},"15":{"start":{"line":26,"column":2},"end":{"line":26,"column":69}},"16":{"start":{"line":28,"column":2},"end":{"line":28,"column":17}},"17":{"start":{"line":29,"column":2},"end":{"line":29,"column":12}},"18":{"start":{"line":33,"column":0},"end":{"line":33,"column":60}},"19":{"start":{"line":34,"column":0},"end":{"line":34,"column":64}},"20":{"start":{"line":35,"column":0},"end":{"line":35,"column":56}}},"fnMap":{"0":{"name":"(anonymous_0)","decl":{"start":{"line":5,"column":33},"end":{"line":5,"column":34}},"loc":{"start":{"line":5,"column":53},"end":{"line":13,"column":1}},"line":5},"1":{"name":"(anonymous_1)","decl":{"start":{"line":15,"column":35},"end":{"line":15,"column":36}},"loc":{"start":{"line":15,"column":47},"end":{"line":22,"column":1}},"line":15},"2":{"name":"(anonymous_2)","decl":{"start":{"line":24,"column":31},"end":{"line":24,"column":32}},"loc":{"start":{"line":24,"column":53},"end":{"line":31,"column":1}},"line":24}},"branchMap":{},"s":{"0":7,"1":7,"2":7,"3":7,"4":2,"5":2,"6":0,"7":0,"8":7,"9":1,"10":1,"11":0,"12":0,"13":7,"14":1,"15":1,"16":0,"17":0,"18":7,"19":7,"20":7},"f":{"0":2,"1":1,"2":1},"b":{},"_coverageSchema":"1a1c01bbd47fc00a2c39e90264f33305004495a9","hash":"4666e04b1aa0b18aed63834b4244fc1ae40519cf"}
,"C:\\Users\\sandu\\Desktop\\sem5\\SEP\\code\\gt-api\\services\\tradingDataService.js": {"path":"C:\\Users\\sandu\\Desktop\\sem5\\SEP\\code\\gt-api\\services\\tradingDataService.js","statementMap":{"0":{"start":{"line":1,"column":38},"end":{"line":1,"column":70}},"1":{"start":{"line":2,"column":23},"end":{"line":2,"column":61}},"2":{"start":{"line":4,"column":21},"end":{"line":16,"column":1}},"3":{"start":{"line":6,"column":1},"end":{"line":15,"column":2}},"4":{"start":{"line":7,"column":29},"end":{"line":7,"column":57}},"5":{"start":{"line":8,"column":25},"end":{"line":8,"column":78}},"6":{"start":{"line":9,"column":17},"end":{"line":9,"column":60}},"7":{"start":{"line":11,"column":2},"end":{"line":11,"column":66}},"8":{"start":{"line":14,"column":2},"end":{"line":14,"column":14}},"9":{"start":{"line":18,"column":0},"end":{"line":20,"column":2}}},"fnMap":{"0":{"name":"(anonymous_0)","decl":{"start":{"line":4,"column":21},"end":{"line":4,"column":22}},"loc":{"start":{"line":4,"column":63},"end":{"line":16,"column":1}},"line":4}},"branchMap":{},"s":{"0":6,"1":6,"2":6,"3":1,"4":1,"5":1,"6":1,"7":1,"8":0,"9":6},"f":{"0":1},"b":{},"_coverageSchema":"1a1c01bbd47fc00a2c39e90264f33305004495a9","hash":"60ff7546b2108d5f20b980272b72bfc84b1f5db9"}
,"C:\\Users\\sandu\\Desktop\\sem5\\SEP\\code\\gt-api\\utilities\\priceDataStoreUtility.js": {"path":"C:\\Users\\sandu\\Desktop\\sem5\\SEP\\code\\gt-api\\utilities\\priceDataStoreUtility.js","statementMap":{"0":{"start":{"line":1,"column":19},"end":{"line":1,"column":42}},"1":{"start":{"line":2,"column":15},"end":{"line":2,"column":32}},"2":{"start":{"line":4,"column":21},"end":{"line":15,"column":1}},"3":{"start":{"line":5,"column":18},"end":{"line":5,"column":77}},"4":{"start":{"line":6,"column":1},"end":{"line":14,"column":3}},"5":{"start":{"line":17,"column":22},"end":{"line":28,"column":1}},"6":{"start":{"line":18,"column":18},"end":{"line":18,"column":81}},"7":{"start":{"line":19,"column":1},"end":{"line":27,"column":3}},"8":{"start":{"line":30,"column":21},"end":{"line":40,"column":1}},"9":{"start":{"line":31,"column":1},"end":{"line":39,"column":3}},"10":{"start":{"line":42,"column":22},"end":{"line":57,"column":1}},"11":{"start":{"line":43,"column":1},"end":{"line":56,"column":2}},"12":{"start":{"line":44,"column":2},"end":{"line":53,"column":3}},"13":{"start":{"line":46,"column":3},"end":{"line":46,"column":85}},"14":{"start":{"line":48,"column":3},"end":{"line":48,"column":86}},"15":{"start":{"line":50,"column":3},"end":{"line":50,"column":85}},"16":{"start":{"line":52,"column":3},"end":{"line":52,"column":13}},"17":{"start":{"line":55,"column":2},"end":{"line":55,"column":12}},"18":{"start":{"line":59,"column":0},"end":{"line":59,"column":38}},"19":{"start":{"line":60,"column":0},"end":{"line":60,"column":36}},"20":{"start":{"line":61,"column":0},"end":{"line":61,"column":38}},"21":{"start":{"line":62,"column":0},"end":{"line":62,"column":36}}},"fnMap":{"0":{"name":"(anonymous_0)","decl":{"start":{"line":4,"column":21},"end":{"line":4,"column":22}},"loc":{"start":{"line":4,"column":33},"end":{"line":15,"column":1}},"line":4},"1":{"name":"(anonymous_1)","decl":{"start":{"line":17,"column":22},"end":{"line":17,"column":23}},"loc":{"start":{"line":17,"column":34},"end":{"line":28,"column":1}},"line":17},"2":{"name":"(anonymous_2)","decl":{"start":{"line":30,"column":21},"end":{"line":30,"column":22}},"loc":{"start":{"line":30,"column":33},"end":{"line":40,"column":1}},"line":30},"3":{"name":"(anonymous_3)","decl":{"start":{"line":42,"column":22},"end":{"line":42,"column":23}},"loc":{"start":{"line":42,"column":62},"end":{"line":57,"column":1}},"line":42}},"branchMap":{"0":{"loc":{"start":{"line":43,"column":1},"end":{"line":56,"column":2}},"type":"if","locations":[{"start":{"line":43,"column":1},"end":{"line":56,"column":2}},{"start":{"line":54,"column":8},"end":{"line":56,"column":2}}],"line":43},"1":{"loc":{"start":{"line":44,"column":2},"end":{"line":53,"column":3}},"type":"switch","locations":[{"start":{"line":45,"column":2},"end":{"line":46,"column":85}},{"start":{"line":47,"column":2},"end":{"line":48,"column":86}},{"start":{"line":49,"column":2},"end":{"line":50,"column":85}},{"start":{"line":51,"column":2},"end":{"line":52,"column":13}}],"line":44}},"s":{"0":1,"1":1,"2":1,"3":15,"4":15,"5":1,"6":16,"7":16,"8":1,"9":15,"10":1,"11":4,"12":4,"13":1,"14":1,"15":1,"16":1,"17":0,"18":1,"19":1,"20":1,"21":1},"f":{"0":15,"1":16,"2":15,"3":4},"b":{"0":[4,0],"1":[1,1,1,1]},"_coverageSchema":"1a1c01bbd47fc00a2c39e90264f33305004495a9","hash":"2fe137161623a4376d2f62533a75f31b10410e0d"}
,"C:\\Users\\sandu\\Desktop\\sem5\\SEP\\code\\gt-api\\utilities\\uuidHelper.js": {"path":"C:\\Users\\sandu\\Desktop\\sem5\\SEP\\code\\gt-api\\utilities\\uuidHelper.js","statementMap":{"0":{"start":{"line":1,"column":23},"end":{"line":1,"column":38}},"1":{"start":{"line":3,"column":28},"end":{"line":5,"column":1}},"2":{"start":{"line":4,"column":1},"end":{"line":4,"column":17}},"3":{"start":{"line":7,"column":0},"end":{"line":7,"column":50}}},"fnMap":{"0":{"name":"(anonymous_0)","decl":{"start":{"line":3,"column":28},"end":{"line":3,"column":29}},"loc":{"start":{"line":3,"column":34},"end":{"line":5,"column":1}},"line":3}},"branchMap":{},"s":{"0":1,"1":1,"2":2,"3":1},"f":{"0":2},"b":{},"_coverageSchema":"1a1c01bbd47fc00a2c39e90264f33305004495a9","hash":"2c9fd419ed4d517e6837f1d851752d38430eaf43"}
,"C:\\Users\\sandu\\Desktop\\sem5\\SEP\\code\\gt-api\\validations\\tradingData.js": {"path":"C:\\Users\\sandu\\Desktop\\sem5\\SEP\\code\\gt-api\\validations\\tradingData.js","statementMap":{"0":{"start":{"line":1,"column":12},"end":{"line":1,"column":26}},"1":{"start":{"line":3,"column":36},"end":{"line":8,"column":2}},"2":{"start":{"line":9,"column":0},"end":{"line":11,"column":2}}},"fnMap":{},"branchMap":{},"s":{"0":6,"1":6,"2":6},"f":{},"b":{},"_coverageSchema":"1a1c01bbd47fc00a2c39e90264f33305004495a9","hash":"2669b6d781690083fdcf4c8662b96088078d7857"}
}
