{"C:\\Users\\sandun induwara\\Desktop\\sem5\\SEP\\node server\\gt-api\\testapp.js": {"path":"C:\\Users\\sandun induwara\\Desktop\\sem5\\SEP\\node server\\gt-api\\testapp.js","statementMap":{"0":{"start":{"line":1,"column":16},"end":{"line":1,"column":34}},"1":{"start":{"line":9,"column":0},"end":{"line":9,"column":27}},"2":{"start":{"line":11,"column":12},"end":{"line":11,"column":21}},"3":{"start":{"line":21,"column":0},"end":{"line":21,"column":24}},"4":{"start":{"line":22,"column":0},"end":{"line":22,"column":48}},"5":{"start":{"line":32,"column":0},"end":{"line":32,"column":53}},"6":{"start":{"line":33,"column":0},"end":{"line":33,"column":55}},"7":{"start":{"line":35,"column":0},"end":{"line":35,"column":58}},"8":{"start":{"line":36,"column":0},"end":{"line":36,"column":50}},"9":{"start":{"line":37,"column":0},"end":{"line":37,"column":65}},"10":{"start":{"line":38,"column":0},"end":{"line":38,"column":52}},"11":{"start":{"line":39,"column":0},"end":{"line":39,"column":48}},"12":{"start":{"line":46,"column":0},"end":{"line":46,"column":18}}},"fnMap":{},"branchMap":{},"s":{"0":2,"1":2,"2":2,"3":2,"4":2,"5":2,"6":2,"7":2,"8":2,"9":2,"10":2,"11":2,"12":2},"f":{},"b":{},"_coverageSchema":"1a1c01bbd47fc00a2c39e90264f33305004495a9","hash":"ecf5b06c9815d51f8dfb5d22ebf9ff1a2a12baf3"}
,"C:\\Users\\sandun induwara\\Desktop\\sem5\\SEP\\node server\\gt-api\\testserver.js": {"path":"C:\\Users\\sandun induwara\\Desktop\\sem5\\SEP\\node server\\gt-api\\testserver.js","statementMap":{"0":{"start":{"line":1,"column":16},"end":{"line":1,"column":36}},"1":{"start":{"line":4,"column":15},"end":{"line":4,"column":39}},"2":{"start":{"line":6,"column":0},"end":{"line":6,"column":24}}},"fnMap":{"0":{"name":"(anonymous_0)","decl":{"start":{"line":4,"column":29},"end":{"line":4,"column":30}},"loc":{"start":{"line":4,"column":35},"end":{"line":4,"column":38}},"line":4}},"branchMap":{},"s":{"0":2,"1":2,"2":2},"f":{"0":2},"b":{},"_coverageSchema":"1a1c01bbd47fc00a2c39e90264f33305004495a9","hash":"d60f4b8303d9688216e303b7f47a8e917917ef68"}
,"C:\\Users\\sandun induwara\\Desktop\\sem5\\SEP\\node server\\gt-api\\config\\multerConfig.js": {"path":"C:\\Users\\sandun induwara\\Desktop\\sem5\\SEP\\node server\\gt-api\\config\\multerConfig.js","statementMap":{"0":{"start":{"line":1,"column":16},"end":{"line":1,"column":33}},"1":{"start":{"line":2,"column":19},"end":{"line":2,"column":53}},"2":{"start":{"line":4,"column":20},"end":{"line":11,"column":2}},"3":{"start":{"line":6,"column":2},"end":{"line":6,"column":34}},"4":{"start":{"line":9,"column":2},"end":{"line":9,"column":45}},"5":{"start":{"line":14,"column":28},"end":{"line":14,"column":50}},"6":{"start":{"line":16,"column":35},"end":{"line":29,"column":28}},"7":{"start":{"line":24,"column":2},"end":{"line":27,"column":19}},"8":{"start":{"line":25,"column":3},"end":{"line":25,"column":18}},"9":{"start":{"line":27,"column":3},"end":{"line":27,"column":19}},"10":{"start":{"line":31,"column":0},"end":{"line":31,"column":64}}},"fnMap":{"0":{"name":"(anonymous_0)","decl":{"start":{"line":5,"column":14},"end":{"line":5,"column":15}},"loc":{"start":{"line":5,"column":33},"end":{"line":7,"column":2}},"line":5},"1":{"name":"(anonymous_1)","decl":{"start":{"line":8,"column":11},"end":{"line":8,"column":12}},"loc":{"start":{"line":8,"column":30},"end":{"line":10,"column":2}},"line":8},"2":{"name":"(anonymous_2)","decl":{"start":{"line":23,"column":13},"end":{"line":23,"column":14}},"loc":{"start":{"line":23,"column":32},"end":{"line":28,"column":2}},"line":23}},"branchMap":{"0":{"loc":{"start":{"line":24,"column":2},"end":{"line":27,"column":19}},"type":"if","locations":[{"start":{"line":24,"column":2},"end":{"line":27,"column":19}},{"start":{"line":27,"column":3},"end":{"line":27,"column":19}}],"line":24},"1":{"loc":{"start":{"line":24,"column":5},"end":{"line":24,"column":67}},"type":"binary-expr","locations":[{"start":{"line":24,"column":5},"end":{"line":24,"column":35}},{"start":{"line":24,"column":39},"end":{"line":24,"column":67}}],"line":24}},"s":{"0":2,"1":2,"2":2,"3":0,"4":0,"5":2,"6":2,"7":0,"8":0,"9":0,"10":2},"f":{"0":0,"1":0,"2":0},"b":{"0":[0,0],"1":[0,0]},"_coverageSchema":"1a1c01bbd47fc00a2c39e90264f33305004495a9","hash":"c86e3ff9ab0fa1bc95fcfd72e1e5fc8b95b43401"}
,"C:\\Users\\sandun induwara\\Desktop\\sem5\\SEP\\node server\\gt-api\\controllers\\indicatorsController.js": {"path":"C:\\Users\\sandun induwara\\Desktop\\sem5\\SEP\\node server\\gt-api\\controllers\\indicatorsController.js","statementMap":{"0":{"start":{"line":17,"column":4},"end":{"line":17,"column":35}},"1":{"start":{"line":18,"column":37},"end":{"line":18,"column":73}},"2":{"start":{"line":19,"column":17},"end":{"line":19,"column":42}},"3":{"start":{"line":20,"column":40},"end":{"line":20,"column":72}},"4":{"start":{"line":21,"column":21},"end":{"line":21,"column":53}},"5":{"start":{"line":22,"column":25},"end":{"line":22,"column":64}},"6":{"start":{"line":26,"column":18},"end":{"line":58,"column":2}},"7":{"start":{"line":28,"column":56},"end":{"line":28,"column":64}},"8":{"start":{"line":31,"column":1},"end":{"line":34,"column":2}},"9":{"start":{"line":32,"column":2},"end":{"line":32,"column":18}},"10":{"start":{"line":33,"column":2},"end":{"line":33,"column":47}},"11":{"start":{"line":40,"column":16},"end":{"line":40,"column":56}},"12":{"start":{"line":43,"column":16},"end":{"line":48,"column":3}},"13":{"start":{"line":52,"column":16},"end":{"line":52,"column":42}},"14":{"start":{"line":54,"column":18},"end":{"line":54,"column":38}},"15":{"start":{"line":56,"column":1},"end":{"line":56,"column":33}},"16":{"start":{"line":92,"column":1},"end":{"line":139,"column":2}},"17":{"start":{"line":94,"column":3},"end":{"line":94,"column":27}},"18":{"start":{"line":97,"column":3},"end":{"line":97,"column":27}},"19":{"start":{"line":101,"column":3},"end":{"line":101,"column":30}},"20":{"start":{"line":104,"column":3},"end":{"line":104,"column":27}},"21":{"start":{"line":109,"column":3},"end":{"line":109,"column":27}},"22":{"start":{"line":113,"column":3},"end":{"line":113,"column":28}},"23":{"start":{"line":117,"column":3},"end":{"line":117,"column":27}},"24":{"start":{"line":120,"column":3},"end":{"line":120,"column":29}},"25":{"start":{"line":124,"column":3},"end":{"line":124,"column":27}},"26":{"start":{"line":129,"column":3},"end":{"line":129,"column":26}},"27":{"start":{"line":132,"column":3},"end":{"line":132,"column":28}},"28":{"start":{"line":135,"column":3},"end":{"line":135,"column":28}},"29":{"start":{"line":138,"column":3},"end":{"line":138,"column":42}},"30":{"start":{"line":142,"column":25},"end":{"line":153,"column":1}},"31":{"start":{"line":143,"column":1},"end":{"line":143,"column":56}},"32":{"start":{"line":144,"column":1},"end":{"line":152,"column":2}},"33":{"start":{"line":145,"column":21},"end":{"line":145,"column":62}},"34":{"start":{"line":146,"column":2},"end":{"line":148,"column":56}},"35":{"start":{"line":150,"column":2},"end":{"line":150,"column":21}},"36":{"start":{"line":151,"column":2},"end":{"line":151,"column":55}},"37":{"start":{"line":155,"column":25},"end":{"line":168,"column":1}},"38":{"start":{"line":156,"column":1},"end":{"line":158,"column":2}},"39":{"start":{"line":157,"column":2},"end":{"line":157,"column":74}},"40":{"start":{"line":159,"column":1},"end":{"line":167,"column":2}},"41":{"start":{"line":160,"column":20},"end":{"line":160,"column":74}},"42":{"start":{"line":161,"column":2},"end":{"line":163,"column":56}},"43":{"start":{"line":165,"column":2},"end":{"line":165,"column":21}},"44":{"start":{"line":166,"column":2},"end":{"line":166,"column":55}},"45":{"start":{"line":170,"column":0},"end":{"line":174,"column":2}}},"fnMap":{"0":{"name":"(anonymous_0)","decl":{"start":{"line":26,"column":31},"end":{"line":26,"column":32}},"loc":{"start":{"line":26,"column":51},"end":{"line":58,"column":1}},"line":26},"1":{"name":"calculate","decl":{"start":{"line":90,"column":9},"end":{"line":90,"column":18}},"loc":{"start":{"line":90,"column":40},"end":{"line":140,"column":1}},"line":90},"2":{"name":"(anonymous_2)","decl":{"start":{"line":142,"column":25},"end":{"line":142,"column":26}},"loc":{"start":{"line":142,"column":45},"end":{"line":153,"column":1}},"line":142},"3":{"name":"(anonymous_3)","decl":{"start":{"line":155,"column":25},"end":{"line":155,"column":26}},"loc":{"start":{"line":155,"column":45},"end":{"line":168,"column":1}},"line":155}},"branchMap":{"0":{"loc":{"start":{"line":31,"column":1},"end":{"line":34,"column":2}},"type":"if","locations":[{"start":{"line":31,"column":1},"end":{"line":34,"column":2}},{"start":{},"end":{}}],"line":31},"1":{"loc":{"start":{"line":31,"column":5},"end":{"line":31,"column":61}},"type":"binary-expr","locations":[{"start":{"line":31,"column":5},"end":{"line":31,"column":14}},{"start":{"line":31,"column":18},"end":{"line":31,"column":28}},{"start":{"line":31,"column":32},"end":{"line":31,"column":35}},{"start":{"line":31,"column":39},"end":{"line":31,"column":49}},{"start":{"line":31,"column":53},"end":{"line":31,"column":61}}],"line":31},"2":{"loc":{"start":{"line":92,"column":1},"end":{"line":139,"column":2}},"type":"switch","locations":[{"start":{"line":93,"column":2},"end":{"line":94,"column":27}},{"start":{"line":96,"column":2},"end":{"line":97,"column":27}},{"start":{"line":100,"column":2},"end":{"line":101,"column":30}},{"start":{"line":103,"column":2},"end":{"line":104,"column":27}},{"start":{"line":108,"column":2},"end":{"line":109,"column":27}},{"start":{"line":112,"column":2},"end":{"line":113,"column":28}},{"start":{"line":116,"column":2},"end":{"line":117,"column":27}},{"start":{"line":119,"column":2},"end":{"line":120,"column":29}},{"start":{"line":123,"column":2},"end":{"line":124,"column":27}},{"start":{"line":128,"column":2},"end":{"line":129,"column":26}},{"start":{"line":131,"column":2},"end":{"line":132,"column":28}},{"start":{"line":134,"column":2},"end":{"line":135,"column":28}},{"start":{"line":137,"column":2},"end":{"line":138,"column":42}}],"line":92},"3":{"loc":{"start":{"line":146,"column":2},"end":{"line":148,"column":55}},"type":"cond-expr","locations":[{"start":{"line":147,"column":3},"end":{"line":147,"column":62}},{"start":{"line":148,"column":3},"end":{"line":148,"column":55}}],"line":146},"4":{"loc":{"start":{"line":156,"column":1},"end":{"line":158,"column":2}},"type":"if","locations":[{"start":{"line":156,"column":1},"end":{"line":158,"column":2}},{"start":{},"end":{}}],"line":156},"5":{"loc":{"start":{"line":161,"column":2},"end":{"line":163,"column":55}},"type":"cond-expr","locations":[{"start":{"line":162,"column":3},"end":{"line":162,"column":61}},{"start":{"line":163,"column":3},"end":{"line":163,"column":55}}],"line":161}},"s":{"0":2,"1":2,"2":2,"3":2,"4":2,"5":2,"6":2,"7":0,"8":0,"9":0,"10":0,"11":0,"12":0,"13":0,"14":0,"15":0,"16":0,"17":0,"18":0,"19":0,"20":0,"21":0,"22":0,"23":0,"24":0,"25":0,"26":0,"27":0,"28":0,"29":0,"30":2,"31":0,"32":0,"33":0,"34":0,"35":0,"36":0,"37":2,"38":0,"39":0,"40":0,"41":0,"42":0,"43":0,"44":0,"45":2},"f":{"0":0,"1":0,"2":0,"3":0},"b":{"0":[0,0],"1":[0,0,0,0,0],"2":[0,0,0,0,0,0,0,0,0,0,0,0,0],"3":[0,0],"4":[0,0],"5":[0,0]},"_coverageSchema":"1a1c01bbd47fc00a2c39e90264f33305004495a9","hash":"ec4300a3dd2b7bd3b16b2116e1ce541ecc94b715"}
,"C:\\Users\\sandun induwara\\Desktop\\sem5\\SEP\\node server\\gt-api\\controllers\\priceDataStoreController.js": {"path":"C:\\Users\\sandun induwara\\Desktop\\sem5\\SEP\\node server\\gt-api\\controllers\\priceDataStoreController.js","statementMap":{"0":{"start":{"line":1,"column":20},"end":{"line":1,"column":55}},"1":{"start":{"line":2,"column":30},"end":{"line":2,"column":75}},"2":{"start":{"line":4,"column":30},"end":{"line":4,"column":74}},"3":{"start":{"line":5,"column":21},"end":{"line":5,"column":57}},"4":{"start":{"line":7,"column":23},"end":{"line":45,"column":1}},"5":{"start":{"line":8,"column":57},"end":{"line":8,"column":65}},"6":{"start":{"line":9,"column":18},"end":{"line":9,"column":26}},"7":{"start":{"line":12,"column":1},"end":{"line":15,"column":2}},"8":{"start":{"line":13,"column":2},"end":{"line":13,"column":79}},"9":{"start":{"line":14,"column":2},"end":{"line":14,"column":9}},"10":{"start":{"line":18,"column":16},"end":{"line":18,"column":69}},"11":{"start":{"line":19,"column":1},"end":{"line":22,"column":2}},"12":{"start":{"line":20,"column":2},"end":{"line":20,"column":85}},"13":{"start":{"line":21,"column":2},"end":{"line":21,"column":9}},"14":{"start":{"line":23,"column":28},"end":{"line":23,"column":47}},"15":{"start":{"line":24,"column":22},"end":{"line":24,"column":42}},"16":{"start":{"line":27,"column":1},"end":{"line":30,"column":2}},"17":{"start":{"line":28,"column":2},"end":{"line":28,"column":88}},"18":{"start":{"line":29,"column":2},"end":{"line":29,"column":9}},"19":{"start":{"line":33,"column":19},"end":{"line":33,"column":100}},"20":{"start":{"line":34,"column":1},"end":{"line":34,"column":46}},"21":{"start":{"line":37,"column":1},"end":{"line":37,"column":104}},"22":{"start":{"line":40,"column":1},"end":{"line":40,"column":53}},"23":{"start":{"line":43,"column":1},"end":{"line":43,"column":44}},"24":{"start":{"line":47,"column":0},"end":{"line":47,"column":40}}},"fnMap":{"0":{"name":"(anonymous_0)","decl":{"start":{"line":7,"column":23},"end":{"line":7,"column":24}},"loc":{"start":{"line":7,"column":42},"end":{"line":45,"column":1}},"line":7}},"branchMap":{"0":{"loc":{"start":{"line":12,"column":1},"end":{"line":15,"column":2}},"type":"if","locations":[{"start":{"line":12,"column":1},"end":{"line":15,"column":2}},{"start":{},"end":{}}],"line":12},"1":{"loc":{"start":{"line":12,"column":4},"end":{"line":12,"column":43}},"type":"binary-expr","locations":[{"start":{"line":12,"column":4},"end":{"line":12,"column":13}},{"start":{"line":12,"column":17},"end":{"line":12,"column":30}},{"start":{"line":12,"column":34},"end":{"line":12,"column":43}}],"line":12},"2":{"loc":{"start":{"line":19,"column":1},"end":{"line":22,"column":2}},"type":"if","locations":[{"start":{"line":19,"column":1},"end":{"line":22,"column":2}},{"start":{},"end":{}}],"line":19},"3":{"loc":{"start":{"line":19,"column":5},"end":{"line":19,"column":32}},"type":"binary-expr","locations":[{"start":{"line":19,"column":5},"end":{"line":19,"column":12}},{"start":{"line":19,"column":16},"end":{"line":19,"column":32}}],"line":19},"4":{"loc":{"start":{"line":27,"column":1},"end":{"line":30,"column":2}},"type":"if","locations":[{"start":{"line":27,"column":1},"end":{"line":30,"column":2}},{"start":{},"end":{}}],"line":27}},"s":{"0":2,"1":2,"2":2,"3":2,"4":2,"5":0,"6":0,"7":0,"8":0,"9":0,"10":0,"11":0,"12":0,"13":0,"14":0,"15":0,"16":0,"17":0,"18":0,"19":0,"20":0,"21":0,"22":0,"23":0,"24":2},"f":{"0":0},"b":{"0":[0,0],"1":[0,0,0],"2":[0,0],"3":[0,0],"4":[0,0]},"_coverageSchema":"1a1c01bbd47fc00a2c39e90264f33305004495a9","hash":"a42169a2b7d0e3da39686543ca0e077dbd6220c9"}
,"C:\\Users\\sandun induwara\\Desktop\\sem5\\SEP\\node server\\gt-api\\controllers\\providerController.js": {"path":"C:\\Users\\sandun induwara\\Desktop\\sem5\\SEP\\node server\\gt-api\\controllers\\providerController.js","statementMap":{"0":{"start":{"line":2,"column":24},"end":{"line":2,"column":62}},"1":{"start":{"line":4,"column":35},"end":{"line":12,"column":1}},"2":{"start":{"line":5,"column":19},"end":{"line":5,"column":69}},"3":{"start":{"line":6,"column":1},"end":{"line":11,"column":4}},"4":{"start":{"line":14,"column":37},"end":{"line":35,"column":1}},"5":{"start":{"line":15,"column":22},"end":{"line":15,"column":46}},"6":{"start":{"line":16,"column":1},"end":{"line":20,"column":4}},"7":{"start":{"line":16,"column":20},"end":{"line":20,"column":4}},"8":{"start":{"line":22,"column":18},"end":{"line":22,"column":82}},"9":{"start":{"line":23,"column":1},"end":{"line":27,"column":4}},"10":{"start":{"line":23,"column":16},"end":{"line":27,"column":4}},"11":{"start":{"line":29,"column":1},"end":{"line":34,"column":4}},"12":{"start":{"line":37,"column":48},"end":{"line":52,"column":1}},"13":{"start":{"line":38,"column":22},"end":{"line":38,"column":46}},"14":{"start":{"line":39,"column":1},"end":{"line":39,"column":43}},"15":{"start":{"line":39,"column":20},"end":{"line":39,"column":43}},"16":{"start":{"line":41,"column":18},"end":{"line":41,"column":82}},"17":{"start":{"line":42,"column":1},"end":{"line":42,"column":39}},"18":{"start":{"line":42,"column":16},"end":{"line":42,"column":39}},"19":{"start":{"line":44,"column":14},"end":{"line":44,"column":16}},"20":{"start":{"line":45,"column":1},"end":{"line":45,"column":50}},"21":{"start":{"line":46,"column":17},"end":{"line":48,"column":3}},"22":{"start":{"line":47,"column":2},"end":{"line":47,"column":24}},"23":{"start":{"line":49,"column":1},"end":{"line":49,"column":27}},"24":{"start":{"line":51,"column":1},"end":{"line":51,"column":35}},"25":{"start":{"line":54,"column":0},"end":{"line":54,"column":64}},"26":{"start":{"line":55,"column":0},"end":{"line":55,"column":68}},"27":{"start":{"line":56,"column":0},"end":{"line":56,"column":90}}},"fnMap":{"0":{"name":"(anonymous_0)","decl":{"start":{"line":4,"column":35},"end":{"line":4,"column":36}},"loc":{"start":{"line":4,"column":54},"end":{"line":12,"column":1}},"line":4},"1":{"name":"(anonymous_1)","decl":{"start":{"line":14,"column":37},"end":{"line":14,"column":38}},"loc":{"start":{"line":14,"column":56},"end":{"line":35,"column":1}},"line":14},"2":{"name":"(anonymous_2)","decl":{"start":{"line":37,"column":48},"end":{"line":37,"column":49}},"loc":{"start":{"line":37,"column":68},"end":{"line":52,"column":1}},"line":37},"3":{"name":"(anonymous_3)","decl":{"start":{"line":46,"column":38},"end":{"line":46,"column":39}},"loc":{"start":{"line":46,"column":43},"end":{"line":48,"column":2}},"line":46}},"branchMap":{"0":{"loc":{"start":{"line":16,"column":1},"end":{"line":20,"column":4}},"type":"if","locations":[{"start":{"line":16,"column":1},"end":{"line":20,"column":4}},{"start":{},"end":{}}],"line":16},"1":{"loc":{"start":{"line":23,"column":1},"end":{"line":27,"column":4}},"type":"if","locations":[{"start":{"line":23,"column":1},"end":{"line":27,"column":4}},{"start":{},"end":{}}],"line":23},"2":{"loc":{"start":{"line":39,"column":1},"end":{"line":39,"column":43}},"type":"if","locations":[{"start":{"line":39,"column":1},"end":{"line":39,"column":43}},{"start":{},"end":{}}],"line":39},"3":{"loc":{"start":{"line":42,"column":1},"end":{"line":42,"column":39}},"type":"if","locations":[{"start":{"line":42,"column":1},"end":{"line":42,"column":39}},{"start":{},"end":{}}],"line":42}},"s":{"0":2,"1":2,"2":0,"3":0,"4":2,"5":0,"6":0,"7":0,"8":0,"9":0,"10":0,"11":0,"12":2,"13":0,"14":0,"15":0,"16":0,"17":0,"18":0,"19":0,"20":0,"21":0,"22":0,"23":0,"24":0,"25":2,"26":2,"27":2},"f":{"0":0,"1":0,"2":0,"3":0},"b":{"0":[0,0],"1":[0,0],"2":[0,0],"3":[0,0]},"_coverageSchema":"1a1c01bbd47fc00a2c39e90264f33305004495a9","hash":"7715f99124aae08a2a4eaed6de1afbddc07a4acb"}
,"C:\\Users\\sandun induwara\\Desktop\\sem5\\SEP\\node server\\gt-api\\controllers\\symbolController.js": {"path":"C:\\Users\\sandun induwara\\Desktop\\sem5\\SEP\\node server\\gt-api\\controllers\\symbolController.js","statementMap":{"0":{"start":{"line":1,"column":23},"end":{"line":1,"column":59}},"1":{"start":{"line":3,"column":35},"end":{"line":11,"column":1}},"2":{"start":{"line":4,"column":17},"end":{"line":4,"column":66}},"3":{"start":{"line":5,"column":1},"end":{"line":10,"column":4}},"4":{"start":{"line":13,"column":31},"end":{"line":29,"column":1}},"5":{"start":{"line":14,"column":20},"end":{"line":14,"column":42}},"6":{"start":{"line":15,"column":1},"end":{"line":19,"column":4}},"7":{"start":{"line":15,"column":18},"end":{"line":19,"column":4}},"8":{"start":{"line":21,"column":17},"end":{"line":21,"column":72}},"9":{"start":{"line":23,"column":1},"end":{"line":28,"column":4}},"10":{"start":{"line":31,"column":0},"end":{"line":31,"column":64}},"11":{"start":{"line":32,"column":0},"end":{"line":32,"column":56}}},"fnMap":{"0":{"name":"(anonymous_0)","decl":{"start":{"line":3,"column":35},"end":{"line":3,"column":36}},"loc":{"start":{"line":3,"column":55},"end":{"line":11,"column":1}},"line":3},"1":{"name":"(anonymous_1)","decl":{"start":{"line":13,"column":31},"end":{"line":13,"column":32}},"loc":{"start":{"line":13,"column":51},"end":{"line":29,"column":1}},"line":13}},"branchMap":{"0":{"loc":{"start":{"line":15,"column":1},"end":{"line":19,"column":4}},"type":"if","locations":[{"start":{"line":15,"column":1},"end":{"line":19,"column":4}},{"start":{},"end":{}}],"line":15}},"s":{"0":2,"1":2,"2":0,"3":0,"4":2,"5":0,"6":0,"7":0,"8":0,"9":0,"10":2,"11":2},"f":{"0":0,"1":0},"b":{"0":[0,0]},"_coverageSchema":"1a1c01bbd47fc00a2c39e90264f33305004495a9","hash":"a556fa85259994b4c110988949e9f7ba08dc660c"}
,"C:\\Users\\sandun induwara\\Desktop\\sem5\\SEP\\node server\\gt-api\\controllers\\tradingDataController.js": {"path":"C:\\Users\\sandun induwara\\Desktop\\sem5\\SEP\\node server\\gt-api\\controllers\\tradingDataController.js","statementMap":{"0":{"start":{"line":1,"column":27},"end":{"line":1,"column":68}},"1":{"start":{"line":2,"column":38},"end":{"line":2,"column":75}},"2":{"start":{"line":4,"column":20},"end":{"line":18,"column":1}},"3":{"start":{"line":6,"column":24},"end":{"line":6,"column":91}},"4":{"start":{"line":7,"column":1},"end":{"line":7,"column":81}},"5":{"start":{"line":7,"column":12},"end":{"line":7,"column":81}},"6":{"start":{"line":9,"column":40},"end":{"line":9,"column":45}},"7":{"start":{"line":11,"column":17},"end":{"line":11,"column":84}},"8":{"start":{"line":13,"column":1},"end":{"line":17,"column":2}},"9":{"start":{"line":14,"column":2},"end":{"line":14,"column":32}},"10":{"start":{"line":16,"column":2},"end":{"line":16,"column":91}},"11":{"start":{"line":20,"column":0},"end":{"line":22,"column":2}}},"fnMap":{"0":{"name":"(anonymous_0)","decl":{"start":{"line":4,"column":20},"end":{"line":4,"column":21}},"loc":{"start":{"line":4,"column":40},"end":{"line":18,"column":1}},"line":4}},"branchMap":{"0":{"loc":{"start":{"line":7,"column":1},"end":{"line":7,"column":81}},"type":"if","locations":[{"start":{"line":7,"column":1},"end":{"line":7,"column":81}},{"start":{},"end":{}}],"line":7},"1":{"loc":{"start":{"line":13,"column":1},"end":{"line":17,"column":2}},"type":"if","locations":[{"start":{"line":13,"column":1},"end":{"line":17,"column":2}},{"start":{"line":15,"column":7},"end":{"line":17,"column":2}}],"line":13}},"s":{"0":2,"1":2,"2":2,"3":0,"4":0,"5":0,"6":0,"7":0,"8":0,"9":0,"10":0,"11":2},"f":{"0":0},"b":{"0":[0,0],"1":[0,0]},"_coverageSchema":"1a1c01bbd47fc00a2c39e90264f33305004495a9","hash":"5d725be68c5a3a4d1ec10be8b4f18f6c35ed36be"}
,"C:\\Users\\sandun induwara\\Desktop\\sem5\\SEP\\node server\\gt-api\\controllers\\userController.js": {"path":"C:\\Users\\sandun induwara\\Desktop\\sem5\\SEP\\node server\\gt-api\\controllers\\userController.js","statementMap":{"0":{"start":{"line":1,"column":21},"end":{"line":1,"column":53}},"1":{"start":{"line":2,"column":15},"end":{"line":2,"column":34}},"2":{"start":{"line":3,"column":12},"end":{"line":3,"column":35}},"3":{"start":{"line":5,"column":17},"end":{"line":5,"column":42}},"4":{"start":{"line":10,"column":21},"end":{"line":52,"column":2}},"5":{"start":{"line":11,"column":75},"end":{"line":11,"column":83}},"6":{"start":{"line":14,"column":1},"end":{"line":17,"column":2}},"7":{"start":{"line":15,"column":2},"end":{"line":15,"column":18}},"8":{"start":{"line":16,"column":2},"end":{"line":16,"column":47}},"9":{"start":{"line":20,"column":20},"end":{"line":20,"column":49}},"10":{"start":{"line":22,"column":1},"end":{"line":25,"column":2}},"11":{"start":{"line":23,"column":2},"end":{"line":23,"column":18}},"12":{"start":{"line":24,"column":2},"end":{"line":24,"column":40}},"13":{"start":{"line":28,"column":14},"end":{"line":28,"column":38}},"14":{"start":{"line":29,"column":24},"end":{"line":29,"column":57}},"15":{"start":{"line":32,"column":1},"end":{"line":40,"column":4}},"16":{"start":{"line":43,"column":1},"end":{"line":45,"column":4}},"17":{"start":{"line":57,"column":18},"end":{"line":76,"column":2}},"18":{"start":{"line":58,"column":29},"end":{"line":58,"column":37}},"19":{"start":{"line":60,"column":14},"end":{"line":60,"column":43}},"20":{"start":{"line":63,"column":1},"end":{"line":75,"column":2}},"21":{"start":{"line":64,"column":2},"end":{"line":71,"column":5}},"22":{"start":{"line":73,"column":2},"end":{"line":73,"column":18}},"23":{"start":{"line":74,"column":2},"end":{"line":74,"column":41}},"24":{"start":{"line":81,"column":19},"end":{"line":99,"column":2}},"25":{"start":{"line":82,"column":27},"end":{"line":82,"column":35}},"26":{"start":{"line":84,"column":1},"end":{"line":87,"column":2}},"27":{"start":{"line":85,"column":2},"end":{"line":85,"column":18}},"28":{"start":{"line":86,"column":2},"end":{"line":86,"column":47}},"29":{"start":{"line":89,"column":17},"end":{"line":89,"column":74}},"30":{"start":{"line":92,"column":1},"end":{"line":95,"column":4}},"31":{"start":{"line":105,"column":14},"end":{"line":113,"column":2}},"32":{"start":{"line":106,"column":14},"end":{"line":111,"column":2}},"33":{"start":{"line":112,"column":1},"end":{"line":112,"column":28}},"34":{"start":{"line":116,"column":22},"end":{"line":120,"column":1}},"35":{"start":{"line":117,"column":1},"end":{"line":119,"column":4}},"36":{"start":{"line":123,"column":29},"end":{"line":127,"column":1}},"37":{"start":{"line":124,"column":1},"end":{"line":126,"column":4}},"38":{"start":{"line":131,"column":0},"end":{"line":138,"column":2}}},"fnMap":{"0":{"name":"(anonymous_0)","decl":{"start":{"line":10,"column":34},"end":{"line":10,"column":35}},"loc":{"start":{"line":10,"column":54},"end":{"line":52,"column":1}},"line":10},"1":{"name":"(anonymous_1)","decl":{"start":{"line":57,"column":31},"end":{"line":57,"column":32}},"loc":{"start":{"line":57,"column":51},"end":{"line":76,"column":1}},"line":57},"2":{"name":"(anonymous_2)","decl":{"start":{"line":81,"column":32},"end":{"line":81,"column":33}},"loc":{"start":{"line":81,"column":52},"end":{"line":99,"column":1}},"line":81},"3":{"name":"(anonymous_3)","decl":{"start":{"line":105,"column":27},"end":{"line":105,"column":28}},"loc":{"start":{"line":105,"column":47},"end":{"line":113,"column":1}},"line":105},"4":{"name":"(anonymous_4)","decl":{"start":{"line":116,"column":22},"end":{"line":116,"column":23}},"loc":{"start":{"line":116,"column":36},"end":{"line":120,"column":1}},"line":116},"5":{"name":"(anonymous_5)","decl":{"start":{"line":123,"column":29},"end":{"line":123,"column":30}},"loc":{"start":{"line":123,"column":43},"end":{"line":127,"column":1}},"line":123}},"branchMap":{"0":{"loc":{"start":{"line":14,"column":1},"end":{"line":17,"column":2}},"type":"if","locations":[{"start":{"line":14,"column":1},"end":{"line":17,"column":2}},{"start":{},"end":{}}],"line":14},"1":{"loc":{"start":{"line":14,"column":5},"end":{"line":14,"column":67}},"type":"binary-expr","locations":[{"start":{"line":14,"column":5},"end":{"line":14,"column":16}},{"start":{"line":14,"column":20},"end":{"line":14,"column":30}},{"start":{"line":14,"column":34},"end":{"line":14,"column":40}},{"start":{"line":14,"column":44},"end":{"line":14,"column":53}},{"start":{"line":14,"column":57},"end":{"line":14,"column":67}}],"line":14},"2":{"loc":{"start":{"line":22,"column":1},"end":{"line":25,"column":2}},"type":"if","locations":[{"start":{"line":22,"column":1},"end":{"line":25,"column":2}},{"start":{},"end":{}}],"line":22},"3":{"loc":{"start":{"line":63,"column":1},"end":{"line":75,"column":2}},"type":"if","locations":[{"start":{"line":63,"column":1},"end":{"line":75,"column":2}},{"start":{"line":72,"column":8},"end":{"line":75,"column":2}}],"line":63},"4":{"loc":{"start":{"line":63,"column":5},"end":{"line":63,"column":60}},"type":"binary-expr","locations":[{"start":{"line":63,"column":5},"end":{"line":63,"column":9}},{"start":{"line":63,"column":14},"end":{"line":63,"column":59}}],"line":63},"5":{"loc":{"start":{"line":84,"column":1},"end":{"line":87,"column":2}},"type":"if","locations":[{"start":{"line":84,"column":1},"end":{"line":87,"column":2}},{"start":{},"end":{}}],"line":84}},"s":{"0":3,"1":3,"2":3,"3":3,"4":3,"5":4,"6":4,"7":1,"8":1,"9":3,"10":3,"11":1,"12":1,"13":2,"14":2,"15":2,"16":2,"17":3,"18":3,"19":3,"20":3,"21":2,"22":1,"23":1,"24":3,"25":2,"26":2,"27":1,"28":1,"29":1,"30":1,"31":3,"32":1,"33":1,"34":3,"35":4,"36":3,"37":4,"38":3},"f":{"0":4,"1":3,"2":2,"3":1,"4":4,"5":4},"b":{"0":[1,3],"1":[4,4,4,3,3],"2":[1,2],"3":[2,1],"4":[3,3],"5":[1,1]},"_coverageSchema":"1a1c01bbd47fc00a2c39e90264f33305004495a9","hash":"7bf2742a46c8cf2f092e31d09c41ac8a324dbab2"}
,"C:\\Users\\sandun induwara\\Desktop\\sem5\\SEP\\node server\\gt-api\\controllers\\watchlistController.js": {"path":"C:\\Users\\sandun induwara\\Desktop\\sem5\\SEP\\node server\\gt-api\\controllers\\watchlistController.js","statementMap":{"0":{"start":{"line":1,"column":17},"end":{"line":1,"column":42}},"1":{"start":{"line":2,"column":21},"end":{"line":2,"column":53}},"2":{"start":{"line":3,"column":37},"end":{"line":3,"column":73}},"3":{"start":{"line":6,"column":17},"end":{"line":36,"column":2}},"4":{"start":{"line":8,"column":30},"end":{"line":8,"column":38}},"5":{"start":{"line":11,"column":1},"end":{"line":14,"column":2}},"6":{"start":{"line":12,"column":2},"end":{"line":12,"column":18}},"7":{"start":{"line":13,"column":2},"end":{"line":13,"column":47}},"8":{"start":{"line":16,"column":1},"end":{"line":20,"column":2}},"9":{"start":{"line":18,"column":2},"end":{"line":18,"column":18}},"10":{"start":{"line":19,"column":2},"end":{"line":19,"column":43}},"11":{"start":{"line":28,"column":1},"end":{"line":31,"column":40}},"12":{"start":{"line":34,"column":1},"end":{"line":34,"column":50}},"13":{"start":{"line":39,"column":20},"end":{"line":83,"column":2}},"14":{"start":{"line":41,"column":20},"end":{"line":41,"column":28}},"15":{"start":{"line":44,"column":1},"end":{"line":47,"column":2}},"16":{"start":{"line":45,"column":2},"end":{"line":45,"column":18}},"17":{"start":{"line":46,"column":2},"end":{"line":46,"column":47}},"18":{"start":{"line":49,"column":1},"end":{"line":52,"column":2}},"19":{"start":{"line":50,"column":2},"end":{"line":50,"column":18}},"20":{"start":{"line":51,"column":2},"end":{"line":51,"column":43}},"21":{"start":{"line":60,"column":14},"end":{"line":60,"column":41}},"22":{"start":{"line":68,"column":12},"end":{"line":77,"column":2}},"23":{"start":{"line":69,"column":17},"end":{"line":69,"column":51}},"24":{"start":{"line":70,"column":2},"end":{"line":74,"column":4}},"25":{"start":{"line":81,"column":1},"end":{"line":81,"column":28}},"26":{"start":{"line":91,"column":0},"end":{"line":94,"column":2}}},"fnMap":{"0":{"name":"(anonymous_0)","decl":{"start":{"line":6,"column":30},"end":{"line":6,"column":31}},"loc":{"start":{"line":6,"column":50},"end":{"line":36,"column":1}},"line":6},"1":{"name":"(anonymous_1)","decl":{"start":{"line":39,"column":33},"end":{"line":39,"column":34}},"loc":{"start":{"line":39,"column":53},"end":{"line":83,"column":1}},"line":39},"2":{"name":"(anonymous_2)","decl":{"start":{"line":68,"column":55},"end":{"line":68,"column":56}},"loc":{"start":{"line":68,"column":69},"end":{"line":76,"column":2}},"line":68}},"branchMap":{"0":{"loc":{"start":{"line":11,"column":1},"end":{"line":14,"column":2}},"type":"if","locations":[{"start":{"line":11,"column":1},"end":{"line":14,"column":2}},{"start":{},"end":{}}],"line":11},"1":{"loc":{"start":{"line":11,"column":5},"end":{"line":11,"column":25}},"type":"binary-expr","locations":[{"start":{"line":11,"column":5},"end":{"line":11,"column":14}},{"start":{"line":11,"column":18},"end":{"line":11,"column":25}}],"line":11},"2":{"loc":{"start":{"line":16,"column":1},"end":{"line":20,"column":2}},"type":"if","locations":[{"start":{"line":16,"column":1},"end":{"line":20,"column":2}},{"start":{},"end":{}}],"line":16},"3":{"loc":{"start":{"line":44,"column":1},"end":{"line":47,"column":2}},"type":"if","locations":[{"start":{"line":44,"column":1},"end":{"line":47,"column":2}},{"start":{},"end":{}}],"line":44},"4":{"loc":{"start":{"line":49,"column":1},"end":{"line":52,"column":2}},"type":"if","locations":[{"start":{"line":49,"column":1},"end":{"line":52,"column":2}},{"start":{},"end":{}}],"line":49}},"s":{"0":2,"1":2,"2":2,"3":2,"4":3,"5":3,"6":1,"7":1,"8":2,"9":1,"10":1,"11":1,"12":1,"13":2,"14":3,"15":3,"16":1,"17":1,"18":2,"19":1,"20":1,"21":1,"22":1,"23":1,"24":1,"25":1,"26":2},"f":{"0":3,"1":3,"2":1},"b":{"0":[1,2],"1":[3,2],"2":[1,1],"3":[1,2],"4":[1,1]},"_coverageSchema":"1a1c01bbd47fc00a2c39e90264f33305004495a9","hash":"c267d62674869188e40180dc73a01f9b5735801a"}
,"C:\\Users\\sandun induwara\\Desktop\\sem5\\SEP\\node server\\gt-api\\helper\\indicators.js": {"path":"C:\\Users\\sandun induwara\\Desktop\\sem5\\SEP\\node server\\gt-api\\helper\\indicators.js","statementMap":{"0":{"start":{"line":2,"column":15},"end":{"line":2,"column":32}},"1":{"start":{"line":3,"column":22},"end":{"line":3,"column":37}},"2":{"start":{"line":9,"column":18},"end":{"line":9,"column":60}},"3":{"start":{"line":11,"column":18},"end":{"line":11,"column":60}},"4":{"start":{"line":14,"column":21},"end":{"line":14,"column":66}},"5":{"start":{"line":16,"column":18},"end":{"line":16,"column":60}},"6":{"start":{"line":19,"column":18},"end":{"line":19,"column":60}},"7":{"start":{"line":21,"column":19},"end":{"line":21,"column":62}},"8":{"start":{"line":23,"column":18},"end":{"line":23,"column":60}},"9":{"start":{"line":27,"column":20},"end":{"line":27,"column":64}},"10":{"start":{"line":31,"column":18},"end":{"line":31,"column":60}},"11":{"start":{"line":36,"column":17},"end":{"line":36,"column":58}},"12":{"start":{"line":38,"column":19},"end":{"line":38,"column":62}},"13":{"start":{"line":41,"column":19},"end":{"line":41,"column":62}},"14":{"start":{"line":44,"column":16},"end":{"line":59,"column":1}},"15":{"start":{"line":49,"column":12},"end":{"line":49,"column":42}},"16":{"start":{"line":49,"column":28},"end":{"line":49,"column":41}},"17":{"start":{"line":50,"column":17},"end":{"line":50,"column":43}},"18":{"start":{"line":51,"column":12},"end":{"line":51,"column":22}},"19":{"start":{"line":52,"column":14},"end":{"line":52,"column":37}},"20":{"start":{"line":53,"column":20},"end":{"line":53,"column":55}},"21":{"start":{"line":53,"column":52},"end":{"line":53,"column":54}},"22":{"start":{"line":54,"column":12},"end":{"line":54,"column":34}},"23":{"start":{"line":56,"column":1},"end":{"line":56,"column":52}},"24":{"start":{"line":56,"column":29},"end":{"line":56,"column":48}},"25":{"start":{"line":58,"column":1},"end":{"line":58,"column":13}},"26":{"start":{"line":61,"column":16},"end":{"line":73,"column":1}},"27":{"start":{"line":63,"column":12},"end":{"line":63,"column":42}},"28":{"start":{"line":63,"column":28},"end":{"line":63,"column":41}},"29":{"start":{"line":64,"column":17},"end":{"line":64,"column":43}},"30":{"start":{"line":65,"column":12},"end":{"line":65,"column":22}},"31":{"start":{"line":66,"column":14},"end":{"line":66,"column":37}},"32":{"start":{"line":67,"column":20},"end":{"line":67,"column":55}},"33":{"start":{"line":67,"column":52},"end":{"line":67,"column":54}},"34":{"start":{"line":68,"column":12},"end":{"line":68,"column":34}},"35":{"start":{"line":70,"column":1},"end":{"line":70,"column":52}},"36":{"start":{"line":70,"column":29},"end":{"line":70,"column":48}},"37":{"start":{"line":72,"column":1},"end":{"line":72,"column":13}},"38":{"start":{"line":75,"column":19},"end":{"line":92,"column":1}},"39":{"start":{"line":76,"column":12},"end":{"line":76,"column":42}},"40":{"start":{"line":76,"column":28},"end":{"line":76,"column":41}},"41":{"start":{"line":77,"column":17},"end":{"line":77,"column":48}},"42":{"start":{"line":78,"column":14},"end":{"line":78,"column":45}},"43":{"start":{"line":79,"column":20},"end":{"line":79,"column":55}},"44":{"start":{"line":79,"column":52},"end":{"line":79,"column":54}},"45":{"start":{"line":81,"column":16},"end":{"line":81,"column":46}},"46":{"start":{"line":82,"column":16},"end":{"line":82,"column":46}},"47":{"start":{"line":83,"column":16},"end":{"line":83,"column":46}},"48":{"start":{"line":85,"column":1},"end":{"line":90,"column":5}},"49":{"start":{"line":85,"column":28},"end":{"line":90,"column":2}},"50":{"start":{"line":91,"column":1},"end":{"line":91,"column":13}},"51":{"start":{"line":94,"column":16},"end":{"line":105,"column":1}},"52":{"start":{"line":95,"column":12},"end":{"line":95,"column":42}},"53":{"start":{"line":95,"column":28},"end":{"line":95,"column":41}},"54":{"start":{"line":96,"column":17},"end":{"line":96,"column":43}},"55":{"start":{"line":97,"column":12},"end":{"line":97,"column":22}},"56":{"start":{"line":98,"column":14},"end":{"line":98,"column":37}},"57":{"start":{"line":99,"column":20},"end":{"line":99,"column":55}},"58":{"start":{"line":99,"column":52},"end":{"line":99,"column":54}},"59":{"start":{"line":100,"column":12},"end":{"line":100,"column":34}},"60":{"start":{"line":102,"column":1},"end":{"line":102,"column":52}},"61":{"start":{"line":102,"column":29},"end":{"line":102,"column":48}},"62":{"start":{"line":104,"column":1},"end":{"line":104,"column":13}},"63":{"start":{"line":110,"column":16},"end":{"line":121,"column":1}},"64":{"start":{"line":111,"column":12},"end":{"line":111,"column":42}},"65":{"start":{"line":111,"column":28},"end":{"line":111,"column":41}},"66":{"start":{"line":112,"column":17},"end":{"line":112,"column":43}},"67":{"start":{"line":113,"column":12},"end":{"line":113,"column":22}},"68":{"start":{"line":114,"column":14},"end":{"line":114,"column":37}},"69":{"start":{"line":115,"column":20},"end":{"line":115,"column":55}},"70":{"start":{"line":115,"column":52},"end":{"line":115,"column":54}},"71":{"start":{"line":116,"column":12},"end":{"line":116,"column":34}},"72":{"start":{"line":118,"column":1},"end":{"line":118,"column":52}},"73":{"start":{"line":118,"column":29},"end":{"line":118,"column":48}},"74":{"start":{"line":120,"column":1},"end":{"line":120,"column":13}},"75":{"start":{"line":124,"column":17},"end":{"line":141,"column":1}},"76":{"start":{"line":125,"column":12},"end":{"line":125,"column":42}},"77":{"start":{"line":125,"column":28},"end":{"line":125,"column":41}},"78":{"start":{"line":126,"column":17},"end":{"line":126,"column":50}},"79":{"start":{"line":127,"column":14},"end":{"line":127,"column":45}},"80":{"start":{"line":128,"column":20},"end":{"line":128,"column":55}},"81":{"start":{"line":128,"column":52},"end":{"line":128,"column":54}},"82":{"start":{"line":130,"column":15},"end":{"line":130,"column":45}},"83":{"start":{"line":131,"column":15},"end":{"line":131,"column":45}},"84":{"start":{"line":132,"column":15},"end":{"line":132,"column":45}},"85":{"start":{"line":134,"column":1},"end":{"line":139,"column":5}},"86":{"start":{"line":134,"column":28},"end":{"line":139,"column":2}},"87":{"start":{"line":140,"column":1},"end":{"line":140,"column":13}},"88":{"start":{"line":144,"column":16},"end":{"line":155,"column":1}},"89":{"start":{"line":145,"column":12},"end":{"line":145,"column":42}},"90":{"start":{"line":145,"column":28},"end":{"line":145,"column":41}},"91":{"start":{"line":146,"column":17},"end":{"line":146,"column":43}},"92":{"start":{"line":147,"column":12},"end":{"line":147,"column":22}},"93":{"start":{"line":148,"column":14},"end":{"line":148,"column":37}},"94":{"start":{"line":149,"column":20},"end":{"line":149,"column":55}},"95":{"start":{"line":149,"column":52},"end":{"line":149,"column":54}},"96":{"start":{"line":150,"column":12},"end":{"line":150,"column":34}},"97":{"start":{"line":152,"column":1},"end":{"line":152,"column":52}},"98":{"start":{"line":152,"column":29},"end":{"line":152,"column":48}},"99":{"start":{"line":154,"column":1},"end":{"line":154,"column":13}},"100":{"start":{"line":157,"column":18},"end":{"line":178,"column":1}},"101":{"start":{"line":160,"column":12},"end":{"line":160,"column":41}},"102":{"start":{"line":160,"column":28},"end":{"line":160,"column":40}},"103":{"start":{"line":161,"column":12},"end":{"line":161,"column":40}},"104":{"start":{"line":161,"column":28},"end":{"line":161,"column":39}},"105":{"start":{"line":162,"column":12},"end":{"line":162,"column":42}},"106":{"start":{"line":162,"column":28},"end":{"line":162,"column":41}},"107":{"start":{"line":163,"column":17},"end":{"line":163,"column":57}},"108":{"start":{"line":164,"column":14},"end":{"line":164,"column":45}},"109":{"start":{"line":165,"column":20},"end":{"line":165,"column":55}},"110":{"start":{"line":165,"column":52},"end":{"line":165,"column":54}},"111":{"start":{"line":167,"column":17},"end":{"line":167,"column":47}},"112":{"start":{"line":168,"column":17},"end":{"line":168,"column":47}},"113":{"start":{"line":171,"column":1},"end":{"line":176,"column":5}},"114":{"start":{"line":171,"column":28},"end":{"line":176,"column":2}},"115":{"start":{"line":177,"column":1},"end":{"line":177,"column":13}},"116":{"start":{"line":180,"column":16},"end":{"line":194,"column":1}},"117":{"start":{"line":183,"column":12},"end":{"line":183,"column":42}},"118":{"start":{"line":183,"column":28},"end":{"line":183,"column":41}},"119":{"start":{"line":184,"column":12},"end":{"line":184,"column":37}},"120":{"start":{"line":184,"column":28},"end":{"line":184,"column":36}},"121":{"start":{"line":185,"column":17},"end":{"line":185,"column":45}},"122":{"start":{"line":186,"column":12},"end":{"line":186,"column":22}},"123":{"start":{"line":187,"column":14},"end":{"line":187,"column":37}},"124":{"start":{"line":188,"column":20},"end":{"line":188,"column":55}},"125":{"start":{"line":188,"column":52},"end":{"line":188,"column":54}},"126":{"start":{"line":189,"column":12},"end":{"line":189,"column":34}},"127":{"start":{"line":191,"column":1},"end":{"line":191,"column":52}},"128":{"start":{"line":191,"column":29},"end":{"line":191,"column":48}},"129":{"start":{"line":193,"column":1},"end":{"line":193,"column":13}},"130":{"start":{"line":198,"column":15},"end":{"line":210,"column":1}},"131":{"start":{"line":200,"column":12},"end":{"line":200,"column":42}},"132":{"start":{"line":200,"column":28},"end":{"line":200,"column":41}},"133":{"start":{"line":201,"column":17},"end":{"line":201,"column":42}},"134":{"start":{"line":202,"column":12},"end":{"line":202,"column":22}},"135":{"start":{"line":203,"column":14},"end":{"line":203,"column":37}},"136":{"start":{"line":204,"column":20},"end":{"line":204,"column":55}},"137":{"start":{"line":204,"column":52},"end":{"line":204,"column":54}},"138":{"start":{"line":205,"column":12},"end":{"line":205,"column":34}},"139":{"start":{"line":207,"column":1},"end":{"line":207,"column":51}},"140":{"start":{"line":207,"column":29},"end":{"line":207,"column":47}},"141":{"start":{"line":209,"column":1},"end":{"line":209,"column":13}},"142":{"start":{"line":212,"column":17},"end":{"line":224,"column":1}},"143":{"start":{"line":214,"column":12},"end":{"line":214,"column":42}},"144":{"start":{"line":214,"column":28},"end":{"line":214,"column":41}},"145":{"start":{"line":215,"column":17},"end":{"line":215,"column":44}},"146":{"start":{"line":216,"column":12},"end":{"line":216,"column":22}},"147":{"start":{"line":217,"column":14},"end":{"line":217,"column":37}},"148":{"start":{"line":218,"column":20},"end":{"line":218,"column":55}},"149":{"start":{"line":218,"column":52},"end":{"line":218,"column":54}},"150":{"start":{"line":219,"column":12},"end":{"line":219,"column":34}},"151":{"start":{"line":221,"column":1},"end":{"line":221,"column":53}},"152":{"start":{"line":221,"column":29},"end":{"line":221,"column":49}},"153":{"start":{"line":223,"column":1},"end":{"line":223,"column":13}},"154":{"start":{"line":226,"column":17},"end":{"line":239,"column":1}},"155":{"start":{"line":228,"column":12},"end":{"line":228,"column":42}},"156":{"start":{"line":228,"column":28},"end":{"line":228,"column":41}},"157":{"start":{"line":229,"column":12},"end":{"line":229,"column":37}},"158":{"start":{"line":229,"column":28},"end":{"line":229,"column":36}},"159":{"start":{"line":230,"column":17},"end":{"line":230,"column":47}},"160":{"start":{"line":231,"column":12},"end":{"line":231,"column":22}},"161":{"start":{"line":232,"column":14},"end":{"line":232,"column":37}},"162":{"start":{"line":233,"column":20},"end":{"line":233,"column":55}},"163":{"start":{"line":233,"column":52},"end":{"line":233,"column":54}},"164":{"start":{"line":234,"column":12},"end":{"line":234,"column":34}},"165":{"start":{"line":236,"column":1},"end":{"line":236,"column":53}},"166":{"start":{"line":236,"column":29},"end":{"line":236,"column":49}},"167":{"start":{"line":238,"column":1},"end":{"line":238,"column":13}},"168":{"start":{"line":245,"column":0},"end":{"line":245,"column":130}}},"fnMap":{"0":{"name":"(anonymous_0)","decl":{"start":{"line":44,"column":16},"end":{"line":44,"column":17}},"loc":{"start":{"line":44,"column":32},"end":{"line":59,"column":1}},"line":44},"1":{"name":"(anonymous_1)","decl":{"start":{"line":49,"column":21},"end":{"line":49,"column":22}},"loc":{"start":{"line":49,"column":28},"end":{"line":49,"column":41}},"line":49},"2":{"name":"(anonymous_2)","decl":{"start":{"line":53,"column":45},"end":{"line":53,"column":46}},"loc":{"start":{"line":53,"column":52},"end":{"line":53,"column":54}},"line":53},"3":{"name":"(anonymous_3)","decl":{"start":{"line":56,"column":17},"end":{"line":56,"column":18}},"loc":{"start":{"line":56,"column":29},"end":{"line":56,"column":48}},"line":56},"4":{"name":"(anonymous_4)","decl":{"start":{"line":61,"column":16},"end":{"line":61,"column":17}},"loc":{"start":{"line":61,"column":32},"end":{"line":73,"column":1}},"line":61},"5":{"name":"(anonymous_5)","decl":{"start":{"line":63,"column":21},"end":{"line":63,"column":22}},"loc":{"start":{"line":63,"column":28},"end":{"line":63,"column":41}},"line":63},"6":{"name":"(anonymous_6)","decl":{"start":{"line":67,"column":45},"end":{"line":67,"column":46}},"loc":{"start":{"line":67,"column":52},"end":{"line":67,"column":54}},"line":67},"7":{"name":"(anonymous_7)","decl":{"start":{"line":70,"column":17},"end":{"line":70,"column":18}},"loc":{"start":{"line":70,"column":29},"end":{"line":70,"column":48}},"line":70},"8":{"name":"(anonymous_8)","decl":{"start":{"line":75,"column":19},"end":{"line":75,"column":20}},"loc":{"start":{"line":75,"column":35},"end":{"line":92,"column":1}},"line":75},"9":{"name":"(anonymous_9)","decl":{"start":{"line":76,"column":21},"end":{"line":76,"column":22}},"loc":{"start":{"line":76,"column":28},"end":{"line":76,"column":41}},"line":76},"10":{"name":"(anonymous_10)","decl":{"start":{"line":79,"column":45},"end":{"line":79,"column":46}},"loc":{"start":{"line":79,"column":52},"end":{"line":79,"column":54}},"line":79},"11":{"name":"(anonymous_11)","decl":{"start":{"line":85,"column":17},"end":{"line":85,"column":18}},"loc":{"start":{"line":85,"column":28},"end":{"line":90,"column":2}},"line":85},"12":{"name":"(anonymous_12)","decl":{"start":{"line":94,"column":16},"end":{"line":94,"column":17}},"loc":{"start":{"line":94,"column":32},"end":{"line":105,"column":1}},"line":94},"13":{"name":"(anonymous_13)","decl":{"start":{"line":95,"column":21},"end":{"line":95,"column":22}},"loc":{"start":{"line":95,"column":28},"end":{"line":95,"column":41}},"line":95},"14":{"name":"(anonymous_14)","decl":{"start":{"line":99,"column":45},"end":{"line":99,"column":46}},"loc":{"start":{"line":99,"column":52},"end":{"line":99,"column":54}},"line":99},"15":{"name":"(anonymous_15)","decl":{"start":{"line":102,"column":17},"end":{"line":102,"column":18}},"loc":{"start":{"line":102,"column":29},"end":{"line":102,"column":48}},"line":102},"16":{"name":"(anonymous_16)","decl":{"start":{"line":110,"column":16},"end":{"line":110,"column":17}},"loc":{"start":{"line":110,"column":32},"end":{"line":121,"column":1}},"line":110},"17":{"name":"(anonymous_17)","decl":{"start":{"line":111,"column":21},"end":{"line":111,"column":22}},"loc":{"start":{"line":111,"column":28},"end":{"line":111,"column":41}},"line":111},"18":{"name":"(anonymous_18)","decl":{"start":{"line":115,"column":45},"end":{"line":115,"column":46}},"loc":{"start":{"line":115,"column":52},"end":{"line":115,"column":54}},"line":115},"19":{"name":"(anonymous_19)","decl":{"start":{"line":118,"column":17},"end":{"line":118,"column":18}},"loc":{"start":{"line":118,"column":29},"end":{"line":118,"column":48}},"line":118},"20":{"name":"(anonymous_20)","decl":{"start":{"line":124,"column":17},"end":{"line":124,"column":18}},"loc":{"start":{"line":124,"column":33},"end":{"line":141,"column":1}},"line":124},"21":{"name":"(anonymous_21)","decl":{"start":{"line":125,"column":21},"end":{"line":125,"column":22}},"loc":{"start":{"line":125,"column":28},"end":{"line":125,"column":41}},"line":125},"22":{"name":"(anonymous_22)","decl":{"start":{"line":128,"column":45},"end":{"line":128,"column":46}},"loc":{"start":{"line":128,"column":52},"end":{"line":128,"column":54}},"line":128},"23":{"name":"(anonymous_23)","decl":{"start":{"line":134,"column":17},"end":{"line":134,"column":18}},"loc":{"start":{"line":134,"column":28},"end":{"line":139,"column":2}},"line":134},"24":{"name":"(anonymous_24)","decl":{"start":{"line":144,"column":16},"end":{"line":144,"column":17}},"loc":{"start":{"line":144,"column":32},"end":{"line":155,"column":1}},"line":144},"25":{"name":"(anonymous_25)","decl":{"start":{"line":145,"column":21},"end":{"line":145,"column":22}},"loc":{"start":{"line":145,"column":28},"end":{"line":145,"column":41}},"line":145},"26":{"name":"(anonymous_26)","decl":{"start":{"line":149,"column":45},"end":{"line":149,"column":46}},"loc":{"start":{"line":149,"column":52},"end":{"line":149,"column":54}},"line":149},"27":{"name":"(anonymous_27)","decl":{"start":{"line":152,"column":17},"end":{"line":152,"column":18}},"loc":{"start":{"line":152,"column":29},"end":{"line":152,"column":48}},"line":152},"28":{"name":"(anonymous_28)","decl":{"start":{"line":157,"column":18},"end":{"line":157,"column":19}},"loc":{"start":{"line":157,"column":34},"end":{"line":178,"column":1}},"line":157},"29":{"name":"(anonymous_29)","decl":{"start":{"line":160,"column":21},"end":{"line":160,"column":22}},"loc":{"start":{"line":160,"column":28},"end":{"line":160,"column":40}},"line":160},"30":{"name":"(anonymous_30)","decl":{"start":{"line":161,"column":21},"end":{"line":161,"column":22}},"loc":{"start":{"line":161,"column":28},"end":{"line":161,"column":39}},"line":161},"31":{"name":"(anonymous_31)","decl":{"start":{"line":162,"column":21},"end":{"line":162,"column":22}},"loc":{"start":{"line":162,"column":28},"end":{"line":162,"column":41}},"line":162},"32":{"name":"(anonymous_32)","decl":{"start":{"line":165,"column":45},"end":{"line":165,"column":46}},"loc":{"start":{"line":165,"column":52},"end":{"line":165,"column":54}},"line":165},"33":{"name":"(anonymous_33)","decl":{"start":{"line":171,"column":17},"end":{"line":171,"column":18}},"loc":{"start":{"line":171,"column":28},"end":{"line":176,"column":2}},"line":171},"34":{"name":"(anonymous_34)","decl":{"start":{"line":180,"column":16},"end":{"line":180,"column":17}},"loc":{"start":{"line":180,"column":32},"end":{"line":194,"column":1}},"line":180},"35":{"name":"(anonymous_35)","decl":{"start":{"line":183,"column":21},"end":{"line":183,"column":22}},"loc":{"start":{"line":183,"column":28},"end":{"line":183,"column":41}},"line":183},"36":{"name":"(anonymous_36)","decl":{"start":{"line":184,"column":21},"end":{"line":184,"column":22}},"loc":{"start":{"line":184,"column":28},"end":{"line":184,"column":36}},"line":184},"37":{"name":"(anonymous_37)","decl":{"start":{"line":188,"column":45},"end":{"line":188,"column":46}},"loc":{"start":{"line":188,"column":52},"end":{"line":188,"column":54}},"line":188},"38":{"name":"(anonymous_38)","decl":{"start":{"line":191,"column":17},"end":{"line":191,"column":18}},"loc":{"start":{"line":191,"column":29},"end":{"line":191,"column":48}},"line":191},"39":{"name":"(anonymous_39)","decl":{"start":{"line":198,"column":15},"end":{"line":198,"column":16}},"loc":{"start":{"line":198,"column":31},"end":{"line":210,"column":1}},"line":198},"40":{"name":"(anonymous_40)","decl":{"start":{"line":200,"column":21},"end":{"line":200,"column":22}},"loc":{"start":{"line":200,"column":28},"end":{"line":200,"column":41}},"line":200},"41":{"name":"(anonymous_41)","decl":{"start":{"line":204,"column":45},"end":{"line":204,"column":46}},"loc":{"start":{"line":204,"column":52},"end":{"line":204,"column":54}},"line":204},"42":{"name":"(anonymous_42)","decl":{"start":{"line":207,"column":17},"end":{"line":207,"column":18}},"loc":{"start":{"line":207,"column":29},"end":{"line":207,"column":47}},"line":207},"43":{"name":"(anonymous_43)","decl":{"start":{"line":212,"column":17},"end":{"line":212,"column":18}},"loc":{"start":{"line":212,"column":33},"end":{"line":224,"column":1}},"line":212},"44":{"name":"(anonymous_44)","decl":{"start":{"line":214,"column":21},"end":{"line":214,"column":22}},"loc":{"start":{"line":214,"column":28},"end":{"line":214,"column":41}},"line":214},"45":{"name":"(anonymous_45)","decl":{"start":{"line":218,"column":45},"end":{"line":218,"column":46}},"loc":{"start":{"line":218,"column":52},"end":{"line":218,"column":54}},"line":218},"46":{"name":"(anonymous_46)","decl":{"start":{"line":221,"column":17},"end":{"line":221,"column":18}},"loc":{"start":{"line":221,"column":29},"end":{"line":221,"column":49}},"line":221},"47":{"name":"(anonymous_47)","decl":{"start":{"line":226,"column":17},"end":{"line":226,"column":18}},"loc":{"start":{"line":226,"column":33},"end":{"line":239,"column":1}},"line":226},"48":{"name":"(anonymous_48)","decl":{"start":{"line":228,"column":21},"end":{"line":228,"column":22}},"loc":{"start":{"line":228,"column":28},"end":{"line":228,"column":41}},"line":228},"49":{"name":"(anonymous_49)","decl":{"start":{"line":229,"column":21},"end":{"line":229,"column":22}},"loc":{"start":{"line":229,"column":28},"end":{"line":229,"column":36}},"line":229},"50":{"name":"(anonymous_50)","decl":{"start":{"line":233,"column":45},"end":{"line":233,"column":46}},"loc":{"start":{"line":233,"column":52},"end":{"line":233,"column":54}},"line":233},"51":{"name":"(anonymous_51)","decl":{"start":{"line":236,"column":17},"end":{"line":236,"column":18}},"loc":{"start":{"line":236,"column":29},"end":{"line":236,"column":49}},"line":236}},"branchMap":{},"s":{"0":2,"1":2,"2":2,"3":2,"4":2,"5":2,"6":2,"7":2,"8":2,"9":2,"10":2,"11":2,"12":2,"13":2,"14":2,"15":0,"16":0,"17":0,"18":0,"19":0,"20":0,"21":0,"22":0,"23":0,"24":0,"25":0,"26":2,"27":0,"28":0,"29":0,"30":0,"31":0,"32":0,"33":0,"34":0,"35":0,"36":0,"37":0,"38":2,"39":0,"40":0,"41":0,"42":0,"43":0,"44":0,"45":0,"46":0,"47":0,"48":0,"49":0,"50":0,"51":2,"52":0,"53":0,"54":0,"55":0,"56":0,"57":0,"58":0,"59":0,"60":0,"61":0,"62":0,"63":2,"64":0,"65":0,"66":0,"67":0,"68":0,"69":0,"70":0,"71":0,"72":0,"73":0,"74":0,"75":2,"76":0,"77":0,"78":0,"79":0,"80":0,"81":0,"82":0,"83":0,"84":0,"85":0,"86":0,"87":0,"88":2,"89":0,"90":0,"91":0,"92":0,"93":0,"94":0,"95":0,"96":0,"97":0,"98":0,"99":0,"100":2,"101":0,"102":0,"103":0,"104":0,"105":0,"106":0,"107":0,"108":0,"109":0,"110":0,"111":0,"112":0,"113":0,"114":0,"115":0,"116":2,"117":0,"118":0,"119":0,"120":0,"121":0,"122":0,"123":0,"124":0,"125":0,"126":0,"127":0,"128":0,"129":0,"130":2,"131":0,"132":0,"133":0,"134":0,"135":0,"136":0,"137":0,"138":0,"139":0,"140":0,"141":0,"142":2,"143":0,"144":0,"145":0,"146":0,"147":0,"148":0,"149":0,"150":0,"151":0,"152":0,"153":0,"154":2,"155":0,"156":0,"157":0,"158":0,"159":0,"160":0,"161":0,"162":0,"163":0,"164":0,"165":0,"166":0,"167":0,"168":2},"f":{"0":0,"1":0,"2":0,"3":0,"4":0,"5":0,"6":0,"7":0,"8":0,"9":0,"10":0,"11":0,"12":0,"13":0,"14":0,"15":0,"16":0,"17":0,"18":0,"19":0,"20":0,"21":0,"22":0,"23":0,"24":0,"25":0,"26":0,"27":0,"28":0,"29":0,"30":0,"31":0,"32":0,"33":0,"34":0,"35":0,"36":0,"37":0,"38":0,"39":0,"40":0,"41":0,"42":0,"43":0,"44":0,"45":0,"46":0,"47":0,"48":0,"49":0,"50":0,"51":0},"b":{},"_coverageSchema":"1a1c01bbd47fc00a2c39e90264f33305004495a9","hash":"447c31b3ebc95f0673b02db5f0f13440acf63278"}
,"C:\\Users\\sandun induwara\\Desktop\\sem5\\SEP\\node server\\gt-api\\middleware\\authMiddleware.js": {"path":"C:\\Users\\sandun induwara\\Desktop\\sem5\\SEP\\node server\\gt-api\\middleware\\authMiddleware.js","statementMap":{"0":{"start":{"line":1,"column":12},"end":{"line":1,"column":35}},"1":{"start":{"line":2,"column":21},"end":{"line":2,"column":53}},"2":{"start":{"line":3,"column":17},"end":{"line":3,"column":42}},"3":{"start":{"line":5,"column":16},"end":{"line":33,"column":2}},"4":{"start":{"line":8,"column":1},"end":{"line":27,"column":2}},"5":{"start":{"line":12,"column":2},"end":{"line":26,"column":3}},"6":{"start":{"line":14,"column":3},"end":{"line":14,"column":51}},"7":{"start":{"line":16,"column":19},"end":{"line":16,"column":60}},"8":{"start":{"line":18,"column":3},"end":{"line":18,"column":66}},"9":{"start":{"line":20,"column":3},"end":{"line":20,"column":10}},"10":{"start":{"line":24,"column":3},"end":{"line":24,"column":19}},"11":{"start":{"line":25,"column":3},"end":{"line":25,"column":54}},"12":{"start":{"line":29,"column":1},"end":{"line":32,"column":2}},"13":{"start":{"line":30,"column":2},"end":{"line":30,"column":18}},"14":{"start":{"line":31,"column":2},"end":{"line":31,"column":36}},"15":{"start":{"line":35,"column":0},"end":{"line":35,"column":29}}},"fnMap":{"0":{"name":"(anonymous_0)","decl":{"start":{"line":5,"column":29},"end":{"line":5,"column":30}},"loc":{"start":{"line":5,"column":55},"end":{"line":33,"column":1}},"line":5}},"branchMap":{"0":{"loc":{"start":{"line":8,"column":1},"end":{"line":27,"column":2}},"type":"if","locations":[{"start":{"line":8,"column":1},"end":{"line":27,"column":2}},{"start":{},"end":{}}],"line":8},"1":{"loc":{"start":{"line":9,"column":2},"end":{"line":10,"column":48}},"type":"binary-expr","locations":[{"start":{"line":9,"column":2},"end":{"line":9,"column":27}},{"start":{"line":10,"column":2},"end":{"line":10,"column":48}}],"line":9},"2":{"loc":{"start":{"line":29,"column":1},"end":{"line":32,"column":2}},"type":"if","locations":[{"start":{"line":29,"column":1},"end":{"line":32,"column":2}},{"start":{},"end":{}}],"line":29}},"s":{"0":2,"1":2,"2":2,"3":2,"4":9,"5":8,"6":8,"7":8,"8":7,"9":7,"10":1,"11":1,"12":8,"13":1,"14":1,"15":2},"f":{"0":9},"b":{"0":[8,1],"1":[9,9],"2":[1,7]},"_coverageSchema":"1a1c01bbd47fc00a2c39e90264f33305004495a9","hash":"70db4a068b7839a3e54814033d117e1c83bbaa3a"}
,"C:\\Users\\sandun induwara\\Desktop\\sem5\\SEP\\node server\\gt-api\\models\\alert.js": {"path":"C:\\Users\\sandun induwara\\Desktop\\sem5\\SEP\\node server\\gt-api\\models\\alert.js","statementMap":{"0":{"start":{"line":1,"column":17},"end":{"line":1,"column":36}},"1":{"start":{"line":2,"column":0},"end":{"line":2,"column":18}},"2":{"start":{"line":4,"column":20},"end":{"line":42,"column":2}},"3":{"start":{"line":45,"column":0},"end":{"line":49,"column":3}},"4":{"start":{"line":51,"column":19},"end":{"line":51,"column":55}},"5":{"start":{"line":53,"column":0},"end":{"line":53,"column":29}},"6":{"start":{"line":54,"column":0},"end":{"line":54,"column":27}}},"fnMap":{},"branchMap":{},"s":{"0":1,"1":1,"2":1,"3":1,"4":1,"5":1,"6":1},"f":{},"b":{},"_coverageSchema":"1a1c01bbd47fc00a2c39e90264f33305004495a9","hash":"ef9d4a22e8417127deec9fbaa0eb42f03aad914f"}
,"C:\\Users\\sandun induwara\\Desktop\\sem5\\SEP\\node server\\gt-api\\models\\candleStick.js": {"path":"C:\\Users\\sandun induwara\\Desktop\\sem5\\SEP\\node server\\gt-api\\models\\candleStick.js","statementMap":{"0":{"start":{"line":1,"column":17},"end":{"line":1,"column":36}},"1":{"start":{"line":3,"column":21},"end":{"line":36,"column":2}},"2":{"start":{"line":38,"column":25},"end":{"line":38,"column":27}},"3":{"start":{"line":40,"column":30},"end":{"line":45,"column":1}},"4":{"start":{"line":41,"column":1},"end":{"line":43,"column":2}},"5":{"start":{"line":42,"column":2},"end":{"line":42,"column":92}},"6":{"start":{"line":44,"column":1},"end":{"line":44,"column":41}},"7":{"start":{"line":47,"column":0},"end":{"line":47,"column":60}}},"fnMap":{"0":{"name":"(anonymous_0)","decl":{"start":{"line":40,"column":30},"end":{"line":40,"column":31}},"loc":{"start":{"line":40,"column":50},"end":{"line":45,"column":1}},"line":40}},"branchMap":{"0":{"loc":{"start":{"line":41,"column":1},"end":{"line":43,"column":2}},"type":"if","locations":[{"start":{"line":41,"column":1},"end":{"line":43,"column":2}},{"start":{},"end":{}}],"line":41}},"s":{"0":2,"1":2,"2":2,"3":2,"4":0,"5":0,"6":0,"7":2},"f":{"0":0},"b":{"0":[0,0]},"_coverageSchema":"1a1c01bbd47fc00a2c39e90264f33305004495a9","hash":"465941afcdf55982dc0cdde3b7c3ac44f5b9e834"}
,"C:\\Users\\sandun induwara\\Desktop\\sem5\\SEP\\node server\\gt-api\\models\\indicator.js": {"path":"C:\\Users\\sandun induwara\\Desktop\\sem5\\SEP\\node server\\gt-api\\models\\indicator.js","statementMap":{"0":{"start":{"line":1,"column":17},"end":{"line":1,"column":36}},"1":{"start":{"line":3,"column":24},"end":{"line":22,"column":2}},"2":{"start":{"line":24,"column":23},"end":{"line":24,"column":67}},"3":{"start":{"line":26,"column":0},"end":{"line":26,"column":33}},"4":{"start":{"line":27,"column":0},"end":{"line":27,"column":35}}},"fnMap":{},"branchMap":{},"s":{"0":3,"1":3,"2":3,"3":3,"4":3},"f":{},"b":{},"_coverageSchema":"1a1c01bbd47fc00a2c39e90264f33305004495a9","hash":"69a7439721c5c2975969426a6369bd3c50508239"}
,"C:\\Users\\sandun induwara\\Desktop\\sem5\\SEP\\node server\\gt-api\\models\\provider.js": {"path":"C:\\Users\\sandun induwara\\Desktop\\sem5\\SEP\\node server\\gt-api\\models\\provider.js","statementMap":{"0":{"start":{"line":1,"column":17},"end":{"line":1,"column":36}},"1":{"start":{"line":3,"column":23},"end":{"line":23,"column":2}},"2":{"start":{"line":25,"column":22},"end":{"line":25,"column":64}},"3":{"start":{"line":27,"column":0},"end":{"line":27,"column":32}},"4":{"start":{"line":28,"column":0},"end":{"line":28,"column":33}}},"fnMap":{},"branchMap":{},"s":{"0":4,"1":4,"2":4,"3":4,"4":4},"f":{},"b":{},"_coverageSchema":"1a1c01bbd47fc00a2c39e90264f33305004495a9","hash":"e0590096460d66e3dc505d4f80cc4d9c5791e091"}
,"C:\\Users\\sandun induwara\\Desktop\\sem5\\SEP\\node server\\gt-api\\models\\symbol.js": {"path":"C:\\Users\\sandun induwara\\Desktop\\sem5\\SEP\\node server\\gt-api\\models\\symbol.js","statementMap":{"0":{"start":{"line":1,"column":17},"end":{"line":1,"column":36}},"1":{"start":{"line":2,"column":0},"end":{"line":2,"column":22}},"2":{"start":{"line":4,"column":21},"end":{"line":24,"column":2}},"3":{"start":{"line":26,"column":20},"end":{"line":26,"column":58}},"4":{"start":{"line":28,"column":0},"end":{"line":28,"column":30}},"5":{"start":{"line":29,"column":0},"end":{"line":29,"column":29}}},"fnMap":{},"branchMap":{},"s":{"0":3,"1":3,"2":3,"3":3,"4":3,"5":3},"f":{},"b":{},"_coverageSchema":"1a1c01bbd47fc00a2c39e90264f33305004495a9","hash":"778c32612db1092ce63bda0785e90e5ee98bd983"}
,"C:\\Users\\sandun induwara\\Desktop\\sem5\\SEP\\node server\\gt-api\\models\\user.js": {"path":"C:\\Users\\sandun induwara\\Desktop\\sem5\\SEP\\node server\\gt-api\\models\\user.js","statementMap":{"0":{"start":{"line":1,"column":17},"end":{"line":1,"column":36}},"1":{"start":{"line":3,"column":19},"end":{"line":56,"column":2}},"2":{"start":{"line":58,"column":18},"end":{"line":58,"column":52}},"3":{"start":{"line":60,"column":0},"end":{"line":60,"column":28}},"4":{"start":{"line":61,"column":0},"end":{"line":61,"column":25}}},"fnMap":{},"branchMap":{},"s":{"0":5,"1":5,"2":5,"3":5,"4":5},"f":{},"b":{},"_coverageSchema":"1a1c01bbd47fc00a2c39e90264f33305004495a9","hash":"acd7521c7b072f9171e840323c5b9ea670dafb78"}
,"C:\\Users\\sandun induwara\\Desktop\\sem5\\SEP\\node server\\gt-api\\routes\\indicators.js": {"path":"C:\\Users\\sandun induwara\\Desktop\\sem5\\SEP\\node server\\gt-api\\routes\\indicators.js","statementMap":{"0":{"start":{"line":1,"column":16},"end":{"line":1,"column":34}},"1":{"start":{"line":2,"column":15},"end":{"line":2,"column":31}},"2":{"start":{"line":4,"column":56},"end":{"line":4,"column":102}},"3":{"start":{"line":6,"column":0},"end":{"line":9,"column":23}},"4":{"start":{"line":11,"column":0},"end":{"line":11,"column":24}}},"fnMap":{},"branchMap":{},"s":{"0":2,"1":2,"2":2,"3":2,"4":2},"f":{},"b":{},"_coverageSchema":"1a1c01bbd47fc00a2c39e90264f33305004495a9","hash":"5a81b15b89f79e60d075e4153dfc4ba4134714ab"}
,"C:\\Users\\sandun induwara\\Desktop\\sem5\\SEP\\node server\\gt-api\\routes\\priceDataStore.js": {"path":"C:\\Users\\sandun induwara\\Desktop\\sem5\\SEP\\node server\\gt-api\\routes\\priceDataStore.js","statementMap":{"0":{"start":{"line":1,"column":16},"end":{"line":1,"column":34}},"1":{"start":{"line":2,"column":15},"end":{"line":2,"column":31}},"2":{"start":{"line":4,"column":37},"end":{"line":4,"column":70}},"3":{"start":{"line":5,"column":33},"end":{"line":5,"column":83}},"4":{"start":{"line":7,"column":0},"end":{"line":7,"column":92}},"5":{"start":{"line":9,"column":0},"end":{"line":9,"column":24}}},"fnMap":{},"branchMap":{},"s":{"0":2,"1":2,"2":2,"3":2,"4":2,"5":2},"f":{},"b":{},"_coverageSchema":"1a1c01bbd47fc00a2c39e90264f33305004495a9","hash":"709e25354a48231ace97f937d23fcc8d35b44c87"}
,"C:\\Users\\sandun induwara\\Desktop\\sem5\\SEP\\node server\\gt-api\\routes\\provider.js": {"path":"C:\\Users\\sandun induwara\\Desktop\\sem5\\SEP\\node server\\gt-api\\routes\\provider.js","statementMap":{"0":{"start":{"line":1,"column":16},"end":{"line":1,"column":34}},"1":{"start":{"line":2,"column":15},"end":{"line":2,"column":31}},"2":{"start":{"line":4,"column":27},"end":{"line":4,"column":71}},"3":{"start":{"line":6,"column":0},"end":{"line":6,"column":63}},"4":{"start":{"line":7,"column":0},"end":{"line":7,"column":84}},"5":{"start":{"line":8,"column":0},"end":{"line":8,"column":107}},"6":{"start":{"line":10,"column":0},"end":{"line":10,"column":24}}},"fnMap":{},"branchMap":{},"s":{"0":2,"1":2,"2":2,"3":2,"4":2,"5":2,"6":2},"f":{},"b":{},"_coverageSchema":"1a1c01bbd47fc00a2c39e90264f33305004495a9","hash":"d3a1085b3588ab9b299260787a4c84ee695ba02e"}
,"C:\\Users\\sandun induwara\\Desktop\\sem5\\SEP\\node server\\gt-api\\routes\\symbol.js": {"path":"C:\\Users\\sandun induwara\\Desktop\\sem5\\SEP\\node server\\gt-api\\routes\\symbol.js","statementMap":{"0":{"start":{"line":1,"column":16},"end":{"line":1,"column":34}},"1":{"start":{"line":2,"column":15},"end":{"line":2,"column":31}},"2":{"start":{"line":4,"column":26},"end":{"line":4,"column":68}},"3":{"start":{"line":6,"column":0},"end":{"line":6,"column":62}},"4":{"start":{"line":7,"column":0},"end":{"line":7,"column":82}},"5":{"start":{"line":9,"column":0},"end":{"line":9,"column":24}}},"fnMap":{},"branchMap":{},"s":{"0":2,"1":2,"2":2,"3":2,"4":2,"5":2},"f":{},"b":{},"_coverageSchema":"1a1c01bbd47fc00a2c39e90264f33305004495a9","hash":"35db1e3cbe43df5d7ee82dae789678a2971a126f"}
,"C:\\Users\\sandun induwara\\Desktop\\sem5\\SEP\\node server\\gt-api\\routes\\tradingData.js": {"path":"C:\\Users\\sandun induwara\\Desktop\\sem5\\SEP\\node server\\gt-api\\routes\\tradingData.js","statementMap":{"0":{"start":{"line":1,"column":16},"end":{"line":1,"column":34}},"1":{"start":{"line":2,"column":22},"end":{"line":2,"column":69}},"2":{"start":{"line":3,"column":15},"end":{"line":3,"column":31}},"3":{"start":{"line":5,"column":0},"end":{"line":6,"column":25}},"4":{"start":{"line":8,"column":0},"end":{"line":8,"column":24}}},"fnMap":{},"branchMap":{},"s":{"0":2,"1":2,"2":2,"3":2,"4":2},"f":{},"b":{},"_coverageSchema":"1a1c01bbd47fc00a2c39e90264f33305004495a9","hash":"99c5d392815b63a465e91bde2514187282291986"}
,"C:\\Users\\sandun induwara\\Desktop\\sem5\\SEP\\node server\\gt-api\\routes\\userRoutes.js": {"path":"C:\\Users\\sandun induwara\\Desktop\\sem5\\SEP\\node server\\gt-api\\routes\\userRoutes.js","statementMap":{"0":{"start":{"line":2,"column":16},"end":{"line":2,"column":34}},"1":{"start":{"line":3,"column":15},"end":{"line":3,"column":31}},"2":{"start":{"line":9,"column":4},"end":{"line":9,"column":44}},"3":{"start":{"line":11,"column":20},"end":{"line":11,"column":59}},"4":{"start":{"line":15,"column":0},"end":{"line":15,"column":31}},"5":{"start":{"line":17,"column":0},"end":{"line":17,"column":33}},"6":{"start":{"line":20,"column":0},"end":{"line":20,"column":39}},"7":{"start":{"line":23,"column":0},"end":{"line":23,"column":34}},"8":{"start":{"line":25,"column":0},"end":{"line":25,"column":24}}},"fnMap":{},"branchMap":{},"s":{"0":2,"1":2,"2":2,"3":2,"4":2,"5":2,"6":2,"7":2,"8":2},"f":{},"b":{},"_coverageSchema":"1a1c01bbd47fc00a2c39e90264f33305004495a9","hash":"309ac0f20261911f98eb776716cc3cc8b8c11d2a"}
,"C:\\Users\\sandun induwara\\Desktop\\sem5\\SEP\\node server\\gt-api\\routes\\watchlist.js": {"path":"C:\\Users\\sandun induwara\\Desktop\\sem5\\SEP\\node server\\gt-api\\routes\\watchlist.js","statementMap":{"0":{"start":{"line":2,"column":16},"end":{"line":2,"column":34}},"1":{"start":{"line":3,"column":15},"end":{"line":3,"column":31}},"2":{"start":{"line":7,"column":4},"end":{"line":7,"column":49}},"3":{"start":{"line":9,"column":20},"end":{"line":9,"column":59}},"4":{"start":{"line":13,"column":0},"end":{"line":13,"column":44}},"5":{"start":{"line":14,"column":0},"end":{"line":14,"column":50}},"6":{"start":{"line":17,"column":0},"end":{"line":17,"column":24}}},"fnMap":{},"branchMap":{},"s":{"0":2,"1":2,"2":2,"3":2,"4":2,"5":2,"6":2},"f":{},"b":{},"_coverageSchema":"1a1c01bbd47fc00a2c39e90264f33305004495a9","hash":"ac75c4bb206b8f0e7d943659b5c214a200e9fffd"}
,"C:\\Users\\sandun induwara\\Desktop\\sem5\\SEP\\node server\\gt-api\\services\\indicatorService.js": {"path":"C:\\Users\\sandun induwara\\Desktop\\sem5\\SEP\\node server\\gt-api\\services\\indicatorService.js","statementMap":{"0":{"start":{"line":2,"column":20},"end":{"line":2,"column":50}},"1":{"start":{"line":3,"column":25},"end":{"line":10,"column":1}},"2":{"start":{"line":4,"column":1},"end":{"line":9,"column":2}},"3":{"start":{"line":5,"column":2},"end":{"line":5,"column":32}},"4":{"start":{"line":7,"column":2},"end":{"line":7,"column":21}},"5":{"start":{"line":8,"column":2},"end":{"line":8,"column":14}},"6":{"start":{"line":12,"column":25},"end":{"line":19,"column":1}},"7":{"start":{"line":13,"column":1},"end":{"line":18,"column":2}},"8":{"start":{"line":14,"column":2},"end":{"line":14,"column":38}},"9":{"start":{"line":16,"column":2},"end":{"line":16,"column":21}},"10":{"start":{"line":17,"column":2},"end":{"line":17,"column":14}},"11":{"start":{"line":21,"column":0},"end":{"line":24,"column":2}}},"fnMap":{"0":{"name":"(anonymous_0)","decl":{"start":{"line":3,"column":25},"end":{"line":3,"column":26}},"loc":{"start":{"line":3,"column":37},"end":{"line":10,"column":1}},"line":3},"1":{"name":"(anonymous_1)","decl":{"start":{"line":12,"column":25},"end":{"line":12,"column":26}},"loc":{"start":{"line":12,"column":39},"end":{"line":19,"column":1}},"line":12}},"branchMap":{},"s":{"0":2,"1":2,"2":0,"3":0,"4":0,"5":0,"6":2,"7":0,"8":0,"9":0,"10":0,"11":2},"f":{"0":0,"1":0},"b":{},"_coverageSchema":"1a1c01bbd47fc00a2c39e90264f33305004495a9","hash":"0a41fbe232116734768fbd7d942ef6dd9be60d02"}
,"C:\\Users\\sandun induwara\\Desktop\\sem5\\SEP\\node server\\gt-api\\services\\priceDataStoreService.js": {"path":"C:\\Users\\sandun induwara\\Desktop\\sem5\\SEP\\node server\\gt-api\\services\\priceDataStoreService.js","statementMap":{"0":{"start":{"line":1,"column":38},"end":{"line":1,"column":70}},"1":{"start":{"line":3,"column":24},"end":{"line":12,"column":1}},"2":{"start":{"line":4,"column":24},"end":{"line":4,"column":59}},"3":{"start":{"line":5,"column":16},"end":{"line":5,"column":59}},"4":{"start":{"line":7,"column":1},"end":{"line":11,"column":2}},"5":{"start":{"line":8,"column":2},"end":{"line":8,"column":57}},"6":{"start":{"line":10,"column":2},"end":{"line":10,"column":21}},"7":{"start":{"line":14,"column":0},"end":{"line":14,"column":42}}},"fnMap":{"0":{"name":"(anonymous_0)","decl":{"start":{"line":3,"column":24},"end":{"line":3,"column":25}},"loc":{"start":{"line":3,"column":73},"end":{"line":12,"column":1}},"line":3}},"branchMap":{},"s":{"0":2,"1":2,"2":0,"3":0,"4":0,"5":0,"6":0,"7":2},"f":{"0":0},"b":{},"_coverageSchema":"1a1c01bbd47fc00a2c39e90264f33305004495a9","hash":"d880f4e7f97c1c50629ed3c1946a2eddbd2949a7"}
,"C:\\Users\\sandun induwara\\Desktop\\sem5\\SEP\\node server\\gt-api\\services\\providerService.js": {"path":"C:\\Users\\sandun induwara\\Desktop\\sem5\\SEP\\node server\\gt-api\\services\\providerService.js","statementMap":{"0":{"start":{"line":1,"column":19},"end":{"line":1,"column":48}},"1":{"start":{"line":2,"column":17},"end":{"line":2,"column":44}},"2":{"start":{"line":4,"column":35},"end":{"line":20,"column":1}},"3":{"start":{"line":5,"column":1},"end":{"line":19,"column":2}},"4":{"start":{"line":6,"column":2},"end":{"line":15,"column":12}},"5":{"start":{"line":17,"column":2},"end":{"line":17,"column":17}},"6":{"start":{"line":18,"column":2},"end":{"line":18,"column":12}},"7":{"start":{"line":22,"column":37},"end":{"line":45,"column":1}},"8":{"start":{"line":23,"column":1},"end":{"line":44,"column":2}},"9":{"start":{"line":24,"column":20},"end":{"line":38,"column":11}},"10":{"start":{"line":39,"column":2},"end":{"line":40,"column":27}},"11":{"start":{"line":39,"column":29},"end":{"line":39,"column":41}},"12":{"start":{"line":40,"column":7},"end":{"line":40,"column":27}},"13":{"start":{"line":42,"column":2},"end":{"line":42,"column":17}},"14":{"start":{"line":43,"column":2},"end":{"line":43,"column":14}},"15":{"start":{"line":48,"column":21},"end":{"line":61,"column":1}},"16":{"start":{"line":50,"column":1},"end":{"line":59,"column":2}},"17":{"start":{"line":51,"column":17},"end":{"line":51,"column":48}},"18":{"start":{"line":52,"column":19},"end":{"line":52,"column":59}},"19":{"start":{"line":54,"column":2},"end":{"line":54,"column":46}},"20":{"start":{"line":57,"column":2},"end":{"line":57,"column":19}},"21":{"start":{"line":58,"column":2},"end":{"line":58,"column":14}},"22":{"start":{"line":63,"column":0},"end":{"line":63,"column":64}},"23":{"start":{"line":64,"column":0},"end":{"line":64,"column":68}},"24":{"start":{"line":65,"column":0},"end":{"line":65,"column":36}}},"fnMap":{"0":{"name":"(anonymous_0)","decl":{"start":{"line":4,"column":35},"end":{"line":4,"column":36}},"loc":{"start":{"line":4,"column":47},"end":{"line":20,"column":1}},"line":4},"1":{"name":"(anonymous_1)","decl":{"start":{"line":22,"column":37},"end":{"line":22,"column":38}},"loc":{"start":{"line":22,"column":61},"end":{"line":45,"column":1}},"line":22},"2":{"name":"(anonymous_2)","decl":{"start":{"line":48,"column":21},"end":{"line":48,"column":22}},"loc":{"start":{"line":48,"column":41},"end":{"line":61,"column":1}},"line":48}},"branchMap":{"0":{"loc":{"start":{"line":39,"column":2},"end":{"line":40,"column":27}},"type":"if","locations":[{"start":{"line":39,"column":2},"end":{"line":40,"column":27}},{"start":{"line":40,"column":7},"end":{"line":40,"column":27}}],"line":39}},"s":{"0":2,"1":2,"2":2,"3":0,"4":0,"5":0,"6":0,"7":2,"8":0,"9":0,"10":0,"11":0,"12":0,"13":0,"14":0,"15":2,"16":0,"17":0,"18":0,"19":0,"20":0,"21":0,"22":2,"23":2,"24":2},"f":{"0":0,"1":0,"2":0},"b":{"0":[0,0]},"_coverageSchema":"1a1c01bbd47fc00a2c39e90264f33305004495a9","hash":"6b20c8e8254b23cb7efd258211f83e1dda3c49ab"}
,"C:\\Users\\sandun induwara\\Desktop\\sem5\\SEP\\node server\\gt-api\\services\\symbolService.js": {"path":"C:\\Users\\sandun induwara\\Desktop\\sem5\\SEP\\node server\\gt-api\\services\\symbolService.js","statementMap":{"0":{"start":{"line":1,"column":17},"end":{"line":1,"column":44}},"1":{"start":{"line":2,"column":17},"end":{"line":2,"column":36}},"2":{"start":{"line":3,"column":17},"end":{"line":3,"column":40}},"3":{"start":{"line":5,"column":33},"end":{"line":13,"column":1}},"4":{"start":{"line":6,"column":1},"end":{"line":11,"column":2}},"5":{"start":{"line":7,"column":2},"end":{"line":7,"column":79}},"6":{"start":{"line":9,"column":2},"end":{"line":9,"column":21}},"7":{"start":{"line":10,"column":2},"end":{"line":10,"column":14}},"8":{"start":{"line":15,"column":35},"end":{"line":22,"column":1}},"9":{"start":{"line":16,"column":1},"end":{"line":21,"column":2}},"10":{"start":{"line":17,"column":2},"end":{"line":17,"column":57}},"11":{"start":{"line":19,"column":2},"end":{"line":19,"column":21}},"12":{"start":{"line":20,"column":2},"end":{"line":20,"column":12}},"13":{"start":{"line":24,"column":31},"end":{"line":31,"column":1}},"14":{"start":{"line":25,"column":1},"end":{"line":30,"column":2}},"15":{"start":{"line":26,"column":2},"end":{"line":26,"column":69}},"16":{"start":{"line":28,"column":2},"end":{"line":28,"column":17}},"17":{"start":{"line":29,"column":2},"end":{"line":29,"column":12}},"18":{"start":{"line":33,"column":0},"end":{"line":33,"column":60}},"19":{"start":{"line":34,"column":0},"end":{"line":34,"column":64}},"20":{"start":{"line":35,"column":0},"end":{"line":35,"column":56}}},"fnMap":{"0":{"name":"(anonymous_0)","decl":{"start":{"line":5,"column":33},"end":{"line":5,"column":34}},"loc":{"start":{"line":5,"column":53},"end":{"line":13,"column":1}},"line":5},"1":{"name":"(anonymous_1)","decl":{"start":{"line":15,"column":35},"end":{"line":15,"column":36}},"loc":{"start":{"line":15,"column":47},"end":{"line":22,"column":1}},"line":15},"2":{"name":"(anonymous_2)","decl":{"start":{"line":24,"column":31},"end":{"line":24,"column":32}},"loc":{"start":{"line":24,"column":53},"end":{"line":31,"column":1}},"line":24}},"branchMap":{},"s":{"0":2,"1":2,"2":2,"3":2,"4":1,"5":1,"6":0,"7":0,"8":2,"9":0,"10":0,"11":0,"12":0,"13":2,"14":0,"15":0,"16":0,"17":0,"18":2,"19":2,"20":2},"f":{"0":1,"1":0,"2":0},"b":{},"_coverageSchema":"1a1c01bbd47fc00a2c39e90264f33305004495a9","hash":"8829d19713810dcbc8d4372f52d1508ca8a9df50"}
,"C:\\Users\\sandun induwara\\Desktop\\sem5\\SEP\\node server\\gt-api\\services\\tradingDataService.js": {"path":"C:\\Users\\sandun induwara\\Desktop\\sem5\\SEP\\node server\\gt-api\\services\\tradingDataService.js","statementMap":{"0":{"start":{"line":1,"column":38},"end":{"line":1,"column":70}},"1":{"start":{"line":2,"column":23},"end":{"line":2,"column":61}},"2":{"start":{"line":4,"column":21},"end":{"line":16,"column":1}},"3":{"start":{"line":6,"column":1},"end":{"line":15,"column":2}},"4":{"start":{"line":7,"column":29},"end":{"line":7,"column":57}},"5":{"start":{"line":8,"column":25},"end":{"line":8,"column":78}},"6":{"start":{"line":9,"column":17},"end":{"line":9,"column":60}},"7":{"start":{"line":11,"column":2},"end":{"line":11,"column":66}},"8":{"start":{"line":13,"column":2},"end":{"line":13,"column":19}},"9":{"start":{"line":14,"column":2},"end":{"line":14,"column":14}},"10":{"start":{"line":18,"column":0},"end":{"line":20,"column":2}}},"fnMap":{"0":{"name":"(anonymous_0)","decl":{"start":{"line":4,"column":21},"end":{"line":4,"column":22}},"loc":{"start":{"line":4,"column":63},"end":{"line":16,"column":1}},"line":4}},"branchMap":{},"s":{"0":2,"1":2,"2":2,"3":0,"4":0,"5":0,"6":0,"7":0,"8":0,"9":0,"10":2},"f":{"0":0},"b":{},"_coverageSchema":"1a1c01bbd47fc00a2c39e90264f33305004495a9","hash":"18b88f1d961c2037f8c86a3fd7674608a172a6ed"}
,"C:\\Users\\sandun induwara\\Desktop\\sem5\\SEP\\node server\\gt-api\\utilities\\csvHandler.js": {"path":"C:\\Users\\sandun induwara\\Desktop\\sem5\\SEP\\node server\\gt-api\\utilities\\csvHandler.js","statementMap":{"0":{"start":{"line":1,"column":16},"end":{"line":1,"column":36}},"1":{"start":{"line":2,"column":11},"end":{"line":2,"column":24}},"2":{"start":{"line":3,"column":19},"end":{"line":3,"column":45}},"3":{"start":{"line":5,"column":37},"end":{"line":29,"column":1}},"4":{"start":{"line":6,"column":19},"end":{"line":6,"column":21}},"5":{"start":{"line":8,"column":16},"end":{"line":8,"column":45}},"6":{"start":{"line":10,"column":1},"end":{"line":15,"column":4}},"7":{"start":{"line":12,"column":2},"end":{"line":14,"column":3}},"8":{"start":{"line":13,"column":3},"end":{"line":13,"column":43}},"9":{"start":{"line":16,"column":1},"end":{"line":18,"column":4}},"10":{"start":{"line":17,"column":2},"end":{"line":17,"column":40}},"11":{"start":{"line":19,"column":1},"end":{"line":21,"column":4}},"12":{"start":{"line":20,"column":2},"end":{"line":20,"column":21}},"13":{"start":{"line":24,"column":2},"end":{"line":24,"column":44}},"14":{"start":{"line":26,"column":1},"end":{"line":26,"column":34}},"15":{"start":{"line":28,"column":1},"end":{"line":28,"column":18}},"16":{"start":{"line":31,"column":0},"end":{"line":31,"column":68}}},"fnMap":{"0":{"name":"(anonymous_0)","decl":{"start":{"line":5,"column":37},"end":{"line":5,"column":38}},"loc":{"start":{"line":5,"column":85},"end":{"line":29,"column":1}},"line":5},"1":{"name":"(anonymous_1)","decl":{"start":{"line":10,"column":23},"end":{"line":10,"column":24}},"loc":{"start":{"line":10,"column":29},"end":{"line":15,"column":2}},"line":10},"2":{"name":"(anonymous_2)","decl":{"start":{"line":16,"column":18},"end":{"line":16,"column":19}},"loc":{"start":{"line":16,"column":24},"end":{"line":18,"column":2}},"line":16},"3":{"name":"(anonymous_3)","decl":{"start":{"line":19,"column":20},"end":{"line":19,"column":21}},"loc":{"start":{"line":19,"column":31},"end":{"line":21,"column":2}},"line":19}},"branchMap":{},"s":{"0":3,"1":3,"2":3,"3":3,"4":0,"5":0,"6":0,"7":0,"8":0,"9":0,"10":0,"11":0,"12":0,"13":0,"14":0,"15":0,"16":3},"f":{"0":0,"1":0,"2":0,"3":0},"b":{},"_coverageSchema":"1a1c01bbd47fc00a2c39e90264f33305004495a9","hash":"1d9dc966b2f2d751f12c89bbdd49c9d785117367"}
,"C:\\Users\\sandun induwara\\Desktop\\sem5\\SEP\\node server\\gt-api\\utilities\\fileHandler.js": {"path":"C:\\Users\\sandun induwara\\Desktop\\sem5\\SEP\\node server\\gt-api\\utilities\\fileHandler.js","statementMap":{"0":{"start":{"line":1,"column":11},"end":{"line":1,"column":24}},"1":{"start":{"line":2,"column":22},"end":{"line":2,"column":37}},"2":{"start":{"line":4,"column":24},"end":{"line":4,"column":44}},"3":{"start":{"line":6,"column":0},"end":{"line":6,"column":42}}},"fnMap":{},"branchMap":{},"s":{"0":2,"1":2,"2":2,"3":2},"f":{},"b":{},"_coverageSchema":"1a1c01bbd47fc00a2c39e90264f33305004495a9","hash":"62c782d19f126c3fa87109fcd3330f46aaa3009a"}
,"C:\\Users\\sandun induwara\\Desktop\\sem5\\SEP\\node server\\gt-api\\utilities\\priceDataStoreUtility.js": {"path":"C:\\Users\\sandun induwara\\Desktop\\sem5\\SEP\\node server\\gt-api\\utilities\\priceDataStoreUtility.js","statementMap":{"0":{"start":{"line":1,"column":19},"end":{"line":1,"column":42}},"1":{"start":{"line":2,"column":15},"end":{"line":2,"column":32}},"2":{"start":{"line":4,"column":21},"end":{"line":15,"column":1}},"3":{"start":{"line":5,"column":18},"end":{"line":5,"column":77}},"4":{"start":{"line":6,"column":1},"end":{"line":14,"column":3}},"5":{"start":{"line":17,"column":22},"end":{"line":28,"column":1}},"6":{"start":{"line":18,"column":18},"end":{"line":18,"column":81}},"7":{"start":{"line":19,"column":1},"end":{"line":27,"column":3}},"8":{"start":{"line":30,"column":21},"end":{"line":40,"column":1}},"9":{"start":{"line":31,"column":1},"end":{"line":39,"column":3}},"10":{"start":{"line":42,"column":22},"end":{"line":57,"column":1}},"11":{"start":{"line":43,"column":1},"end":{"line":56,"column":2}},"12":{"start":{"line":44,"column":2},"end":{"line":53,"column":3}},"13":{"start":{"line":46,"column":3},"end":{"line":46,"column":85}},"14":{"start":{"line":48,"column":3},"end":{"line":48,"column":86}},"15":{"start":{"line":50,"column":3},"end":{"line":50,"column":85}},"16":{"start":{"line":52,"column":3},"end":{"line":52,"column":13}},"17":{"start":{"line":55,"column":2},"end":{"line":55,"column":12}},"18":{"start":{"line":59,"column":0},"end":{"line":59,"column":38}},"19":{"start":{"line":60,"column":0},"end":{"line":60,"column":34}},"20":{"start":{"line":61,"column":0},"end":{"line":61,"column":36}}},"fnMap":{"0":{"name":"(anonymous_0)","decl":{"start":{"line":4,"column":21},"end":{"line":4,"column":22}},"loc":{"start":{"line":4,"column":33},"end":{"line":15,"column":1}},"line":4},"1":{"name":"(anonymous_1)","decl":{"start":{"line":17,"column":22},"end":{"line":17,"column":23}},"loc":{"start":{"line":17,"column":34},"end":{"line":28,"column":1}},"line":17},"2":{"name":"(anonymous_2)","decl":{"start":{"line":30,"column":21},"end":{"line":30,"column":22}},"loc":{"start":{"line":30,"column":33},"end":{"line":40,"column":1}},"line":30},"3":{"name":"(anonymous_3)","decl":{"start":{"line":42,"column":22},"end":{"line":42,"column":23}},"loc":{"start":{"line":42,"column":62},"end":{"line":57,"column":1}},"line":42}},"branchMap":{"0":{"loc":{"start":{"line":43,"column":1},"end":{"line":56,"column":2}},"type":"if","locations":[{"start":{"line":43,"column":1},"end":{"line":56,"column":2}},{"start":{"line":54,"column":8},"end":{"line":56,"column":2}}],"line":43},"1":{"loc":{"start":{"line":44,"column":2},"end":{"line":53,"column":3}},"type":"switch","locations":[{"start":{"line":45,"column":2},"end":{"line":46,"column":85}},{"start":{"line":47,"column":2},"end":{"line":48,"column":86}},{"start":{"line":49,"column":2},"end":{"line":50,"column":85}},{"start":{"line":51,"column":2},"end":{"line":52,"column":13}}],"line":44}},"s":{"0":3,"1":3,"2":3,"3":0,"4":0,"5":3,"6":16,"7":16,"8":3,"9":15,"10":3,"11":0,"12":0,"13":0,"14":0,"15":0,"16":0,"17":0,"18":3,"19":3,"20":3},"f":{"0":0,"1":16,"2":15,"3":0},"b":{"0":[0,0],"1":[0,0,0,0]},"_coverageSchema":"1a1c01bbd47fc00a2c39e90264f33305004495a9","hash":"eea058dc27b82d13736fae637b97caf211f5ffe1"}
,"C:\\Users\\sandun induwara\\Desktop\\sem5\\SEP\\node server\\gt-api\\utilities\\uuidHelper.js": {"path":"C:\\Users\\sandun induwara\\Desktop\\sem5\\SEP\\node server\\gt-api\\utilities\\uuidHelper.js","statementMap":{"0":{"start":{"line":1,"column":23},"end":{"line":1,"column":38}},"1":{"start":{"line":3,"column":28},"end":{"line":5,"column":1}},"2":{"start":{"line":4,"column":1},"end":{"line":4,"column":17}},"3":{"start":{"line":7,"column":0},"end":{"line":7,"column":50}}},"fnMap":{"0":{"name":"(anonymous_0)","decl":{"start":{"line":3,"column":28},"end":{"line":3,"column":29}},"loc":{"start":{"line":3,"column":34},"end":{"line":5,"column":1}},"line":3}},"branchMap":{},"s":{"0":3,"1":3,"2":2,"3":3},"f":{"0":2},"b":{},"_coverageSchema":"1a1c01bbd47fc00a2c39e90264f33305004495a9","hash":"12ea55a078b684f9383d504fdca0185ab1740d9c"}
,"C:\\Users\\sandun induwara\\Desktop\\sem5\\SEP\\node server\\gt-api\\validations\\tradingData.js": {"path":"C:\\Users\\sandun induwara\\Desktop\\sem5\\SEP\\node server\\gt-api\\validations\\tradingData.js","statementMap":{"0":{"start":{"line":1,"column":12},"end":{"line":1,"column":26}},"1":{"start":{"line":3,"column":36},"end":{"line":8,"column":2}},"2":{"start":{"line":9,"column":0},"end":{"line":11,"column":2}}},"fnMap":{},"branchMap":{},"s":{"0":2,"1":2,"2":2},"f":{},"b":{},"_coverageSchema":"1a1c01bbd47fc00a2c39e90264f33305004495a9","hash":"f598172373f307cbeba7780500b5c53ae6ae028b"}
}
