TN:
SF:testapp.js
FNF:0
FNH:0
DA:1,2
DA:9,2
DA:11,2
DA:21,2
DA:22,2
DA:32,2
DA:33,2
DA:35,2
DA:36,2
DA:37,2
DA:38,2
DA:39,2
DA:46,2
LF:13
LH:13
BRF:0
BRH:0
end_of_record
TN:
SF:testserver.js
FN:4,(anonymous_0)
FNF:1
FNH:1
FNDA:2,(anonymous_0)
DA:1,2
DA:4,2
DA:6,2
LF:3
LH:3
BRF:0
BRH:0
end_of_record
TN:
SF:config\multerConfig.js
FN:5,(anonymous_0)
FN:8,(anonymous_1)
FN:23,(anonymous_2)
FNF:3
FNH:0
FNDA:0,(anonymous_0)
FNDA:0,(anonymous_1)
FNDA:0,(anonymous_2)
DA:1,2
DA:2,2
DA:4,2
DA:6,0
DA:9,0
DA:14,2
DA:16,2
DA:24,0
DA:25,0
DA:27,0
DA:31,2
LF:11
LH:6
BRDA:24,0,0,0
BRDA:24,0,1,0
BRDA:24,1,0,0
BRDA:24,1,1,0
BRF:4
BRH:0
end_of_record
TN:
SF:controllers\indicatorsController.js
FN:26,(anonymous_0)
FN:90,calculate
FN:142,(anonymous_2)
FN:155,(anonymous_3)
FNF:4
FNH:0
FNDA:0,(anonymous_0)
FNDA:0,calculate
FNDA:0,(anonymous_2)
FNDA:0,(anonymous_3)
DA:17,2
DA:18,2
DA:19,2
DA:20,2
DA:21,2
DA:22,2
DA:26,2
DA:28,0
DA:31,0
DA:32,0
DA:33,0
DA:40,0
DA:43,0
DA:52,0
DA:54,0
DA:56,0
DA:92,0
DA:94,0
DA:97,0
DA:101,0
DA:104,0
DA:109,0
DA:113,0
DA:117,0
DA:120,0
DA:124,0
DA:129,0
DA:132,0
DA:135,0
DA:138,0
DA:142,2
DA:143,0
DA:144,0
DA:145,0
DA:146,0
DA:150,0
DA:151,0
DA:155,2
DA:156,0
DA:157,0
DA:159,0
DA:160,0
DA:161,0
DA:165,0
DA:166,0
DA:170,2
LF:46
LH:10
BRDA:31,0,0,0
BRDA:31,0,1,0
BRDA:31,1,0,0
BRDA:31,1,1,0
BRDA:31,1,2,0
BRDA:31,1,3,0
BRDA:31,1,4,0
BRDA:92,2,0,0
BRDA:92,2,1,0
BRDA:92,2,2,0
BRDA:92,2,3,0
BRDA:92,2,4,0
BRDA:92,2,5,0
BRDA:92,2,6,0
BRDA:92,2,7,0
BRDA:92,2,8,0
BRDA:92,2,9,0
BRDA:92,2,10,0
BRDA:92,2,11,0
BRDA:92,2,12,0
BRDA:146,3,0,0
BRDA:146,3,1,0
BRDA:156,4,0,0
BRDA:156,4,1,0
BRDA:161,5,0,0
BRDA:161,5,1,0
BRF:26
BRH:0
end_of_record
TN:
SF:controllers\priceDataStoreController.js
FN:7,(anonymous_0)
FNF:1
FNH:0
FNDA:0,(anonymous_0)
DA:1,2
DA:2,2
DA:4,2
DA:5,2
DA:7,2
DA:8,0
DA:9,0
DA:12,0
DA:13,0
DA:14,0
DA:18,0
DA:19,0
DA:20,0
DA:21,0
DA:23,0
DA:24,0
DA:27,0
DA:28,0
DA:29,0
DA:33,0
DA:34,0
DA:37,0
DA:40,0
DA:43,0
DA:47,2
LF:25
LH:6
BRDA:12,0,0,0
BRDA:12,0,1,0
BRDA:12,1,0,0
BRDA:12,1,1,0
BRDA:12,1,2,0
BRDA:19,2,0,0
BRDA:19,2,1,0
BRDA:19,3,0,0
BRDA:19,3,1,0
BRDA:27,4,0,0
BRDA:27,4,1,0
BRF:11
BRH:0
end_of_record
TN:
SF:controllers\providerController.js
FN:4,(anonymous_0)
FN:14,(anonymous_1)
FN:37,(anonymous_2)
FN:46,(anonymous_3)
FNF:4
FNH:0
FNDA:0,(anonymous_0)
FNDA:0,(anonymous_1)
FNDA:0,(anonymous_2)
FNDA:0,(anonymous_3)
DA:2,2
DA:4,2
DA:5,0
DA:6,0
DA:14,2
DA:15,0
DA:16,0
DA:22,0
DA:23,0
DA:29,0
DA:37,2
DA:38,0
DA:39,0
DA:41,0
DA:42,0
DA:44,0
DA:45,0
DA:46,0
DA:47,0
DA:49,0
DA:51,0
DA:54,2
DA:55,2
DA:56,2
LF:24
LH:7
BRDA:16,0,0,0
BRDA:16,0,1,0
BRDA:23,1,0,0
BRDA:23,1,1,0
BRDA:39,2,0,0
BRDA:39,2,1,0
BRDA:42,3,0,0
BRDA:42,3,1,0
BRF:8
BRH:0
end_of_record
TN:
SF:controllers\symbolController.js
FN:3,(anonymous_0)
FN:13,(anonymous_1)
FNF:2
FNH:0
FNDA:0,(anonymous_0)
FNDA:0,(anonymous_1)
DA:1,2
DA:3,2
DA:4,0
DA:5,0
DA:13,2
DA:14,0
DA:15,0
DA:21,0
DA:23,0
DA:31,2
DA:32,2
LF:11
LH:5
BRDA:15,0,0,0
BRDA:15,0,1,0
BRF:2
BRH:0
end_of_record
TN:
SF:controllers\tradingDataController.js
FN:4,(anonymous_0)
FNF:1
FNH:0
FNDA:0,(anonymous_0)
DA:1,2
DA:2,2
DA:4,2
DA:6,0
DA:7,0
DA:9,0
DA:11,0
DA:13,0
DA:14,0
DA:16,0
DA:20,2
LF:11
LH:4
BRDA:7,0,0,0
BRDA:7,0,1,0
BRDA:13,1,0,0
BRDA:13,1,1,0
BRF:4
BRH:0
end_of_record
TN:
SF:controllers\userController.js
FN:10,(anonymous_0)
FN:57,(anonymous_1)
FN:81,(anonymous_2)
FN:105,(anonymous_3)
FN:116,(anonymous_4)
FN:123,(anonymous_5)
FNF:6
FNH:6
FNDA:4,(anonymous_0)
FNDA:3,(anonymous_1)
FNDA:2,(anonymous_2)
FNDA:1,(anonymous_3)
FNDA:4,(anonymous_4)
FNDA:4,(anonymous_5)
DA:1,3
DA:2,3
DA:3,3
DA:5,3
DA:10,3
DA:11,4
DA:14,4
DA:15,1
DA:16,1
DA:20,3
DA:22,3
DA:23,1
DA:24,1
DA:28,2
DA:29,2
DA:32,2
DA:43,2
DA:57,3
DA:58,3
DA:60,3
DA:63,3
DA:64,2
DA:73,1
DA:74,1
DA:81,3
DA:82,2
DA:84,2
DA:85,1
DA:86,1
DA:89,1
DA:92,1
DA:105,3
DA:106,1
DA:112,1
DA:116,3
DA:117,4
DA:123,3
DA:124,4
DA:131,3
LF:39
LH:39
BRDA:14,0,0,1
BRDA:14,0,1,3
BRDA:14,1,0,4
BRDA:14,1,1,4
BRDA:14,1,2,4
BRDA:14,1,3,3
BRDA:14,1,4,3
BRDA:22,2,0,1
BRDA:22,2,1,2
BRDA:63,3,0,2
BRDA:63,3,1,1
BRDA:63,4,0,3
BRDA:63,4,1,3
BRDA:84,5,0,1
BRDA:84,5,1,1
BRF:15
BRH:15
end_of_record
TN:
SF:controllers\watchlistController.js
FN:6,(anonymous_0)
FN:39,(anonymous_1)
FN:68,(anonymous_2)
FNF:3
FNH:3
FNDA:3,(anonymous_0)
FNDA:3,(anonymous_1)
FNDA:1,(anonymous_2)
DA:1,2
DA:2,2
DA:3,2
DA:6,2
DA:8,3
DA:11,3
DA:12,1
DA:13,1
DA:16,2
DA:18,1
DA:19,1
DA:28,1
DA:34,1
DA:39,2
DA:41,3
DA:44,3
DA:45,1
DA:46,1
DA:49,2
DA:50,1
DA:51,1
DA:60,1
DA:68,1
DA:69,1
DA:70,1
DA:81,1
DA:91,2
LF:27
LH:27
BRDA:11,0,0,1
BRDA:11,0,1,2
BRDA:11,1,0,3
BRDA:11,1,1,2
BRDA:16,2,0,1
BRDA:16,2,1,1
BRDA:44,3,0,1
BRDA:44,3,1,2
BRDA:49,4,0,1
BRDA:49,4,1,1
BRF:10
BRH:10
end_of_record
TN:
SF:helper\indicators.js
FN:44,(anonymous_0)
FN:49,(anonymous_1)
FN:53,(anonymous_2)
FN:56,(anonymous_3)
FN:61,(anonymous_4)
FN:63,(anonymous_5)
FN:67,(anonymous_6)
FN:70,(anonymous_7)
FN:75,(anonymous_8)
FN:76,(anonymous_9)
FN:79,(anonymous_10)
FN:85,(anonymous_11)
FN:94,(anonymous_12)
FN:95,(anonymous_13)
FN:99,(anonymous_14)
FN:102,(anonymous_15)
FN:110,(anonymous_16)
FN:111,(anonymous_17)
FN:115,(anonymous_18)
FN:118,(anonymous_19)
FN:124,(anonymous_20)
FN:125,(anonymous_21)
FN:128,(anonymous_22)
FN:134,(anonymous_23)
FN:144,(anonymous_24)
FN:145,(anonymous_25)
FN:149,(anonymous_26)
FN:152,(anonymous_27)
FN:157,(anonymous_28)
FN:160,(anonymous_29)
FN:161,(anonymous_30)
FN:162,(anonymous_31)
FN:165,(anonymous_32)
FN:171,(anonymous_33)
FN:180,(anonymous_34)
FN:183,(anonymous_35)
FN:184,(anonymous_36)
FN:188,(anonymous_37)
FN:191,(anonymous_38)
FN:198,(anonymous_39)
FN:200,(anonymous_40)
FN:204,(anonymous_41)
FN:207,(anonymous_42)
FN:212,(anonymous_43)
FN:214,(anonymous_44)
FN:218,(anonymous_45)
FN:221,(anonymous_46)
FN:226,(anonymous_47)
FN:228,(anonymous_48)
FN:229,(anonymous_49)
FN:233,(anonymous_50)
FN:236,(anonymous_51)
FNF:52
FNH:0
FNDA:0,(anonymous_0)
FNDA:0,(anonymous_1)
FNDA:0,(anonymous_2)
FNDA:0,(anonymous_3)
FNDA:0,(anonymous_4)
FNDA:0,(anonymous_5)
FNDA:0,(anonymous_6)
FNDA:0,(anonymous_7)
FNDA:0,(anonymous_8)
FNDA:0,(anonymous_9)
FNDA:0,(anonymous_10)
FNDA:0,(anonymous_11)
FNDA:0,(anonymous_12)
FNDA:0,(anonymous_13)
FNDA:0,(anonymous_14)
FNDA:0,(anonymous_15)
FNDA:0,(anonymous_16)
FNDA:0,(anonymous_17)
FNDA:0,(anonymous_18)
FNDA:0,(anonymous_19)
FNDA:0,(anonymous_20)
FNDA:0,(anonymous_21)
FNDA:0,(anonymous_22)
FNDA:0,(anonymous_23)
FNDA:0,(anonymous_24)
FNDA:0,(anonymous_25)
FNDA:0,(anonymous_26)
FNDA:0,(anonymous_27)
FNDA:0,(anonymous_28)
FNDA:0,(anonymous_29)
FNDA:0,(anonymous_30)
FNDA:0,(anonymous_31)
FNDA:0,(anonymous_32)
FNDA:0,(anonymous_33)
FNDA:0,(anonymous_34)
FNDA:0,(anonymous_35)
FNDA:0,(anonymous_36)
FNDA:0,(anonymous_37)
FNDA:0,(anonymous_38)
FNDA:0,(anonymous_39)
FNDA:0,(anonymous_40)
FNDA:0,(anonymous_41)
FNDA:0,(anonymous_42)
FNDA:0,(anonymous_43)
FNDA:0,(anonymous_44)
FNDA:0,(anonymous_45)
FNDA:0,(anonymous_46)
FNDA:0,(anonymous_47)
FNDA:0,(anonymous_48)
FNDA:0,(anonymous_49)
FNDA:0,(anonymous_50)
FNDA:0,(anonymous_51)
DA:2,2
DA:3,2
DA:9,2
DA:11,2
DA:14,2
DA:16,2
DA:19,2
DA:21,2
DA:23,2
DA:27,2
DA:31,2
DA:36,2
DA:38,2
DA:41,2
DA:44,2
DA:49,0
DA:50,0
DA:51,0
DA:52,0
DA:53,0
DA:54,0
DA:56,0
DA:58,0
DA:61,2
DA:63,0
DA:64,0
DA:65,0
DA:66,0
DA:67,0
DA:68,0
DA:70,0
DA:72,0
DA:75,2
DA:76,0
DA:77,0
DA:78,0
DA:79,0
DA:81,0
DA:82,0
DA:83,0
DA:85,0
DA:91,0
DA:94,2
DA:95,0
DA:96,0
DA:97,0
DA:98,0
DA:99,0
DA:100,0
DA:102,0
DA:104,0
DA:110,2
DA:111,0
DA:112,0
DA:113,0
DA:114,0
DA:115,0
DA:116,0
DA:118,0
DA:120,0
DA:124,2
DA:125,0
DA:126,0
DA:127,0
DA:128,0
DA:130,0
DA:131,0
DA:132,0
DA:134,0
DA:140,0
DA:144,2
DA:145,0
DA:146,0
DA:147,0
DA:148,0
DA:149,0
DA:150,0
DA:152,0
DA:154,0
DA:157,2
DA:160,0
DA:161,0
DA:162,0
DA:163,0
DA:164,0
DA:165,0
DA:167,0
DA:168,0
DA:171,0
DA:177,0
DA:180,2
DA:183,0
DA:184,0
DA:185,0
DA:186,0
DA:187,0
DA:188,0
DA:189,0
DA:191,0
DA:193,0
DA:198,2
DA:200,0
DA:201,0
DA:202,0
DA:203,0
DA:204,0
DA:205,0
DA:207,0
DA:209,0
DA:212,2
DA:214,0
DA:215,0
DA:216,0
DA:217,0
DA:218,0
DA:219,0
DA:221,0
DA:223,0
DA:226,2
DA:228,0
DA:229,0
DA:230,0
DA:231,0
DA:232,0
DA:233,0
DA:234,0
DA:236,0
DA:238,0
DA:245,2
LF:129
LH:27
BRF:0
BRH:0
end_of_record
TN:
SF:middleware\authMiddleware.js
FN:5,(anonymous_0)
FNF:1
FNH:1
FNDA:9,(anonymous_0)
DA:1,2
DA:2,2
DA:3,2
DA:5,2
DA:8,9
DA:12,8
DA:14,8
DA:16,8
DA:18,7
DA:20,7
DA:24,1
DA:25,1
DA:29,8
DA:30,1
DA:31,1
DA:35,2
LF:16
LH:16
BRDA:8,0,0,8
BRDA:8,0,1,1
BRDA:9,1,0,9
BRDA:9,1,1,9
BRDA:29,2,0,1
BRDA:29,2,1,7
BRF:6
BRH:6
end_of_record
TN:
SF:models\alert.js
FNF:0
FNH:0
DA:1,1
DA:2,1
DA:4,1
DA:45,1
DA:51,1
DA:53,1
DA:54,1
LF:7
LH:7
BRF:0
BRH:0
end_of_record
TN:
SF:models\candleStick.js
FN:40,(anonymous_0)
FNF:1
FNH:0
FNDA:0,(anonymous_0)
DA:1,2
DA:3,2
DA:38,2
DA:40,2
DA:41,0
DA:42,0
DA:44,0
DA:47,2
LF:8
LH:5
BRDA:41,0,0,0
BRDA:41,0,1,0
BRF:2
BRH:0
end_of_record
TN:
SF:models\indicator.js
FNF:0
FNH:0
DA:1,3
DA:3,3
DA:24,3
DA:26,3
DA:27,3
LF:5
LH:5
BRF:0
BRH:0
end_of_record
TN:
SF:models\provider.js
FNF:0
FNH:0
DA:1,4
DA:3,4
DA:25,4
DA:27,4
DA:28,4
LF:5
LH:5
BRF:0
BRH:0
end_of_record
TN:
SF:models\symbol.js
FNF:0
FNH:0
DA:1,3
DA:2,3
DA:4,3
DA:26,3
DA:28,3
DA:29,3
LF:6
LH:6
BRF:0
BRH:0
end_of_record
TN:
SF:models\user.js
FNF:0
FNH:0
DA:1,5
DA:3,5
DA:58,5
DA:60,5
DA:61,5
LF:5
LH:5
BRF:0
BRH:0
end_of_record
TN:
SF:routes\indicators.js
FNF:0
FNH:0
DA:1,2
DA:2,2
DA:4,2
DA:6,2
DA:11,2
LF:5
LH:5
BRF:0
BRH:0
end_of_record
TN:
SF:routes\priceDataStore.js
FNF:0
FNH:0
DA:1,2
DA:2,2
DA:4,2
DA:5,2
DA:7,2
DA:9,2
LF:6
LH:6
BRF:0
BRH:0
end_of_record
TN:
SF:routes\provider.js
FNF:0
FNH:0
DA:1,2
DA:2,2
DA:4,2
DA:6,2
DA:7,2
DA:8,2
DA:10,2
LF:7
LH:7
BRF:0
BRH:0
end_of_record
TN:
SF:routes\symbol.js
FNF:0
FNH:0
DA:1,2
DA:2,2
DA:4,2
DA:6,2
DA:7,2
DA:9,2
LF:6
LH:6
BRF:0
BRH:0
end_of_record
TN:
SF:routes\tradingData.js
FNF:0
FNH:0
DA:1,2
DA:2,2
DA:3,2
DA:5,2
DA:8,2
LF:5
LH:5
BRF:0
BRH:0
end_of_record
TN:
SF:routes\userRoutes.js
FNF:0
FNH:0
DA:2,2
DA:3,2
DA:9,2
DA:11,2
DA:15,2
DA:17,2
DA:20,2
DA:23,2
DA:25,2
LF:9
LH:9
BRF:0
BRH:0
end_of_record
TN:
SF:routes\watchlist.js
FNF:0
FNH:0
DA:2,2
DA:3,2
DA:7,2
DA:9,2
DA:13,2
DA:14,2
DA:17,2
LF:7
LH:7
BRF:0
BRH:0
end_of_record
TN:
SF:services\indicatorService.js
FN:3,(anonymous_0)
FN:12,(anonymous_1)
FNF:2
FNH:0
FNDA:0,(anonymous_0)
FNDA:0,(anonymous_1)
DA:2,2
DA:3,2
DA:4,0
DA:5,0
DA:7,0
DA:8,0
DA:12,2
DA:13,0
DA:14,0
DA:16,0
DA:17,0
DA:21,2
LF:12
LH:4
BRF:0
BRH:0
end_of_record
TN:
SF:services\priceDataStoreService.js
FN:3,(anonymous_0)
FNF:1
FNH:0
FNDA:0,(anonymous_0)
DA:1,2
DA:3,2
DA:4,0
DA:5,0
DA:7,0
DA:8,0
DA:10,0
DA:14,2
LF:8
LH:3
BRF:0
BRH:0
end_of_record
TN:
SF:services\providerService.js
FN:4,(anonymous_0)
FN:22,(anonymous_1)
FN:48,(anonymous_2)
FNF:3
FNH:0
FNDA:0,(anonymous_0)
FNDA:0,(anonymous_1)
FNDA:0,(anonymous_2)
DA:1,2
DA:2,2
DA:4,2
DA:5,0
DA:6,0
DA:17,0
DA:18,0
DA:22,2
DA:23,0
DA:24,0
DA:39,0
DA:40,0
DA:42,0
DA:43,0
DA:48,2
DA:50,0
DA:51,0
DA:52,0
DA:54,0
DA:57,0
DA:58,0
DA:63,2
DA:64,2
DA:65,2
LF:24
LH:8
BRDA:39,0,0,0
BRDA:39,0,1,0
BRF:2
BRH:0
end_of_record
TN:
SF:services\symbolService.js
FN:5,(anonymous_0)
FN:15,(anonymous_1)
FN:24,(anonymous_2)
FNF:3
FNH:1
FNDA:1,(anonymous_0)
FNDA:0,(anonymous_1)
FNDA:0,(anonymous_2)
DA:1,2
DA:2,2
DA:3,2
DA:5,2
DA:6,1
DA:7,1
DA:9,0
DA:10,0
DA:15,2
DA:16,0
DA:17,0
DA:19,0
DA:20,0
DA:24,2
DA:25,0
DA:26,0
DA:28,0
DA:29,0
DA:33,2
DA:34,2
DA:35,2
LF:21
LH:11
BRF:0
BRH:0
end_of_record
TN:
SF:services\tradingDataService.js
FN:4,(anonymous_0)
FNF:1
FNH:0
FNDA:0,(anonymous_0)
DA:1,2
DA:2,2
DA:4,2
DA:6,0
DA:7,0
DA:8,0
DA:9,0
DA:11,0
DA:13,0
DA:14,0
DA:18,2
LF:11
LH:4
BRF:0
BRH:0
end_of_record
TN:
SF:utilities\csvHandler.js
FN:5,(anonymous_0)
FN:10,(anonymous_1)
FN:16,(anonymous_2)
FN:19,(anonymous_3)
FNF:4
FNH:0
FNDA:0,(anonymous_0)
FNDA:0,(anonymous_1)
FNDA:0,(anonymous_2)
FNDA:0,(anonymous_3)
DA:1,3
DA:2,3
DA:3,3
DA:5,3
DA:6,0
DA:8,0
DA:10,0
DA:12,0
DA:13,0
DA:16,0
DA:17,0
DA:19,0
DA:20,0
DA:24,0
DA:26,0
DA:28,0
DA:31,3
LF:17
LH:5
BRF:0
BRH:0
end_of_record
TN:
SF:utilities\fileHandler.js
FNF:0
FNH:0
DA:1,2
DA:2,2
DA:4,2
DA:6,2
LF:4
LH:4
BRF:0
BRH:0
end_of_record
TN:
SF:utilities\priceDataStoreUtility.js
FN:4,(anonymous_0)
FN:17,(anonymous_1)
FN:30,(anonymous_2)
FN:42,(anonymous_3)
FNF:4
FNH:2
FNDA:0,(anonymous_0)
FNDA:16,(anonymous_1)
FNDA:15,(anonymous_2)
FNDA:0,(anonymous_3)
DA:1,3
DA:2,3
DA:4,3
DA:5,0
DA:6,0
DA:17,3
DA:18,16
DA:19,16
DA:30,3
DA:31,15
DA:42,3
DA:43,0
DA:44,0
DA:46,0
DA:48,0
DA:50,0
DA:52,0
DA:55,0
DA:59,3
DA:60,3
DA:61,3
LF:21
LH:12
BRDA:43,0,0,0
BRDA:43,0,1,0
BRDA:44,1,0,0
BRDA:44,1,1,0
BRDA:44,1,2,0
BRDA:44,1,3,0
BRF:6
BRH:0
end_of_record
TN:
SF:utilities\uuidHelper.js
FN:3,(anonymous_0)
FNF:1
FNH:1
FNDA:2,(anonymous_0)
DA:1,3
DA:3,3
DA:4,2
DA:7,3
LF:4
LH:4
BRF:0
BRH:0
end_of_record
TN:
SF:validations\tradingData.js
FNF:0
FNH:0
DA:1,2
DA:3,2
DA:9,2
LF:3
LH:3
BRF:0
BRH:0
end_of_record
