TN:
SF:testapp.js
FNF:0
FNH:0
DA:1,5
DA:9,5
DA:11,5
DA:21,5
DA:22,5
DA:32,5
DA:34,5
DA:37,5
DA:38,5
DA:40,5
DA:41,5
DA:48,5
LF:12
LH:12
BRF:0
BRH:0
end_of_record
TN:
SF:testserver.js
FN:4,(anonymous_0)
FNF:1
FNH:1
FNDA:5,(anonymous_0)
DA:1,5
DA:4,5
DA:6,5
LF:3
LH:3
BRF:0
BRH:0
end_of_record
TN:
SF:controllers\indicatorsController.js
FN:26,(anonymous_0)
FN:91,calculate
FN:143,(anonymous_2)
FN:156,(anonymous_3)
FNF:4
FNH:2
FNDA:2,(anonymous_0)
FNDA:1,calculate
FNDA:0,(anonymous_2)
FNDA:0,(anonymous_3)
DA:17,5
DA:18,5
DA:19,5
DA:20,5
DA:21,5
DA:22,5
DA:26,5
DA:28,2
DA:31,2
DA:32,1
DA:33,1
DA:40,1
DA:43,1
DA:53,1
DA:55,1
DA:57,1
DA:93,1
DA:95,0
DA:98,0
DA:102,0
DA:105,0
DA:110,0
DA:114,0
DA:118,0
DA:121,0
DA:125,0
DA:130,0
DA:133,0
DA:136,1
DA:139,0
DA:143,5
DA:144,0
DA:145,0
DA:146,0
DA:147,0
DA:151,0
DA:152,0
DA:156,5
DA:157,0
DA:158,0
DA:160,0
DA:161,0
DA:162,0
DA:166,0
DA:167,0
DA:171,5
LF:46
LH:21
BRDA:31,0,0,1
BRDA:31,0,1,1
BRDA:31,1,0,2
BRDA:31,1,1,2
BRDA:31,1,2,2
BRDA:31,1,3,1
BRDA:31,1,4,1
BRDA:93,2,0,0
BRDA:93,2,1,0
BRDA:93,2,2,0
BRDA:93,2,3,0
BRDA:93,2,4,0
BRDA:93,2,5,0
BRDA:93,2,6,0
BRDA:93,2,7,0
BRDA:93,2,8,0
BRDA:93,2,9,0
BRDA:93,2,10,0
BRDA:93,2,11,1
BRDA:93,2,12,0
BRDA:147,3,0,0
BRDA:147,3,1,0
BRDA:157,4,0,0
BRDA:157,4,1,0
BRDA:162,5,0,0
BRDA:162,5,1,0
BRF:26
BRH:8
end_of_record
TN:
SF:controllers\providerController.js
FN:4,(anonymous_0)
FN:14,(anonymous_1)
FN:37,(anonymous_2)
FN:46,(anonymous_3)
FNF:4
FNH:2
FNDA:1,(anonymous_0)
FNDA:1,(anonymous_1)
FNDA:0,(anonymous_2)
FNDA:0,(anonymous_3)
DA:2,5
DA:4,5
DA:5,1
DA:6,1
DA:14,5
DA:15,1
DA:16,1
DA:22,1
DA:23,1
DA:29,0
DA:37,5
DA:38,0
DA:39,0
DA:41,0
DA:42,0
DA:44,0
DA:45,0
DA:46,0
DA:47,0
DA:49,0
DA:51,0
DA:54,5
DA:55,5
DA:56,5
LF:24
LH:13
BRDA:16,0,0,0
BRDA:16,0,1,1
BRDA:23,1,0,1
BRDA:23,1,1,0
BRDA:39,2,0,0
BRDA:39,2,1,0
BRDA:42,3,0,0
BRDA:42,3,1,0
BRF:8
BRH:2
end_of_record
TN:
SF:controllers\symbolController.js
FN:3,(anonymous_0)
FN:13,(anonymous_1)
FNF:2
FNH:2
FNDA:1,(anonymous_0)
FNDA:1,(anonymous_1)
DA:1,5
DA:3,5
DA:4,1
DA:5,1
DA:13,5
DA:14,1
DA:15,1
DA:21,1
DA:23,1
DA:31,5
DA:32,5
LF:11
LH:11
BRDA:15,0,0,0
BRDA:15,0,1,1
BRF:2
BRH:1
end_of_record
TN:
SF:controllers\tradingDataController.js
FN:4,(anonymous_0)
FNF:1
FNH:0
FNDA:0,(anonymous_0)
DA:1,5
DA:2,5
DA:4,5
DA:6,0
DA:7,0
DA:9,0
DA:11,0
DA:13,0
DA:14,0
DA:16,0
DA:20,5
LF:11
LH:4
BRDA:7,0,0,0
BRDA:7,0,1,0
BRDA:13,1,0,0
BRDA:13,1,1,0
BRF:4
BRH:0
end_of_record
TN:
SF:controllers\userController.js
FN:10,(anonymous_0)
FN:57,(anonymous_1)
FN:81,(anonymous_2)
FN:105,(anonymous_3)
FN:117,(anonymous_4)
FN:124,(anonymous_5)
FNF:6
FNH:6
FNDA:4,(anonymous_0)
FNDA:3,(anonymous_1)
FNDA:2,(anonymous_2)
FNDA:1,(anonymous_3)
FNDA:4,(anonymous_4)
FNDA:4,(anonymous_5)
DA:1,6
DA:2,6
DA:3,6
DA:5,6
DA:10,6
DA:11,4
DA:14,4
DA:15,1
DA:16,1
DA:20,3
DA:22,3
DA:23,1
DA:24,1
DA:28,2
DA:29,2
DA:32,2
DA:43,2
DA:57,6
DA:58,3
DA:60,3
DA:63,3
DA:64,2
DA:73,1
DA:74,1
DA:81,6
DA:82,2
DA:84,2
DA:85,1
DA:86,1
DA:89,1
DA:92,1
DA:105,6
DA:106,1
DA:113,1
DA:117,6
DA:118,4
DA:124,6
DA:125,4
DA:132,6
LF:39
LH:39
BRDA:14,0,0,1
BRDA:14,0,1,3
BRDA:14,1,0,4
BRDA:14,1,1,4
BRDA:14,1,2,4
BRDA:14,1,3,3
BRDA:14,1,4,3
BRDA:22,2,0,1
BRDA:22,2,1,2
BRDA:63,3,0,2
BRDA:63,3,1,1
BRDA:63,4,0,3
BRDA:63,4,1,3
BRDA:84,5,0,1
BRDA:84,5,1,1
BRF:15
BRH:15
end_of_record
TN:
SF:controllers\watchlistController.js
FN:6,(anonymous_0)
FN:39,(anonymous_1)
FN:68,(anonymous_2)
FNF:3
FNH:3
FNDA:3,(anonymous_0)
FNDA:3,(anonymous_1)
FNDA:1,(anonymous_2)
DA:1,5
DA:2,5
DA:3,5
DA:6,5
DA:8,3
DA:11,3
DA:12,1
DA:13,1
DA:16,2
DA:18,1
DA:19,1
DA:28,1
DA:34,1
DA:39,5
DA:41,3
DA:44,3
DA:45,1
DA:46,1
DA:49,2
DA:50,1
DA:51,1
DA:60,1
DA:68,1
DA:69,1
DA:70,1
DA:81,1
DA:91,5
LF:27
LH:27
BRDA:11,0,0,1
BRDA:11,0,1,2
BRDA:11,1,0,3
BRDA:11,1,1,2
BRDA:16,2,0,1
BRDA:16,2,1,1
BRDA:44,3,0,1
BRDA:44,3,1,2
BRDA:49,4,0,1
BRDA:49,4,1,1
BRF:10
BRH:10
end_of_record
TN:
SF:helper\indicators.js
FN:44,(anonymous_0)
FN:49,(anonymous_1)
FN:53,(anonymous_2)
FN:56,(anonymous_3)
FN:61,(anonymous_4)
FN:63,(anonymous_5)
FN:67,(anonymous_6)
FN:70,(anonymous_7)
FN:75,(anonymous_8)
FN:76,(anonymous_9)
FN:79,(anonymous_10)
FN:85,(anonymous_11)
FN:94,(anonymous_12)
FN:95,(anonymous_13)
FN:99,(anonymous_14)
FN:102,(anonymous_15)
FN:110,(anonymous_16)
FN:111,(anonymous_17)
FN:115,(anonymous_18)
FN:118,(anonymous_19)
FN:124,(anonymous_20)
FN:125,(anonymous_21)
FN:128,(anonymous_22)
FN:134,(anonymous_23)
FN:144,(anonymous_24)
FN:145,(anonymous_25)
FN:149,(anonymous_26)
FN:152,(anonymous_27)
FN:157,(anonymous_28)
FN:160,(anonymous_29)
FN:161,(anonymous_30)
FN:162,(anonymous_31)
FN:165,(anonymous_32)
FN:171,(anonymous_33)
FN:180,(anonymous_34)
FN:183,(anonymous_35)
FN:184,(anonymous_36)
FN:188,(anonymous_37)
FN:191,(anonymous_38)
FN:198,(anonymous_39)
FN:200,(anonymous_40)
FN:204,(anonymous_41)
FN:207,(anonymous_42)
FN:212,(anonymous_43)
FN:214,(anonymous_44)
FN:218,(anonymous_45)
FN:221,(anonymous_46)
FN:226,(anonymous_47)
FN:228,(anonymous_48)
FN:229,(anonymous_49)
FN:233,(anonymous_50)
FN:236,(anonymous_51)
FNF:52
FNH:50
FNDA:1,(anonymous_0)
FNDA:10,(anonymous_1)
FNDA:4,(anonymous_2)
FNDA:10,(anonymous_3)
FNDA:1,(anonymous_4)
FNDA:10,(anonymous_5)
FNDA:0,(anonymous_6)
FNDA:10,(anonymous_7)
FNDA:1,(anonymous_8)
FNDA:10,(anonymous_9)
FNDA:4,(anonymous_10)
FNDA:10,(anonymous_11)
FNDA:1,(anonymous_12)
FNDA:10,(anonymous_13)
FNDA:2,(anonymous_14)
FNDA:10,(anonymous_15)
FNDA:1,(anonymous_16)
FNDA:10,(anonymous_17)
FNDA:3,(anonymous_18)
FNDA:10,(anonymous_19)
FNDA:1,(anonymous_20)
FNDA:10,(anonymous_21)
FNDA:4,(anonymous_22)
FNDA:10,(anonymous_23)
FNDA:1,(anonymous_24)
FNDA:10,(anonymous_25)
FNDA:3,(anonymous_26)
FNDA:10,(anonymous_27)
FNDA:1,(anonymous_28)
FNDA:10,(anonymous_29)
FNDA:10,(anonymous_30)
FNDA:10,(anonymous_31)
FNDA:4,(anonymous_32)
FNDA:10,(anonymous_33)
FNDA:1,(anonymous_34)
FNDA:10,(anonymous_35)
FNDA:10,(anonymous_36)
FNDA:0,(anonymous_37)
FNDA:10,(anonymous_38)
FNDA:1,(anonymous_39)
FNDA:10,(anonymous_40)
FNDA:2,(anonymous_41)
FNDA:10,(anonymous_42)
FNDA:1,(anonymous_43)
FNDA:10,(anonymous_44)
FNDA:3,(anonymous_45)
FNDA:10,(anonymous_46)
FNDA:2,(anonymous_47)
FNDA:10,(anonymous_48)
FNDA:10,(anonymous_49)
FNDA:4,(anonymous_50)
FNDA:10,(anonymous_51)
DA:2,6
DA:3,6
DA:9,6
DA:11,6
DA:14,6
DA:16,6
DA:19,6
DA:21,6
DA:23,6
DA:27,6
DA:31,6
DA:36,6
DA:38,6
DA:41,6
DA:44,6
DA:49,10
DA:50,1
DA:51,1
DA:52,1
DA:53,4
DA:54,1
DA:56,10
DA:58,1
DA:61,6
DA:63,10
DA:64,1
DA:65,1
DA:66,1
DA:67,1
DA:68,1
DA:70,10
DA:72,1
DA:75,6
DA:76,10
DA:77,1
DA:78,1
DA:79,4
DA:81,1
DA:82,1
DA:83,1
DA:85,10
DA:91,1
DA:94,6
DA:95,10
DA:96,1
DA:97,1
DA:98,1
DA:99,2
DA:100,1
DA:102,10
DA:104,1
DA:110,6
DA:111,10
DA:112,1
DA:113,1
DA:114,1
DA:115,3
DA:116,1
DA:118,10
DA:120,1
DA:124,6
DA:125,10
DA:126,1
DA:127,1
DA:128,4
DA:130,1
DA:131,1
DA:132,1
DA:134,10
DA:140,1
DA:144,6
DA:145,10
DA:146,1
DA:147,1
DA:148,1
DA:149,3
DA:150,1
DA:152,10
DA:154,1
DA:157,6
DA:160,10
DA:161,10
DA:162,10
DA:163,1
DA:164,1
DA:165,4
DA:167,1
DA:168,1
DA:171,10
DA:177,1
DA:180,6
DA:183,10
DA:184,10
DA:185,1
DA:186,1
DA:187,1
DA:188,1
DA:189,1
DA:191,10
DA:193,1
DA:198,6
DA:200,10
DA:201,1
DA:202,1
DA:203,1
DA:204,2
DA:205,1
DA:207,10
DA:209,1
DA:212,6
DA:214,10
DA:215,1
DA:216,1
DA:217,1
DA:218,3
DA:219,1
DA:221,10
DA:223,1
DA:226,6
DA:228,10
DA:229,10
DA:230,2
DA:231,2
DA:232,2
DA:233,4
DA:234,2
DA:236,10
DA:238,2
DA:245,6
LF:129
LH:129
BRF:0
BRH:0
end_of_record
TN:
SF:middleware\authMiddleware.js
FN:5,(anonymous_0)
FNF:1
FNH:1
FNDA:9,(anonymous_0)
DA:1,5
DA:2,5
DA:3,5
DA:5,5
DA:8,9
DA:12,8
DA:14,8
DA:16,8
DA:18,7
DA:20,7
DA:24,1
DA:25,1
DA:29,8
DA:30,1
DA:31,1
DA:35,5
LF:16
LH:16
BRDA:8,0,0,8
BRDA:8,0,1,1
BRDA:9,1,0,9
BRDA:9,1,1,9
BRDA:29,2,0,1
BRDA:29,2,1,7
BRF:6
BRH:6
end_of_record
TN:
SF:models\alert.js
FNF:0
FNH:0
DA:1,1
DA:2,1
DA:4,1
DA:45,1
DA:51,1
DA:53,1
DA:54,1
LF:7
LH:7
BRF:0
BRH:0
end_of_record
TN:
SF:models\candleStick.js
FN:40,(anonymous_0)
FNF:1
FNH:1
FNDA:1,(anonymous_0)
DA:1,5
DA:3,5
DA:38,5
DA:40,5
DA:41,1
DA:42,1
DA:44,1
DA:47,5
LF:8
LH:8
BRDA:41,0,0,1
BRDA:41,0,1,0
BRF:2
BRH:1
end_of_record
TN:
SF:models\indicator.js
FNF:0
FNH:0
DA:1,6
DA:3,6
DA:24,6
DA:26,6
DA:27,6
LF:5
LH:5
BRF:0
BRH:0
end_of_record
TN:
SF:models\provider.js
FNF:0
FNH:0
DA:1,7
DA:3,7
DA:25,7
DA:27,7
DA:28,7
LF:5
LH:5
BRF:0
BRH:0
end_of_record
TN:
SF:models\symbol.js
FNF:0
FNH:0
DA:1,6
DA:2,6
DA:4,6
DA:26,6
DA:28,6
DA:29,6
LF:6
LH:6
BRF:0
BRH:0
end_of_record
TN:
SF:models\user.js
FNF:0
FNH:0
DA:1,8
DA:3,8
DA:66,8
DA:68,8
DA:69,8
LF:5
LH:5
BRF:0
BRH:0
end_of_record
TN:
SF:routes\indicators.js
FNF:0
FNH:0
DA:1,5
DA:2,5
DA:4,5
DA:6,5
DA:11,5
LF:5
LH:5
BRF:0
BRH:0
end_of_record
TN:
SF:routes\provider.js
FNF:0
FNH:0
DA:1,5
DA:2,5
DA:4,5
DA:6,5
DA:7,5
DA:8,5
DA:10,5
LF:7
LH:7
BRF:0
BRH:0
end_of_record
TN:
SF:routes\symbol.js
FNF:0
FNH:0
DA:1,5
DA:2,5
DA:4,5
DA:6,5
DA:7,5
DA:9,5
LF:6
LH:6
BRF:0
BRH:0
end_of_record
TN:
SF:routes\tradingData.js
FNF:0
FNH:0
DA:1,5
DA:2,5
DA:3,5
DA:5,5
DA:8,5
LF:5
LH:5
BRF:0
BRH:0
end_of_record
TN:
SF:routes\userRoutes.js
FNF:0
FNH:0
DA:2,5
DA:3,5
DA:9,5
DA:11,5
DA:15,5
DA:17,5
DA:20,5
DA:23,5
DA:25,5
LF:9
LH:9
BRF:0
BRH:0
end_of_record
TN:
SF:routes\watchlist.js
FNF:0
FNH:0
DA:2,5
DA:3,5
DA:7,5
DA:9,5
DA:13,5
DA:14,5
DA:17,5
LF:7
LH:7
BRF:0
BRH:0
end_of_record
TN:
SF:services\indicatorService.js
FN:3,(anonymous_0)
FN:12,(anonymous_1)
FNF:2
FNH:0
FNDA:0,(anonymous_0)
FNDA:0,(anonymous_1)
DA:2,5
DA:3,5
DA:4,0
DA:5,0
DA:7,0
DA:8,0
DA:12,5
DA:13,0
DA:14,0
DA:16,0
DA:17,0
DA:21,5
LF:12
LH:4
BRF:0
BRH:0
end_of_record
TN:
SF:services\providerService.js
FN:4,(anonymous_0)
FN:22,(anonymous_1)
FN:48,(anonymous_2)
FNF:3
FNH:2
FNDA:1,(anonymous_0)
FNDA:1,(anonymous_1)
FNDA:0,(anonymous_2)
DA:1,5
DA:2,5
DA:4,5
DA:5,1
DA:6,1
DA:17,0
DA:18,0
DA:22,5
DA:23,1
DA:24,1
DA:39,1
DA:40,0
DA:42,0
DA:43,0
DA:48,5
DA:50,0
DA:51,0
DA:52,0
DA:54,0
DA:57,0
DA:58,0
DA:63,5
DA:64,5
DA:65,5
LF:24
LH:13
BRDA:39,0,0,1
BRDA:39,0,1,0
BRF:2
BRH:1
end_of_record
TN:
SF:services\symbolService.js
FN:5,(anonymous_0)
FN:15,(anonymous_1)
FN:24,(anonymous_2)
FNF:3
FNH:3
FNDA:2,(anonymous_0)
FNDA:1,(anonymous_1)
FNDA:1,(anonymous_2)
DA:1,5
DA:2,5
DA:3,5
DA:5,5
DA:6,2
DA:7,2
DA:9,0
DA:10,0
DA:15,5
DA:16,1
DA:17,1
DA:19,0
DA:20,0
DA:24,5
DA:25,1
DA:26,1
DA:28,0
DA:29,0
DA:33,5
DA:34,5
DA:35,5
LF:21
LH:15
BRF:0
BRH:0
end_of_record
TN:
SF:services\tradingDataService.js
FN:4,(anonymous_0)
FNF:1
FNH:0
FNDA:0,(anonymous_0)
DA:1,5
DA:2,5
DA:4,5
DA:6,0
DA:7,0
DA:8,0
DA:9,0
DA:11,0
DA:13,0
DA:14,0
DA:18,5
LF:11
LH:4
BRF:0
BRH:0
end_of_record
TN:
SF:utilities\csvHandler.js
FN:5,(anonymous_0)
FN:10,(anonymous_1)
FN:16,(anonymous_2)
FN:19,(anonymous_3)
FNF:4
FNH:0
FNDA:0,(anonymous_0)
FNDA:0,(anonymous_1)
FNDA:0,(anonymous_2)
FNDA:0,(anonymous_3)
DA:1,1
DA:2,1
DA:3,1
DA:5,1
DA:6,0
DA:8,0
DA:10,0
DA:12,0
DA:13,0
DA:16,0
DA:17,0
DA:19,0
DA:20,0
DA:24,0
DA:26,0
DA:28,0
DA:31,1
LF:17
LH:5
BRF:0
BRH:0
end_of_record
TN:
SF:utilities\priceDataStoreUtility.js
FN:4,(anonymous_0)
FN:17,(anonymous_1)
FN:30,(anonymous_2)
FN:42,(anonymous_3)
FNF:4
FNH:3
FNDA:15,(anonymous_0)
FNDA:16,(anonymous_1)
FNDA:15,(anonymous_2)
FNDA:0,(anonymous_3)
DA:1,1
DA:2,1
DA:4,1
DA:5,15
DA:6,15
DA:17,1
DA:18,16
DA:19,16
DA:30,1
DA:31,15
DA:42,1
DA:43,0
DA:44,0
DA:46,0
DA:48,0
DA:50,0
DA:52,0
DA:55,0
DA:59,1
DA:60,1
DA:61,1
DA:62,1
LF:22
LH:15
BRDA:43,0,0,0
BRDA:43,0,1,0
BRDA:44,1,0,0
BRDA:44,1,1,0
BRDA:44,1,2,0
BRDA:44,1,3,0
BRF:6
BRH:0
end_of_record
TN:
SF:utilities\uuidHelper.js
FN:3,(anonymous_0)
FNF:1
FNH:1
FNDA:2,(anonymous_0)
DA:1,1
DA:3,1
DA:4,2
DA:7,1
LF:4
LH:4
BRF:0
BRH:0
end_of_record
TN:
SF:validations\tradingData.js
FNF:0
FNH:0
DA:1,5
DA:3,5
DA:9,5
LF:3
LH:3
BRF:0
BRH:0
end_of_record
